#
# There is insufficient memory for the Java Runtime Environment to continue.
# Native memory allocation (mmap) failed to map 46137344 bytes for Failed to commit area from 0x000000008d800000 to 0x0000000090400000 of length 46137344.
# Possible reasons:
#   The system is out of physical RAM or swap space
#   The process is running with CompressedOops enabled, and the Java Heap may be blocking the growth of the native heap
# Possible solutions:
#   Reduce memory load on the system
#   Increase physical memory or swap space
#   Check if swap backing store is full
#   Decrease Java heap size (-Xmx/-Xms)
#   Decrease number of Java threads
#   Decrease Java thread stack sizes (-Xss)
#   Set larger code cache with -XX:ReservedCodeCacheSize=
#   JVM is running with Unscaled Compressed Oops mode in which the Java heap is
#     placed in the first 4GB address space. The Java Heap base address is the
#     maximum limit for the native heap growth. Please use -XX:HeapBaseMinAddress
#     to set the Java Heap base and to place the Java Heap above 4GB virtual address.
# This output file may be truncated or incomplete.
#
#  Out of Memory Error (./src/hotspot/os/windows/os_windows.cpp:3301), pid=10080, tid=17484
#
# JRE version: OpenJDK Runtime Environment (11.0.11+9) (build 11.0.11+9-b60-7590822)
# Java VM: OpenJDK 64-Bit Server VM (11.0.11+9-b60-7590822, mixed mode, tiered, compressed oops, g1 gc, windows-amd64)
# No core dump will be written. Minidumps are not enabled by default on client versions of Windows
#

---------------  S U M M A R Y ------------

Command Line: --add-opens=java.base/java.util=ALL-UNNAMED --add-opens=java.base/java.lang=ALL-UNNAMED --add-opens=java.base/java.lang.invoke=ALL-UNNAMED --add-opens=java.base/java.util=ALL-UNNAMED --add-opens=java.prefs/java.util.prefs=ALL-UNNAMED --add-opens=java.prefs/java.util.prefs=ALL-UNNAMED --add-opens=java.base/java.nio.charset=ALL-UNNAMED --add-opens=java.base/java.net=ALL-UNNAMED --add-opens=java.base/java.util.concurrent.atomic=ALL-UNNAMED -Xmx2048m -Dfile.encoding=UTF-8 -Duser.country=RU -Duser.language=ru -Duser.variant org.gradle.launcher.daemon.bootstrap.GradleDaemon 7.2

Host: AMD Ryzen 5 3500U with Radeon Vega Mobile Gfx  , 8 cores, 6G,  Windows 10 , 64 bit Build 19041 (10.0.19041.1645)
Time: Fri May 20 20:30:00 2022 RTZ 2 (зима) elapsed time: 21.848159 seconds (0d 0h 0m 21s)

---------------  T H R E A D  ---------------

Current thread (0x00000197dee76000):  VMThread "VM Thread" [stack: 0x0000008483d00000,0x0000008483e00000] [id=17484]

Stack: [0x0000008483d00000,0x0000008483e00000]
[error occurred during error reporting (printing stack bounds), id 0xc0000005, EXCEPTION_ACCESS_VIOLATION (0xc0000005) at pc=0x00000197c8500f2d]

Native frames: (J=compiled Java code, j=interpreted, Vv=VM code, C=native code)
V  [jvm.dll+0x5f214a]
V  [jvm.dll+0x726fb5]
V  [jvm.dll+0x7285cd]
V  [jvm.dll+0x728be5]
V  [jvm.dll+0x728b9b]
V  [jvm.dll+0x5f14e8]
V  [jvm.dll+0x5f1c78]
C  [ntdll.dll+0xa20cf]
C  [ntdll.dll+0x51454]
C  [ntdll.dll+0xa0bfe]
C  0x00000197c8500f2d

VM_Operation (0x0000008489cfcbf0): G1CollectForAllocation, mode: safepoint, requested by thread 0x00000197e6186800


---------------  P R O C E S S  ---------------

Threads class SMR info:
_java_thread_list=0x00000197e52cc630, length=134, elements={
0x00000197c49fa800, 0x00000197dee78800, 0x00000197dee7e000, 0x00000197dee9b800,
0x00000197dee9d000, 0x00000197deea0000, 0x00000197deea1800, 0x00000197deea5000,
0x00000197deeab000, 0x00000197df982000, 0x00000197e26fd800, 0x00000197e03bf800,
0x00000197e1a22000, 0x00000197e2c80800, 0x00000197e0b03000, 0x00000197e11a2800,
0x00000197e24be800, 0x00000197e095e800, 0x00000197e1353000, 0x00000197e1bd0000,
0x00000197e1bd0800, 0x00000197e1bd1800, 0x00000197e1bcb800, 0x00000197e22e1000,
0x00000197e1bd2800, 0x00000197e1bcc800, 0x00000197e1bcd800, 0x00000197e1bce000,
0x00000197e1bcf000, 0x00000197e0f15000, 0x00000197e0f14000, 0x00000197e0f10000,
0x00000197e0f11800, 0x00000197e0f12800, 0x00000197e0f13800, 0x00000197e0f15800,
0x00000197e3ada000, 0x00000197e3ad8800, 0x00000197e3ad6800, 0x00000197e3ada800,
0x00000197e3ad5000, 0x00000197e3ad9000, 0x00000197e3adb800, 0x00000197e3ad6000,
0x00000197e3ad7800, 0x00000197e696a000, 0x00000197e6970800, 0x00000197e696b000,
0x00000197e696d000, 0x00000197e696b800, 0x00000197e696c800, 0x00000197e696f000,
0x00000197e696e000, 0x00000197e696f800, 0x00000197e2eed000, 0x00000197e2ef0000,
0x00000197e2eea800, 0x00000197e2eec000, 0x00000197e2eed800, 0x00000197e2ef1000,
0x00000197e2eee800, 0x00000197e2eef000, 0x00000197e2eeb000, 0x00000197e2ef3800,
0x00000197e2ef7800, 0x00000197e2ef4000, 0x00000197e2ef5000, 0x00000197e2ef6000,
0x00000197e2ef6800, 0x00000197e2ef1800, 0x00000197e2ef8000, 0x00000197e2ef2800,
0x00000197e2ef9000, 0x00000197e617d800, 0x00000197e617c000, 0x00000197e6179800,
0x00000197e617e800, 0x00000197e617f000, 0x00000197e617a800, 0x00000197e6180000,
0x00000197e6181000, 0x00000197e617b000, 0x00000197e6181800, 0x00000197e6182800,
0x00000197e617d000, 0x00000197e6186800, 0x00000197e6185000, 0x00000197e6183800,
0x00000197e6188000, 0x00000197e6185800, 0x00000197e6184000, 0x00000197e6187800,
0x00000197e6958000, 0x00000197e6952000, 0x00000197e6955800, 0x00000197e6958800,
0x00000197e6956000, 0x00000197e6953000, 0x00000197e6957000, 0x00000197e6959800,
0x00000197e6953800, 0x00000197e695a000, 0x00000197e6954800, 0x00000197e6960000,
0x00000197e695e800, 0x00000197e695f000, 0x00000197e695c000, 0x00000197e6961000,
0x00000197e695b000, 0x00000197e695c800, 0x00000197e695d800, 0x00000197e67d9800,
0x00000197e67da000, 0x00000197e67d5000, 0x00000197e67d8800, 0x00000197e67db000,
0x00000197e67dc000, 0x00000197e67d7000, 0x00000197e67d6000, 0x00000197e67dd800,
0x00000197e67dc800, 0x00000197e67d7800, 0x00000197e67de000, 0x00000197e67e1800,
0x00000197e67e0800, 0x00000197e67e0000, 0x00000197e67df000, 0x00000197e67e2800,
0x00000197e67e3000, 0x00000197e54d7000, 0x00000197e54d9800, 0x00000197e54da800,
0x00000197e54d8800, 0x00000197e54d8000
}

Java Threads: ( => current thread )
  0x00000197c49fa800 JavaThread "main" [_thread_blocked, id=16932, stack(0x0000008483700000,0x0000008483800000)]
  0x00000197dee78800 JavaThread "Reference Handler" daemon [_thread_blocked, id=5136, stack(0x0000008483e00000,0x0000008483f00000)]
  0x00000197dee7e000 JavaThread "Finalizer" daemon [_thread_blocked, id=10388, stack(0x0000008483f00000,0x0000008484000000)]
  0x00000197dee9b800 JavaThread "Signal Dispatcher" daemon [_thread_blocked, id=17096, stack(0x0000008484000000,0x0000008484100000)]
  0x00000197dee9d000 JavaThread "Attach Listener" daemon [_thread_blocked, id=7092, stack(0x0000008484100000,0x0000008484200000)]
  0x00000197deea0000 JavaThread "Service Thread" daemon [_thread_blocked, id=18628, stack(0x0000008484200000,0x0000008484300000)]
  0x00000197deea1800 JavaThread "C2 CompilerThread0" daemon [_thread_in_native, id=3536, stack(0x0000008484300000,0x0000008484400000)]
  0x00000197deea5000 JavaThread "C1 CompilerThread0" daemon [_thread_blocked, id=18284, stack(0x0000008484400000,0x0000008484500000)]
  0x00000197deeab000 JavaThread "Sweeper thread" daemon [_thread_blocked, id=12196, stack(0x0000008484500000,0x0000008484600000)]
  0x00000197df982000 JavaThread "Common-Cleaner" daemon [_thread_blocked, id=20052, stack(0x0000008484600000,0x0000008484700000)]
  0x00000197e26fd800 JavaThread "Daemon health stats" [_thread_blocked, id=20548, stack(0x0000008484b00000,0x0000008484c00000)]
  0x00000197e03bf800 JavaThread "Incoming local TCP Connector on port 60606" [_thread_in_native, id=13892, stack(0x0000008484800000,0x0000008484900000)]
  0x00000197e1a22000 JavaThread "Daemon periodic checks" [_thread_blocked, id=18152, stack(0x0000008484a00000,0x0000008484b00000)]
  0x00000197e2c80800 JavaThread "Daemon" [_thread_blocked, id=8392, stack(0x0000008484c00000,0x0000008484d00000)]
  0x00000197e0b03000 JavaThread "Handler for socket connection from /127.0.0.1:60606 to /127.0.0.1:60607" [_thread_in_native, id=19216, stack(0x0000008484d00000,0x0000008484e00000)]
  0x00000197e11a2800 JavaThread "Cancel handler" [_thread_blocked, id=15820, stack(0x0000008484e00000,0x0000008484f00000)]
  0x00000197e24be800 JavaThread "Daemon worker" [_thread_blocked, id=18344, stack(0x0000008484f00000,0x0000008485000000)]
  0x00000197e095e800 JavaThread "Asynchronous log dispatcher for DefaultDaemonConnection: socket connection from /127.0.0.1:60606 to /127.0.0.1:60607" [_thread_blocked, id=17924, stack(0x0000008485600000,0x0000008485700000)]
  0x00000197e1353000 JavaThread "Stdin handler" [_thread_blocked, id=21132, stack(0x0000008485700000,0x0000008485800000)]
  0x00000197e1bd0000 JavaThread "Daemon client event forwarder" [_thread_blocked, id=17732, stack(0x0000008485800000,0x0000008485900000)]
  0x00000197e1bd0800 JavaThread "Cache worker for journal cache (C:\Users\Kiko\.gradle\caches\journal-1)" [_thread_blocked, id=14384, stack(0x0000008485900000,0x0000008485a00000)]
  0x00000197e1bd1800 JavaThread "File lock request listener" [_thread_in_native, id=7464, stack(0x0000008485a00000,0x0000008485b00000)]
  0x00000197e1bcb800 JavaThread "Cache worker for file hash cache (C:\Users\Kiko\.gradle\caches\7.2\fileHashes)" [_thread_blocked, id=18920, stack(0x0000008485b00000,0x0000008485c00000)]
  0x00000197e22e1000 JavaThread "C2 CompilerThread1" daemon [_thread_blocked, id=16880, stack(0x0000008485d00000,0x0000008485e00000)]
  0x00000197e1bd2800 JavaThread "Cache worker for file hash cache (D:\Work\AStudio\UWidget\.gradle\7.2\fileHashes)" [_thread_blocked, id=12836, stack(0x0000008485e00000,0x0000008485f00000)]
  0x00000197e1bcc800 JavaThread "File watcher server" daemon [_thread_blocked, id=9564, stack(0x0000008485f00000,0x0000008486000000)]
  0x00000197e1bcd800 JavaThread "File watcher consumer" daemon [_thread_blocked, id=7184, stack(0x0000008486000000,0x0000008486100000)]
  0x00000197e1bce000 JavaThread "Cache worker for checksums cache (D:\Work\AStudio\UWidget\.gradle\checksums)" [_thread_blocked, id=4580, stack(0x0000008486100000,0x0000008486200000)]
  0x00000197e1bcf000 JavaThread "Cache worker for cache directory md-supplier (C:\Users\Kiko\.gradle\caches\7.2\md-supplier)" [_thread_blocked, id=8012, stack(0x0000008486200000,0x0000008486300000)]
  0x00000197e0f15000 JavaThread "Cache worker for cache directory md-rule (C:\Users\Kiko\.gradle\caches\7.2\md-rule)" [_thread_blocked, id=8732, stack(0x0000008486400000,0x0000008486500000)]
  0x00000197e0f14000 JavaThread "Cache worker for execution history cache (C:\Users\Kiko\.gradle\caches\7.2\executionHistory)" [_thread_blocked, id=19588, stack(0x0000008486500000,0x0000008486600000)]
  0x00000197e0f10000 JavaThread "jar transforms" [_thread_blocked, id=20368, stack(0x0000008486600000,0x0000008486700000)]
  0x00000197e0f11800 JavaThread "Cache worker for file content cache (C:\Users\Kiko\.gradle\caches\7.2\fileContent)" [_thread_blocked, id=11456, stack(0x0000008486700000,0x0000008486800000)]
  0x00000197e0f12800 JavaThread "jar transforms Thread 2" [_thread_blocked, id=13244, stack(0x0000008486800000,0x0000008486900000)]
  0x00000197e0f13800 JavaThread "Cache worker for dependencies-accessors (D:\Work\AStudio\UWidget\.gradle\7.2\dependencies-accessors)" [_thread_blocked, id=1080, stack(0x0000008486900000,0x0000008486a00000)]
  0x00000197e0f15800 JavaThread "jar transforms Thread 3" [_thread_blocked, id=19092, stack(0x0000008486a00000,0x0000008486b00000)]
  0x00000197e3ada000 JavaThread "Cache worker for Build Output Cleanup Cache (D:\Work\AStudio\UWidget\.gradle\buildOutputCleanup)" [_thread_blocked, id=19796, stack(0x0000008486300000,0x0000008486400000)]
  0x00000197e3ad8800 JavaThread "Unconstrained build operations" [_thread_blocked, id=17964, stack(0x0000008486c00000,0x0000008486d00000)]
  0x00000197e3ad6800 JavaThread "Unconstrained build operations Thread 2" [_thread_blocked, id=11816, stack(0x0000008486d00000,0x0000008486e00000)]
  0x00000197e3ada800 JavaThread "Unconstrained build operations Thread 3" [_thread_blocked, id=1636, stack(0x0000008486e00000,0x0000008486f00000)]
  0x00000197e3ad5000 JavaThread "Unconstrained build operations Thread 4" [_thread_blocked, id=9428, stack(0x0000008486f00000,0x0000008487000000)]
  0x00000197e3ad9000 JavaThread "Unconstrained build operations Thread 5" [_thread_blocked, id=11496, stack(0x0000008487000000,0x0000008487100000)]
  0x00000197e3adb800 JavaThread "Unconstrained build operations Thread 6" [_thread_blocked, id=19800, stack(0x0000008487100000,0x0000008487200000)]
  0x00000197e3ad6000 JavaThread "Unconstrained build operations Thread 7" [_thread_blocked, id=16220, stack(0x0000008487200000,0x0000008487300000)]
  0x00000197e3ad7800 JavaThread "Unconstrained build operations Thread 8" [_thread_blocked, id=8172, stack(0x0000008487300000,0x0000008487400000)]
  0x00000197e696a000 JavaThread "Unconstrained build operations Thread 9" [_thread_blocked, id=21008, stack(0x0000008487400000,0x0000008487500000)]
  0x00000197e6970800 JavaThread "Unconstrained build operations Thread 10" [_thread_blocked, id=15064, stack(0x0000008487500000,0x0000008487600000)]
  0x00000197e696b000 JavaThread "Unconstrained build operations Thread 11" [_thread_blocked, id=21128, stack(0x0000008487600000,0x0000008487700000)]
  0x00000197e696d000 JavaThread "Unconstrained build operations Thread 12" [_thread_blocked, id=4092, stack(0x0000008487700000,0x0000008487800000)]
  0x00000197e696b800 JavaThread "Unconstrained build operations Thread 13" [_thread_blocked, id=19120, stack(0x0000008487800000,0x0000008487900000)]
  0x00000197e696c800 JavaThread "Unconstrained build operations Thread 14" [_thread_blocked, id=11196, stack(0x0000008487900000,0x0000008487a00000)]
  0x00000197e696f000 JavaThread "Unconstrained build operations Thread 15" [_thread_blocked, id=20200, stack(0x0000008487a00000,0x0000008487b00000)]
  0x00000197e696e000 JavaThread "Unconstrained build operations Thread 16" [_thread_blocked, id=16928, stack(0x0000008487b00000,0x0000008487c00000)]
  0x00000197e696f800 JavaThread "Unconstrained build operations Thread 17" [_thread_blocked, id=580, stack(0x0000008487c00000,0x0000008487d00000)]
  0x00000197e2eed000 JavaThread "Unconstrained build operations Thread 18" [_thread_blocked, id=10456, stack(0x0000008487d00000,0x0000008487e00000)]
  0x00000197e2ef0000 JavaThread "Unconstrained build operations Thread 19" [_thread_blocked, id=14988, stack(0x0000008487e00000,0x0000008487f00000)]
  0x00000197e2eea800 JavaThread "Unconstrained build operations Thread 20" [_thread_blocked, id=19652, stack(0x0000008487f00000,0x0000008488000000)]
  0x00000197e2eec000 JavaThread "Unconstrained build operations Thread 21" [_thread_blocked, id=20044, stack(0x0000008488000000,0x0000008488100000)]
  0x00000197e2eed800 JavaThread "Unconstrained build operations Thread 22" [_thread_blocked, id=21300, stack(0x0000008488100000,0x0000008488200000)]
  0x00000197e2ef1000 JavaThread "Unconstrained build operations Thread 23" [_thread_blocked, id=16040, stack(0x0000008488200000,0x0000008488300000)]
  0x00000197e2eee800 JavaThread "Unconstrained build operations Thread 24" [_thread_blocked, id=17896, stack(0x0000008488300000,0x0000008488400000)]
  0x00000197e2eef000 JavaThread "Unconstrained build operations Thread 25" [_thread_blocked, id=18076, stack(0x0000008488400000,0x0000008488500000)]
  0x00000197e2eeb000 JavaThread "Unconstrained build operations Thread 26" [_thread_blocked, id=18752, stack(0x0000008488500000,0x0000008488600000)]
  0x00000197e2ef3800 JavaThread "Unconstrained build operations Thread 27" [_thread_blocked, id=12416, stack(0x0000008488600000,0x0000008488700000)]
  0x00000197e2ef7800 JavaThread "Unconstrained build operations Thread 28" [_thread_blocked, id=20184, stack(0x0000008488700000,0x0000008488800000)]
  0x00000197e2ef4000 JavaThread "Unconstrained build operations Thread 29" [_thread_blocked, id=8912, stack(0x0000008488800000,0x0000008488900000)]
  0x00000197e2ef5000 JavaThread "Unconstrained build operations Thread 30" [_thread_blocked, id=20652, stack(0x0000008488900000,0x0000008488a00000)]
  0x00000197e2ef6000 JavaThread "Unconstrained build operations Thread 31" [_thread_blocked, id=15044, stack(0x0000008488a00000,0x0000008488b00000)]
  0x00000197e2ef6800 JavaThread "Unconstrained build operations Thread 32" [_thread_blocked, id=20212, stack(0x0000008488b00000,0x0000008488c00000)]
  0x00000197e2ef1800 JavaThread "Unconstrained build operations Thread 33" [_thread_blocked, id=19516, stack(0x0000008488c00000,0x0000008488d00000)]
  0x00000197e2ef8000 JavaThread "Unconstrained build operations Thread 34" [_thread_blocked, id=18476, stack(0x0000008488d00000,0x0000008488e00000)]
  0x00000197e2ef2800 JavaThread "Unconstrained build operations Thread 35" [_thread_blocked, id=13088, stack(0x0000008488e00000,0x0000008488f00000)]
  0x00000197e2ef9000 JavaThread "Unconstrained build operations Thread 36" [_thread_blocked, id=17092, stack(0x0000008488f00000,0x0000008489000000)]
  0x00000197e617d800 JavaThread "Unconstrained build operations Thread 37" [_thread_blocked, id=11824, stack(0x0000008489000000,0x0000008489100000)]
  0x00000197e617c000 JavaThread "Unconstrained build operations Thread 38" [_thread_blocked, id=4480, stack(0x0000008489100000,0x0000008489200000)]
  0x00000197e6179800 JavaThread "Unconstrained build operations Thread 39" [_thread_blocked, id=11852, stack(0x0000008489200000,0x0000008489300000)]
  0x00000197e617e800 JavaThread "Unconstrained build operations Thread 40" [_thread_blocked, id=9628, stack(0x0000008489300000,0x0000008489400000)]
  0x00000197e617f000 JavaThread "Unconstrained build operations Thread 41" [_thread_blocked, id=9116, stack(0x0000008489400000,0x0000008489500000)]
  0x00000197e617a800 JavaThread "Unconstrained build operations Thread 42" [_thread_blocked, id=5588, stack(0x0000008489500000,0x0000008489600000)]
  0x00000197e6180000 JavaThread "Unconstrained build operations Thread 43" [_thread_blocked, id=10452, stack(0x0000008489600000,0x0000008489700000)]
  0x00000197e6181000 JavaThread "Unconstrained build operations Thread 44" [_thread_blocked, id=20928, stack(0x0000008489700000,0x0000008489800000)]
  0x00000197e617b000 JavaThread "Unconstrained build operations Thread 45" [_thread_blocked, id=8096, stack(0x0000008489800000,0x0000008489900000)]
  0x00000197e6181800 JavaThread "Unconstrained build operations Thread 46" [_thread_blocked, id=10056, stack(0x0000008489900000,0x0000008489a00000)]
  0x00000197e6182800 JavaThread "Unconstrained build operations Thread 47" [_thread_blocked, id=10088, stack(0x0000008489a00000,0x0000008489b00000)]
  0x00000197e617d000 JavaThread "Unconstrained build operations Thread 48" [_thread_blocked, id=10672, stack(0x0000008489b00000,0x0000008489c00000)]
  0x00000197e6186800 JavaThread "Unconstrained build operations Thread 49" [_thread_blocked, id=17228, stack(0x0000008489c00000,0x0000008489d00000)]
  0x00000197e6185000 JavaThread "Unconstrained build operations Thread 50" [_thread_blocked, id=17568, stack(0x0000008489d00000,0x0000008489e00000)]
  0x00000197e6183800 JavaThread "Unconstrained build operations Thread 51" [_thread_blocked, id=15968, stack(0x0000008489e00000,0x0000008489f00000)]
  0x00000197e6188000 JavaThread "Unconstrained build operations Thread 52" [_thread_blocked, id=13564, stack(0x0000008489f00000,0x000000848a000000)]
  0x00000197e6185800 JavaThread "Unconstrained build operations Thread 53" [_thread_blocked, id=15420, stack(0x000000848a000000,0x000000848a100000)]
  0x00000197e6184000 JavaThread "Unconstrained build operations Thread 54" [_thread_blocked, id=16772, stack(0x000000848a100000,0x000000848a200000)]
  0x00000197e6187800 JavaThread "Unconstrained build operations Thread 55" [_thread_blocked, id=20424, stack(0x000000848a200000,0x000000848a300000)]
  0x00000197e6958000 JavaThread "Unconstrained build operations Thread 56" [_thread_blocked, id=13412, stack(0x000000848a300000,0x000000848a400000)]
  0x00000197e6952000 JavaThread "Unconstrained build operations Thread 57" [_thread_blocked, id=18364, stack(0x000000848a400000,0x000000848a500000)]
  0x00000197e6955800 JavaThread "Unconstrained build operations Thread 58" [_thread_blocked, id=17304, stack(0x000000848a500000,0x000000848a600000)]
  0x00000197e6958800 JavaThread "Unconstrained build operations Thread 59" [_thread_blocked, id=792, stack(0x000000848a600000,0x000000848a700000)]
  0x00000197e6956000 JavaThread "Unconstrained build operations Thread 60" [_thread_blocked, id=6520, stack(0x000000848a700000,0x000000848a800000)]
  0x00000197e6953000 JavaThread "Unconstrained build operations Thread 61" [_thread_blocked, id=21432, stack(0x000000848a800000,0x000000848a900000)]
  0x00000197e6957000 JavaThread "Unconstrained build operations Thread 62" [_thread_blocked, id=9360, stack(0x000000848a900000,0x000000848aa00000)]
  0x00000197e6959800 JavaThread "Unconstrained build operations Thread 63" [_thread_blocked, id=2452, stack(0x000000848aa00000,0x000000848ab00000)]
  0x00000197e6953800 JavaThread "Unconstrained build operations Thread 64" [_thread_blocked, id=14644, stack(0x000000848ab00000,0x000000848ac00000)]
  0x00000197e695a000 JavaThread "Unconstrained build operations Thread 65" [_thread_blocked, id=8780, stack(0x000000848ac00000,0x000000848ad00000)]
  0x00000197e6954800 JavaThread "Unconstrained build operations Thread 66" [_thread_blocked, id=13668, stack(0x000000848ad00000,0x000000848ae00000)]
  0x00000197e6960000 JavaThread "Unconstrained build operations Thread 67" [_thread_blocked, id=1928, stack(0x000000848ae00000,0x000000848af00000)]
  0x00000197e695e800 JavaThread "Unconstrained build operations Thread 68" [_thread_blocked, id=14144, stack(0x000000848af00000,0x000000848b000000)]
  0x00000197e695f000 JavaThread "Unconstrained build operations Thread 69" [_thread_blocked, id=3228, stack(0x000000848b000000,0x000000848b100000)]
  0x00000197e695c000 JavaThread "Unconstrained build operations Thread 70" [_thread_blocked, id=16648, stack(0x000000848b100000,0x000000848b200000)]
  0x00000197e6961000 JavaThread "Unconstrained build operations Thread 71" [_thread_blocked, id=12588, stack(0x000000848b200000,0x000000848b300000)]
  0x00000197e695b000 JavaThread "Unconstrained build operations Thread 72" [_thread_blocked, id=9316, stack(0x000000848b300000,0x000000848b400000)]
  0x00000197e695c800 JavaThread "Unconstrained build operations Thread 73" [_thread_blocked, id=17444, stack(0x000000848b400000,0x000000848b500000)]
  0x00000197e695d800 JavaThread "Unconstrained build operations Thread 74" [_thread_blocked, id=20764, stack(0x000000848b500000,0x000000848b600000)]
  0x00000197e67d9800 JavaThread "Unconstrained build operations Thread 75" [_thread_blocked, id=11760, stack(0x000000848b600000,0x000000848b700000)]
  0x00000197e67da000 JavaThread "Unconstrained build operations Thread 76" [_thread_blocked, id=17148, stack(0x000000848b700000,0x000000848b800000)]
  0x00000197e67d5000 JavaThread "Unconstrained build operations Thread 77" [_thread_blocked, id=16568, stack(0x000000848b800000,0x000000848b900000)]
  0x00000197e67d8800 JavaThread "Unconstrained build operations Thread 78" [_thread_blocked, id=8336, stack(0x000000848b900000,0x000000848ba00000)]
  0x00000197e67db000 JavaThread "Unconstrained build operations Thread 79" [_thread_blocked, id=17512, stack(0x000000848ba00000,0x000000848bb00000)]
  0x00000197e67dc000 JavaThread "Unconstrained build operations Thread 80" [_thread_blocked, id=21060, stack(0x000000848bb00000,0x000000848bc00000)]
  0x00000197e67d7000 JavaThread "jar transforms Thread 4" [_thread_blocked, id=2532, stack(0x000000848bc00000,0x000000848bd00000)]
  0x00000197e67d6000 JavaThread "jar transforms Thread 5" [_thread_blocked, id=4772, stack(0x000000848bd00000,0x000000848be00000)]
  0x00000197e67dd800 JavaThread "jar transforms Thread 6" [_thread_blocked, id=18836, stack(0x000000848be00000,0x000000848bf00000)]
  0x00000197e67dc800 JavaThread "jar transforms Thread 7" [_thread_blocked, id=10648, stack(0x000000848bf00000,0x000000848c000000)]
  0x00000197e67d7800 JavaThread "jar transforms Thread 8" [_thread_blocked, id=19072, stack(0x000000848c000000,0x000000848c100000)]
  0x00000197e67de000 JavaThread "Memory manager" [_thread_blocked, id=19312, stack(0x0000008486b00000,0x0000008486c00000)]
  0x00000197e67e1800 JavaThread "build event listener" [_thread_blocked, id=13616, stack(0x000000848c100000,0x000000848c200000)]
  0x00000197e67e0800 JavaThread "Execution worker for ':'" [_thread_blocked, id=18780, stack(0x000000848c200000,0x000000848c300000)]
  0x00000197e67e0000 JavaThread "Execution worker for ':' Thread 2" [_thread_blocked, id=17152, stack(0x000000848c300000,0x000000848c400000)]
  0x00000197e67df000 JavaThread "Execution worker for ':' Thread 3" [_thread_blocked, id=19884, stack(0x000000848c400000,0x000000848c500000)]
  0x00000197e67e2800 JavaThread "Execution worker for ':' Thread 4" [_thread_blocked, id=11960, stack(0x000000848c500000,0x000000848c600000)]
  0x00000197e67e3000 JavaThread "Execution worker for ':' Thread 5" [_thread_blocked, id=21316, stack(0x000000848c600000,0x000000848c700000)]
  0x00000197e54d7000 JavaThread "Execution worker for ':' Thread 6" [_thread_blocked, id=17244, stack(0x000000848c700000,0x000000848c800000)]
  0x00000197e54d9800 JavaThread "Execution worker for ':' Thread 7" [_thread_blocked, id=16580, stack(0x000000848c800000,0x000000848c900000)]
  0x00000197e54da800 JavaThread "Cache worker for execution history cache (D:\Work\AStudio\UWidget\.gradle\7.2\executionHistory)" [_thread_blocked, id=13624, stack(0x000000848c900000,0x000000848ca00000)]
  0x00000197e54d8800 JavaThread "WorkerExecutor Queue" [_thread_blocked, id=9992, stack(0x000000848ca00000,0x000000848cb00000)]
  0x00000197e54d8000 JavaThread "WorkerExecutor Queue Thread 2" [_thread_blocked, id=12092, stack(0x000000848cb00000,0x000000848cc00000)]

Other Threads:
=>0x00000197dee76000 VMThread "VM Thread" [stack: 0x0000008483d00000,0x0000008483e00000] [id=17484]
  0x00000197df99e000 WatcherThread [stack: 0x0000008484700000,0x0000008484800000] [id=3728]
  0x00000197c4a16800 GCTaskThread "GC Thread#0" [stack: 0x0000008483800000,0x0000008483900000] [id=17880]
  0x00000197e0449000 GCTaskThread "GC Thread#1" [stack: 0x0000008484900000,0x0000008484a00000] [id=17184]
  0x00000197e24bf800 GCTaskThread "GC Thread#2" [stack: 0x0000008485000000,0x0000008485100000] [id=4968]
  0x00000197e24ca800 GCTaskThread "GC Thread#3" [stack: 0x0000008485100000,0x0000008485200000] [id=20960]
  0x00000197e1e3c000 GCTaskThread "GC Thread#4" [stack: 0x0000008485200000,0x0000008485300000] [id=20612]
  0x00000197e24cb000 GCTaskThread "GC Thread#5" [stack: 0x0000008485300000,0x0000008485400000] [id=18912]
  0x00000197e1b1a800 GCTaskThread "GC Thread#6" [stack: 0x0000008485400000,0x0000008485500000] [id=12204]
  0x00000197e1b1b800 GCTaskThread "GC Thread#7" [stack: 0x0000008485500000,0x0000008485600000] [id=20280]
  0x00000197c4a4a800 ConcurrentGCThread "G1 Main Marker" [stack: 0x0000008483900000,0x0000008483a00000] [id=7312]
  0x00000197c4a4b800 ConcurrentGCThread "G1 Conc#0" [stack: 0x0000008483a00000,0x0000008483b00000] [id=7452]
  0x00000197e1e3b000 ConcurrentGCThread "G1 Conc#1" [stack: 0x0000008485c00000,0x0000008485d00000] [id=17720]
  0x00000197c4ad6800 ConcurrentGCThread "G1 Refine#0" [stack: 0x0000008483b00000,0x0000008483c00000] [id=20488]
  0x00000197c4ad7800 ConcurrentGCThread "G1 Young RemSet Sampling" [stack: 0x0000008483c00000,0x0000008483d00000] [id=17820]

Threads with active compile tasks:
C2 CompilerThread0  21863 12008       4       java.util.TimSort::sort (229 bytes)
C2 CompilerThread1  21863 11853       4       org.gradle.api.internal.artifacts.ivyservice.resolveengine.artifact.ParallelResolveArtifactSet$VisitingSet$StartVisitAction::visitArtifacts (31 bytes)

VM state:at safepoint (normal execution)

VM Mutex/Monitor currently owned by a thread:  ([mutex/lock_event])
[0x00000197c49f8da0] Threads_lock - owner thread: 0x00000197dee76000
[0x00000197c49f9730] Heap_lock - owner thread: 0x00000197e6186800

Heap address: 0x0000000080000000, size: 2048 MB, Compressed Oops mode: 32-bit
Narrow klass base: 0x0000000000000000, Narrow klass shift: 3
Compressed class space size: 1073741824 Address: 0x0000000100000000

Heap:
 garbage-first heap   total 266240K, used 112264K [0x0000000080000000, 0x0000000100000000)
  region size 1024K, 9 young (9216K), 9 survivors (9216K)
 Metaspace       used 92966K, capacity 95544K, committed 95804K, reserved 1132544K
  class space    used 12010K, capacity 12968K, committed 13028K, reserved 1048576K
Heap Regions: E=young(eden), S=young(survivor), O=old, HS=humongous(starts), HC=humongous(continues), CS=collection set, F=free, A=archive, TAMS=top-at-mark-start (previous, next)
|   0|0x0000000080000000, 0x0000000080100000, 0x0000000080100000|100%| O|  |TAMS 0x0000000080100000, 0x0000000080100000| Untracked 
|   1|0x0000000080100000, 0x0000000080200000, 0x0000000080200000|100%| O|  |TAMS 0x0000000080200000, 0x0000000080200000| Untracked 
|   2|0x0000000080200000, 0x0000000080300000, 0x0000000080300000|100%| O|  |TAMS 0x0000000080300000, 0x0000000080300000| Untracked 
|   3|0x0000000080300000, 0x0000000080400000, 0x0000000080400000|100%|HS|  |TAMS 0x0000000080400000, 0x0000000080400000| Complete 
|   4|0x0000000080400000, 0x0000000080500000, 0x0000000080500000|100%|HC|  |TAMS 0x0000000080500000, 0x0000000080500000| Complete 
|   5|0x0000000080500000, 0x0000000080600000, 0x0000000080600000|100%|HC|  |TAMS 0x0000000080600000, 0x0000000080600000| Complete 
|   6|0x0000000080600000, 0x0000000080700000, 0x0000000080700000|100%| O|  |TAMS 0x0000000080700000, 0x0000000080700000| Untracked 
|   7|0x0000000080700000, 0x0000000080800000, 0x0000000080800000|100%| O|  |TAMS 0x0000000080800000, 0x0000000080800000| Untracked 
|   8|0x0000000080800000, 0x0000000080900000, 0x0000000080900000|100%| O|  |TAMS 0x0000000080900000, 0x0000000080900000| Untracked 
|   9|0x0000000080900000, 0x0000000080a00000, 0x0000000080a00000|100%| O|  |TAMS 0x0000000080a00000, 0x0000000080a00000| Untracked 
|  10|0x0000000080a00000, 0x0000000080b00000, 0x0000000080b00000|100%| O|  |TAMS 0x0000000080b00000, 0x0000000080b00000| Untracked 
|  11|0x0000000080b00000, 0x0000000080c00000, 0x0000000080c00000|100%| O|  |TAMS 0x0000000080c00000, 0x0000000080c00000| Untracked 
|  12|0x0000000080c00000, 0x0000000080d00000, 0x0000000080d00000|100%| O|  |TAMS 0x0000000080d00000, 0x0000000080d00000| Untracked 
|  13|0x0000000080d00000, 0x0000000080e00000, 0x0000000080e00000|100%| O|  |TAMS 0x0000000080e00000, 0x0000000080e00000| Untracked 
|  14|0x0000000080e00000, 0x0000000080f00000, 0x0000000080f00000|100%| O|  |TAMS 0x0000000080f00000, 0x0000000080f00000| Untracked 
|  15|0x0000000080f00000, 0x0000000081000000, 0x0000000081000000|100%| O|  |TAMS 0x0000000081000000, 0x0000000081000000| Untracked 
|  16|0x0000000081000000, 0x0000000081100000, 0x0000000081100000|100%| O|  |TAMS 0x0000000081100000, 0x0000000081100000| Untracked 
|  17|0x0000000081100000, 0x0000000081200000, 0x0000000081200000|100%|HS|  |TAMS 0x0000000081200000, 0x0000000081200000| Complete 
|  18|0x0000000081200000, 0x0000000081300000, 0x0000000081300000|100%| O|  |TAMS 0x0000000081300000, 0x0000000081300000| Untracked 
|  19|0x0000000081300000, 0x0000000081400000, 0x0000000081400000|100%| O|  |TAMS 0x0000000081400000, 0x0000000081400000| Untracked 
|  20|0x0000000081400000, 0x0000000081500000, 0x0000000081500000|100%| O|  |TAMS 0x0000000081500000, 0x0000000081500000| Untracked 
|  21|0x0000000081500000, 0x0000000081600000, 0x0000000081600000|100%| O|  |TAMS 0x0000000081600000, 0x0000000081600000| Untracked 
|  22|0x0000000081600000, 0x0000000081700000, 0x0000000081700000|100%| O|  |TAMS 0x0000000081700000, 0x0000000081700000| Untracked 
|  23|0x0000000081700000, 0x0000000081800000, 0x0000000081800000|100%| O|  |TAMS 0x0000000081800000, 0x0000000081800000| Untracked 
|  24|0x0000000081800000, 0x0000000081900000, 0x0000000081900000|100%| O|  |TAMS 0x0000000081900000, 0x0000000081900000| Untracked 
|  25|0x0000000081900000, 0x0000000081a00000, 0x0000000081a00000|100%| O|  |TAMS 0x0000000081a00000, 0x0000000081a00000| Untracked 
|  26|0x0000000081a00000, 0x0000000081b00000, 0x0000000081b00000|100%| O|  |TAMS 0x0000000081b00000, 0x0000000081b00000| Untracked 
|  27|0x0000000081b00000, 0x0000000081c00000, 0x0000000081c00000|100%|HS|  |TAMS 0x0000000081c00000, 0x0000000081c00000| Complete 
|  28|0x0000000081c00000, 0x0000000081d00000, 0x0000000081d00000|100%|HS|  |TAMS 0x0000000081d00000, 0x0000000081d00000| Complete 
|  29|0x0000000081d00000, 0x0000000081e00000, 0x0000000081e00000|100%|HS|  |TAMS 0x0000000081e00000, 0x0000000081e00000| Complete 
|  30|0x0000000081e00000, 0x0000000081f00000, 0x0000000081f00000|100%| O|  |TAMS 0x0000000081f00000, 0x0000000081f00000| Untracked 
|  31|0x0000000081f00000, 0x0000000082000000, 0x0000000082000000|100%| O|  |TAMS 0x0000000082000000, 0x0000000082000000| Untracked 
|  32|0x0000000082000000, 0x0000000082100000, 0x0000000082100000|100%| O|  |TAMS 0x0000000082100000, 0x0000000082100000| Untracked 
|  33|0x0000000082100000, 0x0000000082200000, 0x0000000082200000|100%| O|  |TAMS 0x0000000082200000, 0x0000000082200000| Untracked 
|  34|0x0000000082200000, 0x0000000082300000, 0x0000000082300000|100%|HS|  |TAMS 0x0000000082300000, 0x0000000082300000| Complete 
|  35|0x0000000082300000, 0x0000000082400000, 0x0000000082400000|100%|HC|  |TAMS 0x0000000082400000, 0x0000000082400000| Complete 
|  36|0x0000000082400000, 0x0000000082500000, 0x0000000082500000|100%|HC|  |TAMS 0x0000000082500000, 0x0000000082500000| Complete 
|  37|0x0000000082500000, 0x0000000082600000, 0x0000000082600000|100%|HS|  |TAMS 0x0000000082600000, 0x0000000082600000| Complete 
|  38|0x0000000082600000, 0x0000000082700000, 0x0000000082700000|100%|HC|  |TAMS 0x0000000082700000, 0x0000000082700000| Complete 
|  39|0x0000000082700000, 0x0000000082800000, 0x0000000082800000|100%| O|  |TAMS 0x0000000082800000, 0x0000000082800000| Untracked 
|  40|0x0000000082800000, 0x0000000082900000, 0x0000000082900000|100%| O|  |TAMS 0x0000000082900000, 0x0000000082900000| Untracked 
|  41|0x0000000082900000, 0x0000000082a00000, 0x0000000082a00000|100%| O|  |TAMS 0x0000000082a00000, 0x0000000082a00000| Untracked 
|  42|0x0000000082a00000, 0x0000000082b00000, 0x0000000082b00000|100%| O|  |TAMS 0x0000000082b00000, 0x0000000082b00000| Untracked 
|  43|0x0000000082b00000, 0x0000000082c00000, 0x0000000082c00000|100%| O|  |TAMS 0x0000000082c00000, 0x0000000082c00000| Untracked 
|  44|0x0000000082c00000, 0x0000000082d00000, 0x0000000082d00000|100%| O|  |TAMS 0x0000000082d00000, 0x0000000082d00000| Untracked 
|  45|0x0000000082d00000, 0x0000000082e00000, 0x0000000082e00000|100%| O|  |TAMS 0x0000000082e00000, 0x0000000082e00000| Untracked 
|  46|0x0000000082e00000, 0x0000000082f00000, 0x0000000082f00000|100%| O|  |TAMS 0x0000000082f00000, 0x0000000082f00000| Untracked 
|  47|0x0000000082f00000, 0x0000000083000000, 0x0000000083000000|100%| O|  |TAMS 0x0000000083000000, 0x0000000083000000| Untracked 
|  48|0x0000000083000000, 0x0000000083100000, 0x0000000083100000|100%| O|  |TAMS 0x0000000083100000, 0x0000000083100000| Untracked 
|  49|0x0000000083100000, 0x0000000083200000, 0x0000000083200000|100%| O|  |TAMS 0x0000000083200000, 0x0000000083200000| Untracked 
|  50|0x0000000083200000, 0x0000000083300000, 0x0000000083300000|100%| O|  |TAMS 0x0000000083300000, 0x0000000083300000| Untracked 
|  51|0x0000000083300000, 0x0000000083400000, 0x0000000083400000|100%| O|  |TAMS 0x0000000083400000, 0x0000000083400000| Untracked 
|  52|0x0000000083400000, 0x0000000083500000, 0x0000000083500000|100%| O|  |TAMS 0x0000000083500000, 0x0000000083500000| Untracked 
|  53|0x0000000083500000, 0x0000000083600000, 0x0000000083600000|100%| O|  |TAMS 0x0000000083600000, 0x0000000083600000| Untracked 
|  54|0x0000000083600000, 0x0000000083700000, 0x0000000083700000|100%| O|  |TAMS 0x0000000083700000, 0x0000000083700000| Untracked 
|  55|0x0000000083700000, 0x0000000083800000, 0x0000000083800000|100%| O|  |TAMS 0x0000000083800000, 0x0000000083800000| Untracked 
|  56|0x0000000083800000, 0x0000000083900000, 0x0000000083900000|100%| O|  |TAMS 0x0000000083900000, 0x0000000083900000| Untracked 
|  57|0x0000000083900000, 0x0000000083a00000, 0x0000000083a00000|100%| O|  |TAMS 0x0000000083a00000, 0x0000000083a00000| Untracked 
|  58|0x0000000083a00000, 0x0000000083b00000, 0x0000000083b00000|100%| O|  |TAMS 0x0000000083b00000, 0x0000000083b00000| Untracked 
|  59|0x0000000083b00000, 0x0000000083c00000, 0x0000000083c00000|100%| O|  |TAMS 0x0000000083c00000, 0x0000000083c00000| Untracked 
|  60|0x0000000083c00000, 0x0000000083d00000, 0x0000000083d00000|100%| O|  |TAMS 0x0000000083d00000, 0x0000000083d00000| Untracked 
|  61|0x0000000083d00000, 0x0000000083e00000, 0x0000000083e00000|100%| O|  |TAMS 0x0000000083e00000, 0x0000000083e00000| Untracked 
|  62|0x0000000083e00000, 0x0000000083f00000, 0x0000000083f00000|100%| O|  |TAMS 0x0000000083f00000, 0x0000000083f00000| Untracked 
|  63|0x0000000083f00000, 0x0000000084000000, 0x0000000084000000|100%| O|  |TAMS 0x0000000084000000, 0x0000000084000000| Untracked 
|  64|0x0000000084000000, 0x0000000084100000, 0x0000000084100000|100%| O|  |TAMS 0x0000000084100000, 0x0000000084100000| Untracked 
|  65|0x0000000084100000, 0x0000000084200000, 0x0000000084200000|100%| O|  |TAMS 0x0000000084200000, 0x0000000084200000| Untracked 
|  66|0x0000000084200000, 0x0000000084300000, 0x0000000084300000|100%| O|  |TAMS 0x0000000084300000, 0x0000000084300000| Untracked 
|  67|0x0000000084300000, 0x0000000084400000, 0x0000000084400000|100%| O|  |TAMS 0x0000000084400000, 0x0000000084400000| Untracked 
|  68|0x0000000084400000, 0x0000000084500000, 0x0000000084500000|100%| O|  |TAMS 0x0000000084500000, 0x0000000084500000| Untracked 
|  69|0x0000000084500000, 0x0000000084600000, 0x0000000084600000|100%| O|  |TAMS 0x0000000084600000, 0x0000000084600000| Untracked 
|  70|0x0000000084600000, 0x0000000084700000, 0x0000000084700000|100%| O|  |TAMS 0x0000000084700000, 0x0000000084700000| Untracked 
|  71|0x0000000084700000, 0x0000000084800000, 0x0000000084800000|100%| O|  |TAMS 0x0000000084800000, 0x0000000084800000| Untracked 
|  72|0x0000000084800000, 0x0000000084900000, 0x0000000084900000|100%| O|  |TAMS 0x0000000084900000, 0x0000000084900000| Untracked 
|  73|0x0000000084900000, 0x0000000084a00000, 0x0000000084a00000|100%| O|  |TAMS 0x0000000084a00000, 0x0000000084a00000| Untracked 
|  74|0x0000000084a00000, 0x0000000084b00000, 0x0000000084b00000|100%| O|  |TAMS 0x0000000084b00000, 0x0000000084b00000| Untracked 
|  75|0x0000000084b00000, 0x0000000084c00000, 0x0000000084c00000|100%| O|  |TAMS 0x0000000084c00000, 0x0000000084c00000| Untracked 
|  76|0x0000000084c00000, 0x0000000084d00000, 0x0000000084d00000|100%| O|  |TAMS 0x0000000084d00000, 0x0000000084d00000| Untracked 
|  77|0x0000000084d00000, 0x0000000084e00000, 0x0000000084e00000|100%| O|  |TAMS 0x0000000084e00000, 0x0000000084e00000| Untracked 
|  78|0x0000000084e00000, 0x0000000084f00000, 0x0000000084f00000|100%| O|  |TAMS 0x0000000084f00000, 0x0000000084f00000| Untracked 
|  79|0x0000000084f00000, 0x0000000085000000, 0x0000000085000000|100%| O|  |TAMS 0x0000000085000000, 0x0000000085000000| Untracked 
|  80|0x0000000085000000, 0x0000000085100000, 0x0000000085100000|100%| O|  |TAMS 0x0000000085100000, 0x0000000085100000| Untracked 
|  81|0x0000000085100000, 0x0000000085200000, 0x0000000085200000|100%| O|  |TAMS 0x0000000085200000, 0x0000000085200000| Untracked 
|  82|0x0000000085200000, 0x0000000085300000, 0x0000000085300000|100%| O|  |TAMS 0x0000000085300000, 0x0000000085300000| Untracked 
|  83|0x0000000085300000, 0x0000000085400000, 0x0000000085400000|100%| O|  |TAMS 0x0000000085400000, 0x0000000085400000| Untracked 
|  84|0x0000000085400000, 0x0000000085500000, 0x0000000085500000|100%| O|  |TAMS 0x00000000854bd000, 0x0000000085500000| Untracked 
|  85|0x0000000085500000, 0x0000000085600000, 0x0000000085600000|100%| O|  |TAMS 0x0000000085500000, 0x0000000085600000| Untracked 
|  86|0x0000000085600000, 0x0000000085700000, 0x0000000085700000|100%| O|  |TAMS 0x0000000085600000, 0x0000000085700000| Untracked 
|  87|0x0000000085700000, 0x0000000085800000, 0x0000000085800000|100%| O|  |TAMS 0x0000000085700000, 0x0000000085800000| Untracked 
|  88|0x0000000085800000, 0x0000000085900000, 0x0000000085900000|100%| O|  |TAMS 0x0000000085800000, 0x0000000085900000| Untracked 
|  89|0x0000000085900000, 0x0000000085a00000, 0x0000000085a00000|100%| O|  |TAMS 0x0000000085900000, 0x0000000085a00000| Untracked 
|  90|0x0000000085a00000, 0x0000000085b00000, 0x0000000085b00000|100%| O|  |TAMS 0x0000000085a00000, 0x0000000085b00000| Untracked 
|  91|0x0000000085b00000, 0x0000000085c00000, 0x0000000085c00000|100%| O|  |TAMS 0x0000000085b00000, 0x0000000085c00000| Untracked 
|  92|0x0000000085c00000, 0x0000000085d00000, 0x0000000085d00000|100%| O|  |TAMS 0x0000000085c00000, 0x0000000085d00000| Untracked 
|  93|0x0000000085d00000, 0x0000000085e00000, 0x0000000085e00000|100%| O|  |TAMS 0x0000000085d00000, 0x0000000085e00000| Untracked 
|  94|0x0000000085e00000, 0x0000000085f00000, 0x0000000085f00000|100%| O|  |TAMS 0x0000000085e00000, 0x0000000085f00000| Untracked 
|  95|0x0000000085f00000, 0x0000000086000000, 0x0000000086000000|100%| O|  |TAMS 0x0000000085f00000, 0x0000000086000000| Untracked 
|  96|0x0000000086000000, 0x0000000086100000, 0x0000000086100000|100%| O|  |TAMS 0x0000000086000000, 0x0000000086100000| Untracked 
|  97|0x0000000086100000, 0x0000000086200000, 0x0000000086200000|100%| O|  |TAMS 0x0000000086100000, 0x0000000086200000| Untracked 
|  98|0x0000000086200000, 0x0000000086300000, 0x0000000086300000|100%| O|  |TAMS 0x0000000086200000, 0x0000000086300000| Untracked 
|  99|0x0000000086300000, 0x0000000086400000, 0x0000000086400000|100%| O|  |TAMS 0x0000000086300000, 0x0000000086400000| Untracked 
| 100|0x0000000086400000, 0x0000000086500000, 0x0000000086500000|100%| O|  |TAMS 0x0000000086400000, 0x0000000086500000| Untracked 
| 101|0x0000000086500000, 0x0000000086565400, 0x0000000086600000| 39%| O|  |TAMS 0x0000000086500000, 0x0000000086565400| Untracked 
| 102|0x0000000086600000, 0x0000000086600000, 0x0000000086700000|  0%| F|  |TAMS 0x0000000086600000, 0x0000000086600000| Untracked 
| 103|0x0000000086700000, 0x0000000086700000, 0x0000000086800000|  0%| F|  |TAMS 0x0000000086700000, 0x0000000086700000| Untracked 
| 104|0x0000000086800000, 0x0000000086800000, 0x0000000086900000|  0%| F|  |TAMS 0x0000000086800000, 0x0000000086800000| Untracked 
| 105|0x0000000086900000, 0x0000000086900000, 0x0000000086a00000|  0%| F|  |TAMS 0x0000000086900000, 0x0000000086900000| Untracked 
| 106|0x0000000086a00000, 0x0000000086a00000, 0x0000000086b00000|  0%| F|  |TAMS 0x0000000086a00000, 0x0000000086a00000| Untracked 
| 107|0x0000000086b00000, 0x0000000086b00000, 0x0000000086c00000|  0%| F|  |TAMS 0x0000000086b00000, 0x0000000086b00000| Untracked 
| 108|0x0000000086c00000, 0x0000000086c00000, 0x0000000086d00000|  0%| F|  |TAMS 0x0000000086c00000, 0x0000000086c00000| Untracked 
| 109|0x0000000086d00000, 0x0000000086d00000, 0x0000000086e00000|  0%| F|  |TAMS 0x0000000086d00000, 0x0000000086d00000| Untracked 
| 110|0x0000000086e00000, 0x0000000086e00000, 0x0000000086f00000|  0%| F|  |TAMS 0x0000000086e00000, 0x0000000086e00000| Untracked 
| 111|0x0000000086f00000, 0x0000000086f00000, 0x0000000087000000|  0%| F|  |TAMS 0x0000000086f00000, 0x0000000086f00000| Untracked 
| 112|0x0000000087000000, 0x0000000087000000, 0x0000000087100000|  0%| F|  |TAMS 0x0000000087000000, 0x0000000087000000| Untracked 
| 113|0x0000000087100000, 0x0000000087100000, 0x0000000087200000|  0%| F|  |TAMS 0x0000000087100000, 0x0000000087100000| Untracked 
| 114|0x0000000087200000, 0x0000000087200000, 0x0000000087300000|  0%| F|  |TAMS 0x0000000087200000, 0x0000000087200000| Untracked 
| 115|0x0000000087300000, 0x0000000087300000, 0x0000000087400000|  0%| F|  |TAMS 0x0000000087300000, 0x0000000087300000| Untracked 
| 116|0x0000000087400000, 0x0000000087400000, 0x0000000087500000|  0%| F|  |TAMS 0x0000000087400000, 0x0000000087400000| Untracked 
| 117|0x0000000087500000, 0x0000000087500000, 0x0000000087600000|  0%| F|  |TAMS 0x0000000087500000, 0x0000000087500000| Untracked 
| 118|0x0000000087600000, 0x0000000087600000, 0x0000000087700000|  0%| F|  |TAMS 0x0000000087600000, 0x0000000087600000| Untracked 
| 119|0x0000000087700000, 0x0000000087700000, 0x0000000087800000|  0%| F|  |TAMS 0x0000000087700000, 0x0000000087700000| Untracked 
| 120|0x0000000087800000, 0x0000000087800000, 0x0000000087900000|  0%| F|  |TAMS 0x0000000087800000, 0x0000000087800000| Untracked 
| 121|0x0000000087900000, 0x0000000087900000, 0x0000000087a00000|  0%| F|  |TAMS 0x0000000087900000, 0x0000000087900000| Untracked 
| 122|0x0000000087a00000, 0x0000000087a00000, 0x0000000087b00000|  0%| F|  |TAMS 0x0000000087a00000, 0x0000000087a00000| Untracked 
| 123|0x0000000087b00000, 0x0000000087b00000, 0x0000000087c00000|  0%| F|  |TAMS 0x0000000087b00000, 0x0000000087b00000| Untracked 
| 124|0x0000000087c00000, 0x0000000087c00000, 0x0000000087d00000|  0%| F|  |TAMS 0x0000000087c00000, 0x0000000087c00000| Untracked 
| 125|0x0000000087d00000, 0x0000000087d00000, 0x0000000087e00000|  0%| F|  |TAMS 0x0000000087d00000, 0x0000000087d00000| Untracked 
| 126|0x0000000087e00000, 0x0000000087e00000, 0x0000000087f00000|  0%| F|  |TAMS 0x0000000087e00000, 0x0000000087e00000| Untracked 
| 127|0x0000000087f00000, 0x0000000087f00000, 0x0000000088000000|  0%| F|  |TAMS 0x0000000087f00000, 0x0000000087f00000| Untracked 
| 128|0x0000000088000000, 0x0000000088000000, 0x0000000088100000|  0%| F|  |TAMS 0x0000000088000000, 0x0000000088000000| Untracked 
| 129|0x0000000088100000, 0x0000000088100000, 0x0000000088200000|  0%| F|  |TAMS 0x0000000088100000, 0x0000000088100000| Untracked 
| 130|0x0000000088200000, 0x0000000088200000, 0x0000000088300000|  0%| F|  |TAMS 0x0000000088200000, 0x0000000088200000| Untracked 
| 131|0x0000000088300000, 0x0000000088300000, 0x0000000088400000|  0%| F|  |TAMS 0x0000000088300000, 0x0000000088300000| Untracked 
| 132|0x0000000088400000, 0x0000000088400000, 0x0000000088500000|  0%| F|  |TAMS 0x0000000088400000, 0x0000000088400000| Untracked 
| 133|0x0000000088500000, 0x000000008853cf70, 0x0000000088600000| 23%| S|CS|TAMS 0x0000000088500000, 0x0000000088500000| Complete 
| 134|0x0000000088600000, 0x0000000088600000, 0x0000000088700000|  0%| F|  |TAMS 0x0000000088600000, 0x0000000088600000| Untracked 
| 135|0x0000000088700000, 0x0000000088700000, 0x0000000088800000|  0%| F|  |TAMS 0x0000000088700000, 0x0000000088700000| Untracked 
| 136|0x0000000088800000, 0x0000000088800000, 0x0000000088900000|  0%| F|  |TAMS 0x0000000088800000, 0x0000000088800000| Untracked 
| 137|0x0000000088900000, 0x0000000088900000, 0x0000000088a00000|  0%| F|  |TAMS 0x0000000088900000, 0x0000000088900000| Untracked 
| 138|0x0000000088a00000, 0x0000000088b00000, 0x0000000088b00000|100%| S|CS|TAMS 0x0000000088a00000, 0x0000000088a00000| Complete 
| 139|0x0000000088b00000, 0x0000000088c00000, 0x0000000088c00000|100%| S|CS|TAMS 0x0000000088b00000, 0x0000000088b00000| Complete 
| 140|0x0000000088c00000, 0x0000000088d00000, 0x0000000088d00000|100%| S|CS|TAMS 0x0000000088c00000, 0x0000000088c00000| Complete 
| 141|0x0000000088d00000, 0x0000000088e00000, 0x0000000088e00000|100%| S|CS|TAMS 0x0000000088d00000, 0x0000000088d00000| Complete 
| 142|0x0000000088e00000, 0x0000000088f00000, 0x0000000088f00000|100%| S|CS|TAMS 0x0000000088e00000, 0x0000000088e00000| Complete 
| 143|0x0000000088f00000, 0x0000000089000000, 0x0000000089000000|100%| S|CS|TAMS 0x0000000088f00000, 0x0000000088f00000| Complete 
| 144|0x0000000089000000, 0x0000000089100000, 0x0000000089100000|100%| S|CS|TAMS 0x0000000089000000, 0x0000000089000000| Complete 
| 145|0x0000000089100000, 0x0000000089200000, 0x0000000089200000|100%| S|CS|TAMS 0x0000000089100000, 0x0000000089100000| Complete 
| 146|0x0000000089200000, 0x0000000089200000, 0x0000000089300000|  0%| F|  |TAMS 0x0000000089200000, 0x0000000089200000| Untracked 
| 147|0x0000000089300000, 0x0000000089300000, 0x0000000089400000|  0%| F|  |TAMS 0x0000000089300000, 0x0000000089300000| Untracked 
| 148|0x0000000089400000, 0x0000000089400000, 0x0000000089500000|  0%| F|  |TAMS 0x0000000089400000, 0x0000000089400000| Untracked 
| 149|0x0000000089500000, 0x0000000089500000, 0x0000000089600000|  0%| F|  |TAMS 0x0000000089500000, 0x0000000089500000| Untracked 
| 150|0x0000000089600000, 0x0000000089600000, 0x0000000089700000|  0%| F|  |TAMS 0x0000000089600000, 0x0000000089600000| Untracked 
| 151|0x0000000089700000, 0x0000000089700000, 0x0000000089800000|  0%| F|  |TAMS 0x0000000089700000, 0x0000000089700000| Untracked 
| 152|0x0000000089800000, 0x0000000089800000, 0x0000000089900000|  0%| F|  |TAMS 0x0000000089800000, 0x0000000089800000| Untracked 
| 153|0x0000000089900000, 0x0000000089900000, 0x0000000089a00000|  0%| F|  |TAMS 0x0000000089900000, 0x0000000089900000| Untracked 
| 154|0x0000000089a00000, 0x0000000089a00000, 0x0000000089b00000|  0%| F|  |TAMS 0x0000000089a00000, 0x0000000089a00000| Untracked 
| 155|0x0000000089b00000, 0x0000000089b00000, 0x0000000089c00000|  0%| F|  |TAMS 0x0000000089b00000, 0x0000000089b00000| Untracked 
| 156|0x0000000089c00000, 0x0000000089c00000, 0x0000000089d00000|  0%| F|  |TAMS 0x0000000089c00000, 0x0000000089c00000| Untracked 
| 157|0x0000000089d00000, 0x0000000089d00000, 0x0000000089e00000|  0%| F|  |TAMS 0x0000000089d00000, 0x0000000089d00000| Untracked 
| 158|0x0000000089e00000, 0x0000000089e00000, 0x0000000089f00000|  0%| F|  |TAMS 0x0000000089e00000, 0x0000000089e00000| Untracked 
| 159|0x0000000089f00000, 0x0000000089f00000, 0x000000008a000000|  0%| F|  |TAMS 0x0000000089f00000, 0x0000000089f00000| Untracked 
| 160|0x000000008a000000, 0x000000008a000000, 0x000000008a100000|  0%| F|  |TAMS 0x000000008a000000, 0x000000008a000000| Untracked 
| 161|0x000000008a100000, 0x000000008a100000, 0x000000008a200000|  0%| F|  |TAMS 0x000000008a100000, 0x000000008a100000| Untracked 
| 162|0x000000008a200000, 0x000000008a200000, 0x000000008a300000|  0%| F|  |TAMS 0x000000008a200000, 0x000000008a200000| Untracked 
| 163|0x000000008a300000, 0x000000008a300000, 0x000000008a400000|  0%| F|  |TAMS 0x000000008a300000, 0x000000008a300000| Untracked 
| 164|0x000000008a400000, 0x000000008a400000, 0x000000008a500000|  0%| F|  |TAMS 0x000000008a400000, 0x000000008a400000| Untracked 
| 165|0x000000008a500000, 0x000000008a500000, 0x000000008a600000|  0%| F|  |TAMS 0x000000008a500000, 0x000000008a500000| Untracked 
| 166|0x000000008a600000, 0x000000008a600000, 0x000000008a700000|  0%| F|  |TAMS 0x000000008a600000, 0x000000008a600000| Untracked 
| 167|0x000000008a700000, 0x000000008a700000, 0x000000008a800000|  0%| F|  |TAMS 0x000000008a700000, 0x000000008a700000| Untracked 
| 168|0x000000008a800000, 0x000000008a800000, 0x000000008a900000|  0%| F|  |TAMS 0x000000008a800000, 0x000000008a800000| Untracked 
| 169|0x000000008a900000, 0x000000008a900000, 0x000000008aa00000|  0%| F|  |TAMS 0x000000008a900000, 0x000000008a900000| Untracked 
| 170|0x000000008aa00000, 0x000000008aa00000, 0x000000008ab00000|  0%| F|  |TAMS 0x000000008aa00000, 0x000000008aa00000| Untracked 
| 171|0x000000008ab00000, 0x000000008ab00000, 0x000000008ac00000|  0%| F|  |TAMS 0x000000008ab00000, 0x000000008ab00000| Untracked 
| 172|0x000000008ac00000, 0x000000008ac00000, 0x000000008ad00000|  0%| F|  |TAMS 0x000000008ac00000, 0x000000008ac00000| Untracked 
| 173|0x000000008ad00000, 0x000000008ad00000, 0x000000008ae00000|  0%| F|  |TAMS 0x000000008ad00000, 0x000000008ad00000| Untracked 
| 174|0x000000008ae00000, 0x000000008ae00000, 0x000000008af00000|  0%| F|  |TAMS 0x000000008ae00000, 0x000000008ae00000| Untracked 
| 175|0x000000008af00000, 0x000000008af00000, 0x000000008b000000|  0%| F|  |TAMS 0x000000008af00000, 0x000000008af00000| Untracked 
| 176|0x000000008b000000, 0x000000008b000000, 0x000000008b100000|  0%| F|  |TAMS 0x000000008b000000, 0x000000008b000000| Untracked 
| 177|0x000000008b100000, 0x000000008b100000, 0x000000008b200000|  0%| F|  |TAMS 0x000000008b100000, 0x000000008b100000| Untracked 
| 178|0x000000008b200000, 0x000000008b200000, 0x000000008b300000|  0%| F|  |TAMS 0x000000008b200000, 0x000000008b200000| Untracked 
| 179|0x000000008b300000, 0x000000008b300000, 0x000000008b400000|  0%| F|  |TAMS 0x000000008b300000, 0x000000008b300000| Untracked 
| 180|0x000000008b400000, 0x000000008b400000, 0x000000008b500000|  0%| F|  |TAMS 0x000000008b400000, 0x000000008b400000| Untracked 
| 181|0x000000008b500000, 0x000000008b500000, 0x000000008b600000|  0%| F|  |TAMS 0x000000008b500000, 0x000000008b500000| Untracked 
| 182|0x000000008b600000, 0x000000008b600000, 0x000000008b700000|  0%| F|  |TAMS 0x000000008b600000, 0x000000008b600000| Untracked 
| 183|0x000000008b700000, 0x000000008b700000, 0x000000008b800000|  0%| F|  |TAMS 0x000000008b700000, 0x000000008b700000| Untracked 
| 184|0x000000008b800000, 0x000000008b800000, 0x000000008b900000|  0%| F|  |TAMS 0x000000008b800000, 0x000000008b800000| Untracked 
| 185|0x000000008b900000, 0x000000008b900000, 0x000000008ba00000|  0%| F|  |TAMS 0x000000008b900000, 0x000000008b900000| Untracked 
| 186|0x000000008ba00000, 0x000000008ba00000, 0x000000008bb00000|  0%| F|  |TAMS 0x000000008ba00000, 0x000000008ba00000| Untracked 
| 187|0x000000008bb00000, 0x000000008bb00000, 0x000000008bc00000|  0%| F|  |TAMS 0x000000008bb00000, 0x000000008bb00000| Untracked 
| 188|0x000000008bc00000, 0x000000008bc00000, 0x000000008bd00000|  0%| F|  |TAMS 0x000000008bc00000, 0x000000008bc00000| Untracked 
| 189|0x000000008bd00000, 0x000000008bd00000, 0x000000008be00000|  0%| F|  |TAMS 0x000000008bd00000, 0x000000008bd00000| Untracked 
| 190|0x000000008be00000, 0x000000008be00000, 0x000000008bf00000|  0%| F|  |TAMS 0x000000008be00000, 0x000000008be00000| Untracked 
| 191|0x000000008bf00000, 0x000000008bf00000, 0x000000008c000000|  0%| F|  |TAMS 0x000000008bf00000, 0x000000008bf00000| Untracked 
| 192|0x000000008c000000, 0x000000008c000000, 0x000000008c100000|  0%| F|  |TAMS 0x000000008c000000, 0x000000008c000000| Untracked 
| 193|0x000000008c100000, 0x000000008c100000, 0x000000008c200000|  0%| F|  |TAMS 0x000000008c100000, 0x000000008c100000| Untracked 
| 194|0x000000008c200000, 0x000000008c200000, 0x000000008c300000|  0%| F|  |TAMS 0x000000008c200000, 0x000000008c200000| Untracked 
| 195|0x000000008c300000, 0x000000008c300000, 0x000000008c400000|  0%| F|  |TAMS 0x000000008c300000, 0x000000008c300000| Untracked 
| 196|0x000000008c400000, 0x000000008c400000, 0x000000008c500000|  0%| F|  |TAMS 0x000000008c400000, 0x000000008c400000| Untracked 
| 197|0x000000008c500000, 0x000000008c500000, 0x000000008c600000|  0%| F|  |TAMS 0x000000008c500000, 0x000000008c500000| Untracked 
| 198|0x000000008c600000, 0x000000008c600000, 0x000000008c700000|  0%| F|  |TAMS 0x000000008c600000, 0x000000008c600000| Untracked 
| 199|0x000000008c700000, 0x000000008c700000, 0x000000008c800000|  0%| F|  |TAMS 0x000000008c700000, 0x000000008c700000| Untracked 
| 200|0x000000008c800000, 0x000000008c800000, 0x000000008c900000|  0%| F|  |TAMS 0x000000008c800000, 0x000000008c800000| Untracked 
| 201|0x000000008c900000, 0x000000008c900000, 0x000000008ca00000|  0%| F|  |TAMS 0x000000008c900000, 0x000000008c900000| Untracked 
| 202|0x000000008ca00000, 0x000000008ca00000, 0x000000008cb00000|  0%| F|  |TAMS 0x000000008ca00000, 0x000000008ca00000| Untracked 
| 203|0x000000008cb00000, 0x000000008cb00000, 0x000000008cc00000|  0%| F|  |TAMS 0x000000008cb00000, 0x000000008cb00000| Untracked 
| 204|0x000000008cc00000, 0x000000008cc00000, 0x000000008cd00000|  0%| F|  |TAMS 0x000000008cc00000, 0x000000008cc00000| Untracked 
| 205|0x000000008cd00000, 0x000000008cd00000, 0x000000008ce00000|  0%| F|  |TAMS 0x000000008cd00000, 0x000000008cd00000| Untracked 
| 206|0x000000008ce00000, 0x000000008ce00000, 0x000000008cf00000|  0%| F|  |TAMS 0x000000008ce00000, 0x000000008ce00000| Untracked 
| 207|0x000000008cf00000, 0x000000008cf00000, 0x000000008d000000|  0%| F|  |TAMS 0x000000008cf00000, 0x000000008cf00000| Untracked 
| 208|0x000000008d000000, 0x000000008d000000, 0x000000008d100000|  0%| F|  |TAMS 0x000000008d000000, 0x000000008d000000| Untracked 
| 209|0x000000008d100000, 0x000000008d100000, 0x000000008d200000|  0%| F|  |TAMS 0x000000008d100000, 0x000000008d100000| Untracked 
| 210|0x000000008d200000, 0x000000008d200000, 0x000000008d300000|  0%| F|  |TAMS 0x000000008d200000, 0x000000008d200000| Untracked 
| 211|0x000000008d300000, 0x000000008d300000, 0x000000008d400000|  0%| F|  |TAMS 0x000000008d300000, 0x000000008d300000| Untracked 
| 212|0x000000008d400000, 0x000000008d400000, 0x000000008d500000|  0%| F|  |TAMS 0x000000008d400000, 0x000000008d400000| Untracked 
| 213|0x000000008d500000, 0x000000008d500000, 0x000000008d600000|  0%| F|  |TAMS 0x000000008d500000, 0x000000008d500000| Untracked 
| 214|0x000000008d600000, 0x000000008d600000, 0x000000008d700000|  0%| F|  |TAMS 0x000000008d600000, 0x000000008d600000| Untracked 
| 215|0x000000008d700000, 0x000000008d700000, 0x000000008d800000|  0%| F|  |TAMS 0x000000008d700000, 0x000000008d700000| Untracked 

Card table byte_map: [0x00000197d7c30000,0x00000197d8030000] _byte_map_base: 0x00000197d7830000

Marking Bits (Prev, Next): (CMBitMap*) 0x00000197c4a418c8, (CMBitMap*) 0x00000197c4a41900
 Prev Bits: [0x00000197d8430000, 0x00000197da430000)
 Next Bits: [0x00000197da430000, 0x00000197dc430000)

Polling page: 0x00000197c29b0000

Metaspace:

Usage:
  Non-class:     80.64 MB capacity,    79.06 MB ( 98%) used,     1.31 MB (  2%) free+waste,   274.75 KB ( <1%) overhead. 
      Class:     12.66 MB capacity,    11.73 MB ( 93%) used,   833.20 KB (  6%) free+waste,   124.75 KB ( <1%) overhead. 
       Both:     93.30 MB capacity,    90.79 MB ( 97%) used,     2.13 MB (  2%) free+waste,   399.50 KB ( <1%) overhead. 

Virtual space:
  Non-class space:       82.00 MB reserved,      80.84 MB ( 99%) committed 
      Class space:        1.00 GB reserved,      12.72 MB (  1%) committed 
             Both:        1.08 GB reserved,      93.56 MB (  8%) committed 

Chunk freelists:
   Non-Class:  8.00 KB
       Class:  0 bytes
        Both:  8.00 KB

MaxMetaspaceSize: 17179869184.00 GB
CompressedClassSpaceSize: 1.00 GB

CodeHeap 'non-profiled nmethods': size=120000Kb used=7099Kb max_used=7099Kb free=112901Kb
 bounds [0x00000197cffd0000, 0x00000197d06c0000, 0x00000197d7500000]
CodeHeap 'profiled nmethods': size=120000Kb used=26729Kb max_used=26729Kb free=93270Kb
 bounds [0x00000197c8aa0000, 0x00000197ca4c0000, 0x00000197cffd0000]
CodeHeap 'non-nmethods': size=5760Kb used=2288Kb max_used=2356Kb free=3471Kb
 bounds [0x00000197c8500000, 0x00000197c8770000, 0x00000197c8aa0000]
 total_blobs=12821 nmethods=11930 adapters=802
 compilation: enabled
              stopped_count=0, restarted_count=0
 full_count=0

Compilation events (20 events):
Event: 21.705 Thread 0x00000197deea5000 12050       2       java.security.ProtectionDomain::<init> (99 bytes)
Event: 21.706 Thread 0x00000197deea5000 nmethod 12050 0x00000197ca4b4790 code [0x00000197ca4b4980, 0x00000197ca4b4ee8]
Event: 21.711 Thread 0x00000197deea5000 12051       2       jdk.internal.reflect.ClassFileAssembler::opc_aload_1 (24 bytes)
Event: 21.712 Thread 0x00000197deea5000 nmethod 12051 0x00000197ca4b5090 code [0x00000197ca4b5240, 0x00000197ca4b53c8]
Event: 21.713 Thread 0x00000197deea5000 12052       1       org.gradle.api.internal.artifacts.transform.NoMatchConsumerVariantMatchResult::hasMatches (2 bytes)
Event: 21.713 Thread 0x00000197deea5000 nmethod 12052 0x00000197d06a9490 code [0x00000197d06a9640, 0x00000197d06a96f8]
Event: 21.730 Thread 0x00000197deea5000 12054       2       org.gradle.api.internal.artifacts.ivyservice.resolveengine.graph.CompositeDependencyArtifactsVisitor::visitNode (40 bytes)
Event: 21.730 Thread 0x00000197deea5000 nmethod 12054 0x00000197ca4b5510 code [0x00000197ca4b5700, 0x00000197ca4b5958]
Event: 21.739 Thread 0x00000197deea5000 12056       2       org.gradle.internal.reflect.annotations.impl.DefaultTypeAnnotationMetadataStore::getTypeAnnotationMetadata (21 bytes)
Event: 21.740 Thread 0x00000197deea5000 nmethod 12056 0x00000197ca4b5a90 code [0x00000197ca4b5c60, 0x00000197ca4b5ee8]
Event: 21.740 Thread 0x00000197deea5000 12058       2       org.gradle.internal.snapshot.impl.DefaultValueSnapshotter::processValue (675 bytes)
Event: 21.748 Thread 0x00000197deea5000 nmethod 12058 0x00000197ca4b6010 code [0x00000197ca4b66c0, 0x00000197ca4b8d48]
Event: 21.748 Thread 0x00000197deea5000 12057       2       org.gradle.internal.reflect.annotations.impl.DefaultTypeAnnotationMetadataStore$$Lambda$589/0x000000010070fc40::get$Lambda (10 bytes)
Event: 21.748 Thread 0x00000197deea5000 nmethod 12057 0x00000197ca4b9d90 code [0x00000197ca4b9f40, 0x00000197ca4ba138]
Event: 21.748 Thread 0x00000197deea5000 12059       1       org.gradle.internal.fingerprint.classpath.impl.ClasspathFingerprintingStrategy::normalizePath (3 bytes)
Event: 21.749 Thread 0x00000197deea5000 nmethod 12059 0x00000197d06a9c90 code [0x00000197d06a9e40, 0x00000197d06a9ef8]
Event: 21.757 Thread 0x00000197deea5000 12060       2       org.gradle.internal.fingerprint.classpath.impl.ClasspathFingerprintingStrategy::getHashingStrategy (4 bytes)
Event: 21.757 Thread 0x00000197deea5000 nmethod 12060 0x00000197ca4ba210 code [0x00000197ca4ba3c0, 0x00000197ca4ba4b8]
Event: 21.780 Thread 0x00000197deea1800 nmethod 11736 0x00000197d06a9f90 code [0x00000197d06aa8e0, 0x00000197d06b87d8]
Event: 21.780 Thread 0x00000197deea1800 12008       4       java.util.TimSort::sort (229 bytes)

GC Heap History (20 events):
Event: 15.228 GC heap after
{Heap after GC invocations=29 (full 0):
 garbage-first heap   total 165888K, used 76526K [0x0000000080000000, 0x0000000100000000)
  region size 1024K, 6 young (6144K), 6 survivors (6144K)
 Metaspace       used 75332K, capacity 77247K, committed 77500K, reserved 1116160K
  class space    used 9803K, capacity 10518K, committed 10596K, reserved 1048576K
}
Event: 16.120 GC heap before
{Heap before GC invocations=29 (full 0):
 garbage-first heap   total 165888K, used 123630K [0x0000000080000000, 0x0000000100000000)
  region size 1024K, 52 young (53248K), 6 survivors (6144K)
 Metaspace       used 80493K, capacity 82509K, committed 82620K, reserved 1120256K
  class space    used 10529K, capacity 11270K, committed 11364K, reserved 1048576K
}
Event: 16.126 GC heap after
{Heap after GC invocations=30 (full 0):
 garbage-first heap   total 165888K, used 78716K [0x0000000080000000, 0x0000000100000000)
  region size 1024K, 5 young (5120K), 5 survivors (5120K)
 Metaspace       used 80493K, capacity 82509K, committed 82620K, reserved 1120256K
  class space    used 10529K, capacity 11270K, committed 11364K, reserved 1048576K
}
Event: 16.741 GC heap before
{Heap before GC invocations=30 (full 0):
 garbage-first heap   total 165888K, used 126844K [0x0000000080000000, 0x0000000100000000)
  region size 1024K, 52 young (53248K), 5 survivors (5120K)
 Metaspace       used 83491K, capacity 85693K, committed 85948K, reserved 1124352K
  class space    used 10956K, capacity 11781K, committed 11876K, reserved 1048576K
}
Event: 16.780 GC heap after
{Heap after GC invocations=31 (full 0):
 garbage-first heap   total 165888K, used 82761K [0x0000000080000000, 0x0000000100000000)
  region size 1024K, 7 young (7168K), 7 survivors (7168K)
 Metaspace       used 83491K, capacity 85693K, committed 85948K, reserved 1124352K
  class space    used 10956K, capacity 11781K, committed 11876K, reserved 1048576K
}
Event: 17.629 GC heap before
{Heap before GC invocations=32 (full 0):
 garbage-first heap   total 165888K, used 128841K [0x0000000080000000, 0x0000000100000000)
  region size 1024K, 53 young (54272K), 7 survivors (7168K)
 Metaspace       used 85168K, capacity 87581K, committed 87740K, reserved 1124352K
  class space    used 11203K, capacity 12102K, committed 12132K, reserved 1048576K
}
Event: 17.643 GC heap after
{Heap after GC invocations=33 (full 0):
 garbage-first heap   total 165888K, used 88477K [0x0000000080000000, 0x0000000100000000)
  region size 1024K, 6 young (6144K), 6 survivors (6144K)
 Metaspace       used 85168K, capacity 87581K, committed 87740K, reserved 1124352K
  class space    used 11203K, capacity 12102K, committed 12132K, reserved 1048576K
}
Event: 18.097 GC heap before
{Heap before GC invocations=33 (full 0):
 garbage-first heap   total 165888K, used 131485K [0x0000000080000000, 0x0000000100000000)
  region size 1024K, 49 young (50176K), 6 survivors (6144K)
 Metaspace       used 85440K, capacity 87873K, committed 87996K, reserved 1126400K
  class space    used 11203K, capacity 12102K, committed 12132K, reserved 1048576K
}
Event: 18.106 GC heap after
{Heap after GC invocations=34 (full 0):
 garbage-first heap   total 165888K, used 91673K [0x0000000080000000, 0x0000000100000000)
  region size 1024K, 5 young (5120K), 5 survivors (5120K)
 Metaspace       used 85440K, capacity 87873K, committed 87996K, reserved 1126400K
  class space    used 11203K, capacity 12102K, committed 12132K, reserved 1048576K
}
Event: 18.534 GC heap before
{Heap before GC invocations=35 (full 0):
 garbage-first heap   total 165888K, used 132633K [0x0000000080000000, 0x0000000100000000)
  region size 1024K, 46 young (47104K), 5 survivors (5120K)
 Metaspace       used 86096K, capacity 88469K, committed 88636K, reserved 1126400K
  class space    used 11254K, capacity 12140K, committed 12260K, reserved 1048576K
}
Event: 18.545 GC heap after
{Heap after GC invocations=36 (full 0):
 garbage-first heap   total 221184K, used 94825K [0x0000000080000000, 0x0000000100000000)
  region size 1024K, 5 young (5120K), 5 survivors (5120K)
 Metaspace       used 86096K, capacity 88469K, committed 88636K, reserved 1126400K
  class space    used 11254K, capacity 12140K, committed 12260K, reserved 1048576K
}
Event: 19.564 GC heap before
{Heap before GC invocations=36 (full 0):
 garbage-first heap   total 221184K, used 165481K [0x0000000080000000, 0x0000000100000000)
  region size 1024K, 75 young (76800K), 5 survivors (5120K)
 Metaspace       used 88826K, capacity 91345K, committed 91452K, reserved 1128448K
  class space    used 11497K, capacity 12443K, committed 12516K, reserved 1048576K
}
Event: 19.570 GC heap after
{Heap after GC invocations=37 (full 0):
 garbage-first heap   total 221184K, used 96965K [0x0000000080000000, 0x0000000100000000)
  region size 1024K, 7 young (7168K), 7 survivors (7168K)
 Metaspace       used 88826K, capacity 91345K, committed 91452K, reserved 1128448K
  class space    used 11497K, capacity 12443K, committed 12516K, reserved 1048576K
}
Event: 20.401 GC heap before
{Heap before GC invocations=37 (full 0):
 garbage-first heap   total 221184K, used 168645K [0x0000000080000000, 0x0000000100000000)
  region size 1024K, 78 young (79872K), 7 survivors (7168K)
 Metaspace       used 92587K, capacity 95156K, committed 95292K, reserved 1132544K
  class space    used 11987K, capacity 12918K, committed 13028K, reserved 1048576K
}
Event: 20.413 GC heap after
{Heap after GC invocations=38 (full 0):
 garbage-first heap   total 221184K, used 100378K [0x0000000080000000, 0x0000000100000000)
  region size 1024K, 7 young (7168K), 7 survivors (7168K)
 Metaspace       used 92587K, capacity 95156K, committed 95292K, reserved 1132544K
  class space    used 11987K, capacity 12918K, committed 13028K, reserved 1048576K
}
Event: 20.895 GC heap before
{Heap before GC invocations=38 (full 0):
 garbage-first heap   total 221184K, used 171034K [0x0000000080000000, 0x0000000100000000)
  region size 1024K, 77 young (78848K), 7 survivors (7168K)
 Metaspace       used 92739K, capacity 95283K, committed 95548K, reserved 1132544K
  class space    used 11997K, capacity 12955K, committed 13028K, reserved 1048576K
}
Event: 20.907 GC heap after
{Heap after GC invocations=39 (full 0):
 garbage-first heap   total 221184K, used 105487K [0x0000000080000000, 0x0000000100000000)
  region size 1024K, 10 young (10240K), 10 survivors (10240K)
 Metaspace       used 92739K, capacity 95283K, committed 95548K, reserved 1132544K
  class space    used 11997K, capacity 12955K, committed 13028K, reserved 1048576K
}
Event: 21.367 GC heap before
{Heap before GC invocations=39 (full 0):
 garbage-first heap   total 221184K, used 175119K [0x0000000080000000, 0x0000000100000000)
  region size 1024K, 79 young (80896K), 10 survivors (10240K)
 Metaspace       used 92813K, capacity 95347K, committed 95548K, reserved 1132544K
  class space    used 11997K, capacity 12955K, committed 13028K, reserved 1048576K
}
Event: 21.379 GC heap after
{Heap after GC invocations=40 (full 0):
 garbage-first heap   total 221184K, used 108340K [0x0000000080000000, 0x0000000100000000)
  region size 1024K, 5 young (5120K), 5 survivors (5120K)
 Metaspace       used 92813K, capacity 95347K, committed 95548K, reserved 1132544K
  class space    used 11997K, capacity 12955K, committed 13028K, reserved 1048576K
}
Event: 21.834 GC heap before
{Heap before GC invocations=40 (full 0):
 garbage-first heap   total 221184K, used 177972K [0x0000000080000000, 0x0000000100000000)
  region size 1024K, 74 young (75776K), 5 survivors (5120K)
 Metaspace       used 92966K, capacity 95544K, committed 95804K, reserved 1132544K
  class space    used 12010K, capacity 12968K, committed 13028K, reserved 1048576K
}

Deoptimization events (20 events):
Event: 21.249 Thread 0x00000197e54d9800 Uncommon trap: trap_request=0xffffffd6 fr.pc=0x00000197d069ec60 relative=0x0000000000002960
Event: 21.249 Thread 0x00000197e54d9800 Uncommon trap: reason=array_check action=maybe_recompile pc=0x00000197d069ec60 method=java.util.TimSort.reverseRange([Ljava/lang/Object;II)V @ 20 c2
Event: 21.249 Thread 0x00000197e54d9800 DEOPT PACKING pc=0x00000197d069ec60 sp=0x000000848c8fa760
Event: 21.249 Thread 0x00000197e54d9800 DEOPT UNPACKING pc=0x00000197c852662f sp=0x000000848c8fa638 mode 2
Event: 21.249 Thread 0x00000197e696e000 Uncommon trap: trap_request=0xffffffd6 fr.pc=0x00000197d069ec60 relative=0x0000000000002960
Event: 21.249 Thread 0x00000197e696e000 Uncommon trap: reason=array_check action=maybe_recompile pc=0x00000197d069ec60 method=java.util.TimSort.reverseRange([Ljava/lang/Object;II)V @ 20 c2
Event: 21.249 Thread 0x00000197e696e000 DEOPT PACKING pc=0x00000197d069ec60 sp=0x0000008487bfda40
Event: 21.249 Thread 0x00000197e696e000 DEOPT UNPACKING pc=0x00000197c852662f sp=0x0000008487bfd918 mode 2
Event: 21.268 Thread 0x00000197e54d9800 DEOPT PACKING pc=0x00000197ca457213 sp=0x000000848c8fa810
Event: 21.268 Thread 0x00000197e54d9800 DEOPT UNPACKING pc=0x00000197c8526dde sp=0x000000848c8f9cb8 mode 0
Event: 21.466 Thread 0x00000197e54d9800 DEOPT PACKING pc=0x00000197ca4607af sp=0x000000848c8face0
Event: 21.466 Thread 0x00000197e54d9800 DEOPT UNPACKING pc=0x00000197c8526dde sp=0x000000848c8fa268 mode 0
Event: 21.525 Thread 0x00000197e54d9800 DEOPT PACKING pc=0x00000197ca469dc4 sp=0x000000848c8fc030
Event: 21.525 Thread 0x00000197e54d9800 DEOPT UNPACKING pc=0x00000197c8526dde sp=0x000000848c8fb598 mode 0
Event: 21.660 Thread 0x00000197e54d8800 DEOPT PACKING pc=0x00000197ca2cccd2 sp=0x000000848cafd6b0
Event: 21.660 Thread 0x00000197e54d8800 DEOPT UNPACKING pc=0x00000197c8526dde sp=0x000000848cafcbe8 mode 0
Event: 21.736 Thread 0x00000197e24be800 Uncommon trap: trap_request=0xffffff4d fr.pc=0x00000197d068c1c0 relative=0x0000000000002e20
Event: 21.736 Thread 0x00000197e24be800 Uncommon trap: reason=unstable_if action=reinterpret pc=0x00000197d068c1c0 method=org.gradle.internal.snapshot.impl.DefaultValueSnapshotter.processValue(Ljava/lang/Object;Lorg/gradle/internal/snapshot/impl/DefaultValueSnapshotter$ValueVisitor;)Ljava/lang/
Event: 21.736 Thread 0x00000197e24be800 DEOPT PACKING pc=0x00000197d068c1c0 sp=0x0000008484ff6ce0
Event: 21.736 Thread 0x00000197e24be800 DEOPT UNPACKING pc=0x00000197c852662f sp=0x0000008484ff6cd8 mode 2

Classes redefined (0 events):
No events

Internal exceptions (20 events):
Event: 17.425 Thread 0x00000197e6957000 Exception <a 'java/lang/NoSuchMethodError'{0x000000008848b590}: 'java.lang.Object java.lang.invoke.DirectMethodHandle$Holder.invokeSpecialIFC(java.lang.Object, java.lang.Object, java.lang.Object)'> (0x000000008848b590) thrown at [./src/hotspot/share/interpreter/linkResolver.cpp, line 773]
Event: 17.513 Thread 0x00000197e696b000 Exception <a 'java/lang/NoSuchMethodError'{0x0000000087dfb150}: 'void java.lang.invoke.DirectMethodHandle$Holder.invokeVirtual(java.lang.Object, java.lang.Object)'> (0x0000000087dfb150) thrown at [./src/hotspot/share/interpreter/linkResolver.cpp, line 773]
Event: 17.513 Thread 0x00000197e3ad8800 Exception <a 'java/lang/NoSuchMethodError'{0x0000000087f6d148}: 'void java.lang.invoke.DirectMethodHandle$Holder.invokeVirtual(java.lang.Object, java.lang.Object)'> (0x0000000087f6d148) thrown at [./src/hotspot/share/interpreter/linkResolver.cpp, line 773]
Event: 18.376 Thread 0x00000197e24be800 Exception <a 'java/lang/ClassNotFoundException'{0x000000008885f538}: com/google/firebase/crashlytics/buildtools/android/project/XmlBuildIdReaderBeanInfo> (0x000000008885f538) thrown at [./src/hotspot/share/classfile/systemDictionary.cpp, line 231]
Event: 18.377 Thread 0x00000197e24be800 Exception <a 'java/lang/ClassNotFoundException'{0x000000008887ed30}: com/google/firebase/crashlytics/buildtools/android/project/XmlBuildIdReaderCustomizer> (0x000000008887ed30) thrown at [./src/hotspot/share/classfile/systemDictionary.cpp, line 231]
Event: 18.389 Thread 0x00000197e24be800 Exception <a 'java/lang/ClassNotFoundException'{0x00000000888d14e0}: com/google/firebase/crashlytics/buildtools/android/project/XmlBuildIdReader$FileXmlBuildIdReaderBeanInfo> (0x00000000888d14e0) thrown at [./src/hotspot/share/classfile/systemDictionary.cpp, line 231]
Event: 18.390 Thread 0x00000197e24be800 Exception <a 'java/lang/ClassNotFoundException'{0x00000000888f4350}: com/google/firebase/crashlytics/buildtools/android/project/XmlBuildIdReader$FileXmlBuildIdReaderCustomizer> (0x00000000888f4350) thrown at [./src/hotspot/share/classfile/systemDictionary.cpp, line 231]
Event: 19.415 Thread 0x00000197e24be800 Implicit null exception at 0x00000197d0353b94 to 0x00000197d03541b0
Event: 19.598 Thread 0x00000197e24be800 Exception <a 'java/lang/NoSuchMethodError'{0x000000008d739458}: 'void java.lang.invoke.DirectMethodHandle$Holder.invokeStatic(java.lang.Object, java.lang.Object, java.lang.Object, java.lang.Object, java.lang.Object, java.lang.Object, java.lang.Object)'> (0x000000008d739458) thrown at [./src/hotspot/share/interpreter/linkResolver.cpp, line 773]
Event: 19.606 Thread 0x00000197e1bd0000 Exception <a 'java/lang/NoSuchMethodError'{0x000000008d65d6c8}: <clinit>> (0x000000008d65d6c8) thrown at [./src/hotspot/share/prims/jni.cpp, line 1362]
Event: 20.506 Thread 0x00000197e2ef1800 Implicit null exception at 0x00000197d067d1f1 to 0x00000197d067da9c
Event: 20.506 Thread 0x00000197e2eec000 Implicit null exception at 0x00000197d067d1f1 to 0x00000197d067da9c
Event: 20.506 Thread 0x00000197e695c000 Implicit null exception at 0x00000197d067d1f1 to 0x00000197d067da9c
Event: 20.775 Thread 0x00000197e54d9800 Exception <a 'java/lang/NoSuchMethodError'{0x000000008a08f7f0}: <clinit>> (0x000000008a08f7f0) thrown at [./src/hotspot/share/prims/jni.cpp, line 1362]
Event: 20.823 Thread 0x00000197e695c000 Implicit null exception at 0x00000197d06865a4 to 0x00000197d068704c
Event: 21.707 Thread 0x00000197e24be800 Exception <a 'java/lang/NoSuchMethodError'{0x000000008a642c78}: <clinit>> (0x000000008a642c78) thrown at [./src/hotspot/share/prims/jni.cpp, line 1362]
Event: 21.708 Thread 0x00000197e24be800 Exception <a 'java/lang/NoSuchMethodError'{0x000000008a644d20}: <clinit>> (0x000000008a644d20) thrown at [./src/hotspot/share/prims/jni.cpp, line 1362]
Event: 21.708 Thread 0x00000197e24be800 Exception <a 'java/lang/NoSuchMethodError'{0x000000008a647950}: <clinit>> (0x000000008a647950) thrown at [./src/hotspot/share/prims/jni.cpp, line 1362]
Event: 21.710 Thread 0x00000197e24be800 Exception <a 'java/lang/NoSuchMethodError'{0x000000008a66cef0}: <clinit>> (0x000000008a66cef0) thrown at [./src/hotspot/share/prims/jni.cpp, line 1362]
Event: 21.711 Thread 0x00000197e24be800 Exception <a 'java/lang/NoSuchMethodError'{0x000000008a66ebc8}: <clinit>> (0x000000008a66ebc8) thrown at [./src/hotspot/share/prims/jni.cpp, line 1362]

Events (20 events):
Event: 21.524 loading class org/gradle/api/provider/Provider
Event: 21.524 loading class org/gradle/api/provider/Provider done
Event: 21.524 loading class com/android/build/gradle/options/ProjectOptions$OptionValue
Event: 21.524 loading class com/android/build/gradle/options/ProjectOptions$OptionValue done
Event: 21.636 loading class org/gradle/api/specs/Spec
Event: 21.636 loading class org/gradle/api/specs/Spec done
Event: 21.643 loading class com/android/build/gradle/internal/tasks/ValidateSigningTask$forceRerun$storeFile$1
Event: 21.643 loading class com/android/build/gradle/internal/tasks/ValidateSigningTask$forceRerun$storeFile$1 done
Event: 21.657 Thread 0x00000197e54d8000 Thread added: 0x00000197e54d8000
Event: 21.715 Executing VM operation: RevokeBias
Event: 21.715 Executing VM operation: RevokeBias done
Event: 21.715 Executing VM operation: RevokeBias
Event: 21.716 Executing VM operation: RevokeBias done
Event: 21.723 loading class org/gradle/api/internal/artifacts/ivyservice/clientmodule/ClientModuleResolver$ClientModuleComponentResolveMetadata
Event: 21.723 loading class org/gradle/api/internal/artifacts/ivyservice/clientmodule/ClientModuleResolver$ClientModuleComponentResolveMetadata done
Event: 21.725 loading class org/gradle/api/internal/artifacts/ivyservice/clientmodule/ClientModuleResolver$ClientModuleConfigurationMetadata
Event: 21.725 loading class org/gradle/api/internal/artifacts/ivyservice/clientmodule/ClientModuleResolver$ClientModuleConfigurationMetadata done
Event: 21.727 Executing VM operation: Deoptimize
Event: 21.729 Executing VM operation: Deoptimize done
Event: 21.834 Executing VM operation: G1CollectForAllocation


Dynamic libraries:
0x00007ff661880000 - 0x00007ff66188a000 	D:\Media\Android Studio\jre\bin\java.exe
0x00007ffe8b3b0000 - 0x00007ffe8b5a5000 	C:\Windows\SYSTEM32\ntdll.dll
0x00007ffe89a60000 - 0x00007ffe89b1e000 	C:\Windows\System32\KERNEL32.DLL
0x00007ffe88e40000 - 0x00007ffe89108000 	C:\Windows\System32\KERNELBASE.dll
0x00007ffe891b0000 - 0x00007ffe892b0000 	C:\Windows\System32\ucrtbase.dll
0x00007ffe75910000 - 0x00007ffe75929000 	D:\Media\Android Studio\jre\bin\jli.dll
0x00007ffe756f0000 - 0x00007ffe75707000 	D:\Media\Android Studio\jre\bin\VCRUNTIME140.dll
0x00007ffe89b90000 - 0x00007ffe89d30000 	C:\Windows\System32\USER32.dll
0x00007ffe6c4b0000 - 0x00007ffe6c74a000 	C:\Windows\WinSxS\amd64_microsoft.windows.common-controls_6595b64144ccf1df_6.0.19041.1110_none_60b5254171f9507e\COMCTL32.dll
0x00007ffe89180000 - 0x00007ffe891a2000 	C:\Windows\System32\win32u.dll
0x00007ffe89dc0000 - 0x00007ffe89e5e000 	C:\Windows\System32\msvcrt.dll
0x00007ffe8a5b0000 - 0x00007ffe8a5da000 	C:\Windows\System32\GDI32.dll
0x00007ffe892b0000 - 0x00007ffe893bb000 	C:\Windows\System32\gdi32full.dll
0x00007ffe88cf0000 - 0x00007ffe88d8d000 	C:\Windows\System32\msvcp_win.dll
0x00007ffe8b230000 - 0x00007ffe8b260000 	C:\Windows\System32\IMM32.DLL
0x00007ffe4b250000 - 0x00007ffe4b2ed000 	D:\Media\Android Studio\jre\bin\msvcp140.dll
0x00007ffe39b60000 - 0x00007ffe3a635000 	D:\Media\Android Studio\jre\bin\server\jvm.dll
0x00007ffe89410000 - 0x00007ffe894be000 	C:\Windows\System32\ADVAPI32.dll
0x00007ffe89f10000 - 0x00007ffe89fac000 	C:\Windows\System32\sechost.dll
0x00007ffe8a710000 - 0x00007ffe8a835000 	C:\Windows\System32\RPCRT4.dll
0x00007ffe8b220000 - 0x00007ffe8b228000 	C:\Windows\System32\PSAPI.DLL
0x00007ffe84140000 - 0x00007ffe84167000 	C:\Windows\SYSTEM32\WINMM.dll
0x00007ffe5c730000 - 0x00007ffe5c739000 	C:\Windows\SYSTEM32\WSOCK32.dll
0x00007ffe8a960000 - 0x00007ffe8a9cb000 	C:\Windows\System32\WS2_32.dll
0x00007ffe800f0000 - 0x00007ffe800fa000 	C:\Windows\SYSTEM32\VERSION.dll
0x00007ffe873b0000 - 0x00007ffe873c2000 	C:\Windows\SYSTEM32\kernel.appcore.dll
0x00007ffe758e0000 - 0x00007ffe758f1000 	D:\Media\Android Studio\jre\bin\verify.dll
0x00007ffe86e30000 - 0x00007ffe87014000 	C:\Windows\SYSTEM32\DBGHELP.DLL
0x00007ffe79c60000 - 0x00007ffe79c8c000 	C:\Windows\SYSTEM32\dbgcore.DLL
0x00007ffe88ad0000 - 0x00007ffe88b52000 	C:\Windows\System32\bcryptPrimitives.dll
0x00007ffe4b520000 - 0x00007ffe4b549000 	D:\Media\Android Studio\jre\bin\java.dll
0x00007ffe83c60000 - 0x00007ffe83c6b000 	D:\Media\Android Studio\jre\bin\jimage.dll
0x00007ffe6ad30000 - 0x00007ffe6ad48000 	D:\Media\Android Studio\jre\bin\zip.dll
0x00007ffe8a9d0000 - 0x00007ffe8b114000 	C:\Windows\System32\SHELL32.dll
0x00007ffe865c0000 - 0x00007ffe86d54000 	C:\Windows\SYSTEM32\windows.storage.dll
0x00007ffe8a090000 - 0x00007ffe8a3e4000 	C:\Windows\System32\combase.dll
0x00007ffe88470000 - 0x00007ffe8849c000 	C:\Windows\SYSTEM32\Wldp.dll
0x00007ffe8b2c0000 - 0x00007ffe8b36d000 	C:\Windows\System32\SHCORE.dll
0x00007ffe8b260000 - 0x00007ffe8b2b5000 	C:\Windows\System32\shlwapi.dll
0x00007ffe88a10000 - 0x00007ffe88a2f000 	C:\Windows\SYSTEM32\profapi.dll
0x00007ffe653f0000 - 0x00007ffe6540a000 	D:\Media\Android Studio\jre\bin\net.dll
0x00007ffe7b340000 - 0x00007ffe7b44a000 	C:\Windows\SYSTEM32\WINHTTP.dll
0x00007ffe881d0000 - 0x00007ffe8823a000 	C:\Windows\system32\mswsock.dll
0x00007ffe64c50000 - 0x00007ffe64c64000 	D:\Media\Android Studio\jre\bin\nio.dll
0x00007ffe75a60000 - 0x00007ffe75a87000 	C:\Users\Kiko\.gradle\native\e1d6ef7f7dcc3fd88c89a11ec53ec762bb8ba0a96d01ffa2cd45eb1d1d8dd5c5\windows-amd64\native-platform.dll
0x00007ffe56230000 - 0x00007ffe56374000 	C:\Users\Kiko\.gradle\native\5664cfc778a61ccfe75a443a1ab52a65af34e5dc3c78e0209fed803814484fcb\windows-amd64\native-platform-file-events.dll
0x00007ffe83c20000 - 0x00007ffe83c2a000 	D:\Media\Android Studio\jre\bin\management.dll
0x00007ffe7a5c0000 - 0x00007ffe7a5cd000 	D:\Media\Android Studio\jre\bin\management_ext.dll
0x00007ffe883d0000 - 0x00007ffe883e8000 	C:\Windows\SYSTEM32\CRYPTSP.dll
0x00007ffe87b50000 - 0x00007ffe87b84000 	C:\Windows\system32\rsaenh.dll
0x00007ffe88cc0000 - 0x00007ffe88ce7000 	C:\Windows\System32\bcrypt.dll
0x00007ffe889d0000 - 0x00007ffe889fe000 	C:\Windows\SYSTEM32\USERENV.dll
0x00007ffe883c0000 - 0x00007ffe883cc000 	C:\Windows\SYSTEM32\CRYPTBASE.dll
0x00007ffe87ec0000 - 0x00007ffe87efb000 	C:\Windows\SYSTEM32\IPHLPAPI.DLL
0x00007ffe89b20000 - 0x00007ffe89b28000 	C:\Windows\System32\NSI.dll
0x00007ffe80250000 - 0x00007ffe80267000 	C:\Windows\SYSTEM32\dhcpcsvc6.DLL
0x00007ffe804b0000 - 0x00007ffe804cd000 	C:\Windows\SYSTEM32\dhcpcsvc.DLL
0x00007ffe87f00000 - 0x00007ffe87fcb000 	C:\Windows\SYSTEM32\DNSAPI.dll

dbghelp: loaded successfully - version: 4.0.5 - missing functions: none
symbol engine: initialized successfully - sym options: 0x614 - pdb path: .;D:\Media\Android Studio\jre\bin;C:\Windows\SYSTEM32;C:\Windows\WinSxS\amd64_microsoft.windows.common-controls_6595b64144ccf1df_6.0.19041.1110_none_60b5254171f9507e;D:\Media\Android Studio\jre\bin\server;C:\Users\Kiko\.gradle\native\e1d6ef7f7dcc3fd88c89a11ec53ec762bb8ba0a96d01ffa2cd45eb1d1d8dd5c5\windows-amd64;C:\Users\Kiko\.gradle\native\5664cfc778a61ccfe75a443a1ab52a65af34e5dc3c78e0209fed803814484fcb\windows-amd64

VM Arguments:
jvm_args: --add-opens=java.base/java.util=ALL-UNNAMED --add-opens=java.base/java.lang=ALL-UNNAMED --add-opens=java.base/java.lang.invoke=ALL-UNNAMED --add-opens=java.base/java.util=ALL-UNNAMED --add-opens=java.prefs/java.util.prefs=ALL-UNNAMED --add-opens=java.prefs/java.util.prefs=ALL-UNNAMED --add-opens=java.base/java.nio.charset=ALL-UNNAMED --add-opens=java.base/java.net=ALL-UNNAMED --add-opens=java.base/java.util.concurrent.atomic=ALL-UNNAMED -Xmx2048m -Dfile.encoding=UTF-8 -Duser.country=RU -Duser.language=ru -Duser.variant 
java_command: org.gradle.launcher.daemon.bootstrap.GradleDaemon 7.2
java_class_path (initial): C:\Users\Kiko\.gradle\wrapper\dists\gradle-7.2-bin\2dnblmf4td7x66yl1d74lt32g\gradle-7.2\lib\gradle-launcher-7.2.jar
Launcher Type: SUN_STANDARD

[Global flags]
     intx CICompilerCount                          = 4                                         {product} {ergonomic}
     uint ConcGCThreads                            = 2                                         {product} {ergonomic}
     uint G1ConcRefinementThreads                  = 8                                         {product} {ergonomic}
   size_t G1HeapRegionSize                         = 1048576                                   {product} {ergonomic}
    uintx GCDrainStackTargetSize                   = 64                                        {product} {ergonomic}
   size_t InitialHeapSize                          = 117440512                                 {product} {ergonomic}
   size_t MarkStackSize                            = 4194304                                   {product} {ergonomic}
   size_t MaxHeapSize                              = 2147483648                                {product} {command line}
   size_t MaxNewSize                               = 1287651328                                {product} {ergonomic}
   size_t MinHeapDeltaBytes                        = 1048576                                   {product} {ergonomic}
    uintx NonNMethodCodeHeapSize                   = 5836300                                {pd product} {ergonomic}
    uintx NonProfiledCodeHeapSize                  = 122910970                              {pd product} {ergonomic}
    uintx ProfiledCodeHeapSize                     = 122910970                              {pd product} {ergonomic}
    uintx ReservedCodeCacheSize                    = 251658240                              {pd product} {ergonomic}
     bool SegmentedCodeCache                       = true                                      {product} {ergonomic}
     bool UseCompressedClassPointers               = true                                 {lp64_product} {ergonomic}
     bool UseCompressedOops                        = true                                 {lp64_product} {ergonomic}
     bool UseG1GC                                  = true                                      {product} {ergonomic}
     bool UseLargePagesIndividualAllocation        = false                                  {pd product} {ergonomic}

Logging:
Log output configuration:
 #0: stdout all=warning uptime,level,tags
 #1: stderr all=off uptime,level,tags

Environment Variables:
PATH=C:\Program Files\Common Files\Oracle\Java\javapath;C:\Windows\system32;C:\Windows;C:\Windows\System32\Wbem;C:\Windows\System32\WindowsPowerShell\v1.0\;C:\Windows\System32\OpenSSH\;C:\Program Files\dotnet\;D:\Media\Git\cmd;C:\Users\Kiko\AppData\Local\Programs\Python\Python310\Scripts\;C:\Users\Kiko\AppData\Local\Programs\Python\Python310\;C:\Users\Kiko\AppData\Local\Microsoft\WindowsApps;D:\Media\Microsoft VS Code\bin;C:\Users\Kiko\.dotnet\tools;C:\Users\Kiko\AppData\Local\GitHubDesktop\bin
USERNAME=Kiko
OS=Windows_NT
PROCESSOR_IDENTIFIER=AMD64 Family 23 Model 24 Stepping 1, AuthenticAMD



---------------  S Y S T E M  ---------------

OS: Windows 10 , 64 bit Build 19041 (10.0.19041.1645)
OS uptime: 9 days 6:54 hours

CPU:total 8 (initial active 8) (8 cores per cpu, 2 threads per core) family 23 model 24 stepping 1 microcode 0x0, cmov, cx8, fxsr, mmx, sse, sse2, sse3, ssse3, sse4.1, sse4.2, popcnt, avx, avx2, aes, clmul, mmxext, 3dnowpref, lzcnt, sse4a, ht, tsc, tscinvbit, tscinv, bmi1, bmi2, adx, s

Memory: 4k page, system-wide physical 7103M (425M free)
TotalPageFile size 15230M (AvailPageFile size 6M)
current process WorkingSet (physical memory assigned to process): 507M, peak: 510M
current process commit charge ("private bytes"): 546M, peak: 590M

vm_info: OpenJDK 64-Bit Server VM (11.0.11+9-b60-7590822) for windows-amd64 JRE (11.0.11+9-b60-7590822), built on Jul 29 2021 21:43:44 by "builder" with MS VC++ 14.0 (VS2015)

END.
