#
# There is insufficient memory for the Java Runtime Environment to continue.
# Native memory allocation (mmap) failed to map 59768832 bytes for Failed to commit area from 0x0000000091900000 to 0x0000000095200000 of length 59768832.
# Possible reasons:
#   The system is out of physical RAM or swap space
#   The process is running with CompressedOops enabled, and the Java Heap may be blocking the growth of the native heap
# Possible solutions:
#   Reduce memory load on the system
#   Increase physical memory or swap space
#   Check if swap backing store is full
#   Decrease Java heap size (-Xmx/-Xms)
#   Decrease number of Java threads
#   Decrease Java thread stack sizes (-Xss)
#   Set larger code cache with -XX:ReservedCodeCacheSize=
#   JVM is running with Unscaled Compressed Oops mode in which the Java heap is
#     placed in the first 4GB address space. The Java Heap base address is the
#     maximum limit for the native heap growth. Please use -XX:HeapBaseMinAddress
#     to set the Java Heap base and to place the Java Heap above 4GB virtual address.
# This output file may be truncated or incomplete.
#
#  Out of Memory Error (./src/hotspot/os/windows/os_windows.cpp:3301), pid=15128, tid=18940
#
# JRE version: OpenJDK Runtime Environment (11.0.11+9) (build 11.0.11+9-b60-7590822)
# Java VM: OpenJDK 64-Bit Server VM (11.0.11+9-b60-7590822, mixed mode, tiered, compressed oops, g1 gc, windows-amd64)
# No core dump will be written. Minidumps are not enabled by default on client versions of Windows
#

---------------  S U M M A R Y ------------

Command Line: --add-opens=java.base/java.util=ALL-UNNAMED --add-opens=java.base/java.lang=ALL-UNNAMED --add-opens=java.base/java.lang.invoke=ALL-UNNAMED --add-opens=java.base/java.util=ALL-UNNAMED --add-opens=java.prefs/java.util.prefs=ALL-UNNAMED --add-opens=java.prefs/java.util.prefs=ALL-UNNAMED --add-opens=java.base/java.nio.charset=ALL-UNNAMED --add-opens=java.base/java.net=ALL-UNNAMED --add-opens=java.base/java.util.concurrent.atomic=ALL-UNNAMED -Xmx2048m -Dfile.encoding=UTF-8 -Duser.country=RU -Duser.language=ru -Duser.variant org.gradle.launcher.daemon.bootstrap.GradleDaemon 7.2

Host: AMD Ryzen 5 3500U with Radeon Vega Mobile Gfx  , 8 cores, 6G,  Windows 10 , 64 bit Build 19041 (10.0.19041.1645)
Time: Fri May 20 20:29:31 2022 RTZ 2 (зима) elapsed time: 446.239000 seconds (0d 0h 7m 26s)

---------------  T H R E A D  ---------------

Current thread (0x0000020a55daf000):  VMThread "VM Thread" [stack: 0x0000009fb6600000,0x0000009fb6700000] [id=18940]

Stack: [0x0000009fb6600000,0x0000009fb6700000]
[error occurred during error reporting (printing stack bounds), id 0xc0000005, EXCEPTION_ACCESS_VIOLATION (0xc0000005) at pc=0x0000020a3ec50f2d]

Native frames: (J=compiled Java code, j=interpreted, Vv=VM code, C=native code)
V  [jvm.dll+0x5f214a]
V  [jvm.dll+0x726fb5]
V  [jvm.dll+0x7285cd]
V  [jvm.dll+0x728be5]
V  [jvm.dll+0x728b9b]
V  [jvm.dll+0x5f14e8]
V  [jvm.dll+0x5f1c78]
C  [ntdll.dll+0xa20cf]
C  [ntdll.dll+0x51454]
C  [ntdll.dll+0xa0bfe]
C  0x0000020a3ec50f2d

VM_Operation (0x0000009fb7bfc290): G1CollectForAllocation, mode: safepoint, requested by thread 0x0000020a6199d800


---------------  P R O C E S S  ---------------

Threads class SMR info:
_java_thread_list=0x0000020a65e7f240, length=159, elements={
0x0000020a3b14a000, 0x0000020a55dc3800, 0x0000020a55dc5000, 0x0000020a565d8000,
0x0000020a565dc000, 0x0000020a565dd000, 0x0000020a565de800, 0x0000020a56625800,
0x0000020a5662a000, 0x0000020a56796000, 0x0000020a57c14000, 0x0000020a582be800,
0x0000020a5a28a000, 0x0000020a58bc4000, 0x0000020a58bc7000, 0x0000020a58bc1800,
0x0000020a58bc3000, 0x0000020a58bc5800, 0x0000020a5aa2c800, 0x0000020a5aa2e800,
0x0000020a5aa28800, 0x0000020a5aa30000, 0x0000020a5aa35000, 0x0000020a5a4c2000,
0x0000020a5a4c3000, 0x0000020a5b8ad000, 0x0000020a5b8ab000, 0x0000020a5b8a9000,
0x0000020a5b8ab800, 0x0000020a5d792800, 0x0000020a5d795000, 0x0000020a5d795800,
0x0000020a5d791000, 0x0000020a60dea800, 0x0000020a60deb800, 0x0000020a60dee000,
0x0000020a60de8800, 0x0000020a60dec800, 0x0000020a60ded000, 0x0000020a60def000,
0x0000020a60de9000, 0x0000020a60def800, 0x0000020a60df1800, 0x0000020a60df3000,
0x0000020a60df2000, 0x0000020a60df5800, 0x0000020a60df4800, 0x0000020a60df0800,
0x0000020a60df7000, 0x0000020a5a4b7800, 0x0000020a5a4b7000, 0x0000020a5a4b6000,
0x0000020a5a4b8800, 0x0000020a5a4b5000, 0x0000020a5a4b9800, 0x0000020a5a4ba000,
0x0000020a5a4b4800, 0x0000020a5a4bf000, 0x0000020a5a4bd800, 0x0000020a5a4be000,
0x0000020a5a4c0000, 0x0000020a5a4c0800, 0x0000020a5a4bb000, 0x0000020a5a4c1800,
0x0000020a5a4bc800, 0x0000020a5a4bb800, 0x0000020a5b8af800, 0x0000020a5b8aa000,
0x0000020a5b8b2000, 0x0000020a5b8ae000, 0x0000020a5b8b0800, 0x0000020a5b8b1800,
0x0000020a5b8ac800, 0x0000020a5b8b3800, 0x0000020a5b8b4800, 0x0000020a5b8b8000,
0x0000020a5b8b3000, 0x0000020a5b8b6000, 0x0000020a5b8b5800, 0x0000020a5aa2b000,
0x0000020a5aa2a000, 0x0000020a5aa2c000, 0x0000020a5aa27000, 0x0000020a5aa35800,
0x0000020a5aa30800, 0x0000020a5aa31800, 0x0000020a5aa32800, 0x0000020a5aa33000,
0x0000020a5aa34000, 0x0000020a5d790000, 0x0000020a5d794000, 0x0000020a5d78f000,
0x0000020a5d791800, 0x0000020a58bc8000, 0x0000020a58bc4800, 0x0000020a58bc2000,
0x0000020a58bc6800, 0x0000020a57855000, 0x0000020a57856000, 0x0000020a57851000,
0x0000020a57857800, 0x0000020a57854800, 0x0000020a57857000, 0x0000020a57852800,
0x0000020a57852000, 0x0000020a57859000, 0x0000020a57858800, 0x0000020a57853800,
0x0000020a5785d800, 0x0000020a5785f000, 0x0000020a5785f800, 0x0000020a5785b000,
0x0000020a5785e000, 0x0000020a5785a000, 0x0000020a5785b800, 0x0000020a5785c800,
0x0000020a57963000, 0x0000020a57967000, 0x0000020a57964000, 0x0000020a57966800,
0x0000020a57964800, 0x0000020a57965800, 0x0000020a57961800, 0x0000020a57968000,
0x0000020a57962000, 0x0000020a57969800, 0x0000020a5796d000, 0x0000020a5796d800,
0x0000020a5796b000, 0x0000020a5796c000, 0x0000020a5796e800, 0x0000020a5796a800,
0x0000020a57968800, 0x0000020a57970000, 0x0000020a5796f000, 0x0000020a5d793000,
0x0000020a6199e800, 0x0000020a6199b000, 0x0000020a6199c000, 0x0000020a6199f800,
0x0000020a61999800, 0x0000020a619a0000, 0x0000020a6199a800, 0x0000020a619a6000,
0x0000020a619a6800, 0x0000020a619a2800, 0x0000020a619a1000, 0x0000020a619a3800,
0x0000020a619a1800, 0x0000020a619a4000, 0x0000020a619a7800, 0x0000020a6199d000,
0x0000020a6199d800, 0x0000020a61998800, 0x0000020a619a5000, 0x0000020a60dea000,
0x0000020a60df3800, 0x0000020a5fe6c800, 0x0000020a5fe6c000
}

Java Threads: ( => current thread )
  0x0000020a3b14a000 JavaThread "main" [_thread_blocked, id=5808, stack(0x0000009fb6000000,0x0000009fb6100000)]
  0x0000020a55dc3800 JavaThread "Reference Handler" daemon [_thread_blocked, id=8104, stack(0x0000009fb6700000,0x0000009fb6800000)]
  0x0000020a55dc5000 JavaThread "Finalizer" daemon [_thread_blocked, id=10256, stack(0x0000009fb6800000,0x0000009fb6900000)]
  0x0000020a565d8000 JavaThread "Signal Dispatcher" daemon [_thread_blocked, id=6936, stack(0x0000009fb6900000,0x0000009fb6a00000)]
  0x0000020a565dc000 JavaThread "Attach Listener" daemon [_thread_blocked, id=18412, stack(0x0000009fb6a00000,0x0000009fb6b00000)]
  0x0000020a565dd000 JavaThread "Service Thread" daemon [_thread_blocked, id=18776, stack(0x0000009fb6b00000,0x0000009fb6c00000)]
  0x0000020a565de800 JavaThread "C2 CompilerThread0" daemon [_thread_blocked, id=8888, stack(0x0000009fb6c00000,0x0000009fb6d00000)]
  0x0000020a56625800 JavaThread "C1 CompilerThread0" daemon [_thread_blocked, id=11728, stack(0x0000009fb6d00000,0x0000009fb6e00000)]
  0x0000020a5662a000 JavaThread "Sweeper thread" daemon [_thread_blocked, id=2844, stack(0x0000009fb6e00000,0x0000009fb6f00000)]
  0x0000020a56796000 JavaThread "Common-Cleaner" daemon [_thread_blocked, id=4060, stack(0x0000009fb6f00000,0x0000009fb7000000)]
  0x0000020a57c14000 JavaThread "Daemon health stats" [_thread_blocked, id=828, stack(0x0000009fb7400000,0x0000009fb7500000)]
  0x0000020a582be800 JavaThread "Incoming local TCP Connector on port 60507" [_thread_in_native, id=16800, stack(0x0000009fb7100000,0x0000009fb7200000)]
  0x0000020a5a28a000 JavaThread "Daemon periodic checks" [_thread_blocked, id=10128, stack(0x0000009fb7300000,0x0000009fb7400000)]
  0x0000020a58bc4000 JavaThread "Cache worker for journal cache (C:\Users\Kiko\.gradle\caches\journal-1)" [_thread_blocked, id=8660, stack(0x0000009fb8400000,0x0000009fb8500000)]
  0x0000020a58bc7000 JavaThread "File lock request listener" [_thread_in_native, id=19916, stack(0x0000009fb8500000,0x0000009fb8600000)]
  0x0000020a58bc1800 JavaThread "Cache worker for file hash cache (C:\Users\Kiko\.gradle\caches\7.2\fileHashes)" [_thread_blocked, id=20272, stack(0x0000009fb8600000,0x0000009fb8700000)]
  0x0000020a58bc3000 JavaThread "File watcher server" daemon [_thread_blocked, id=12160, stack(0x0000009fb8900000,0x0000009fb8a00000)]
  0x0000020a58bc5800 JavaThread "File watcher consumer" daemon [_thread_blocked, id=19248, stack(0x0000009fb8a00000,0x0000009fb8b00000)]
  0x0000020a5aa2c800 JavaThread "Cache worker for execution history cache (C:\Users\Kiko\.gradle\caches\7.2\executionHistory)" [_thread_blocked, id=19260, stack(0x0000009fb8f00000,0x0000009fb9000000)]
  0x0000020a5aa2e800 JavaThread "jar transforms" [_thread_blocked, id=13692, stack(0x0000009fb9000000,0x0000009fb9100000)]
  0x0000020a5aa28800 JavaThread "Cache worker for file content cache (C:\Users\Kiko\.gradle\caches\7.2\fileContent)" [_thread_blocked, id=16212, stack(0x0000009fb9100000,0x0000009fb9200000)]
  0x0000020a5aa30000 JavaThread "jar transforms Thread 2" [_thread_blocked, id=3864, stack(0x0000009fb9200000,0x0000009fb9300000)]
  0x0000020a5aa35000 JavaThread "jar transforms Thread 3" [_thread_blocked, id=9988, stack(0x0000009fb9400000,0x0000009fb9500000)]
  0x0000020a5a4c2000 JavaThread "jar transforms Thread 4" [_thread_blocked, id=16744, stack(0x0000009fbe500000,0x0000009fbe600000)]
  0x0000020a5a4c3000 JavaThread "jar transforms Thread 5" [_thread_blocked, id=12992, stack(0x0000009fbe600000,0x0000009fbe700000)]
  0x0000020a5b8ad000 JavaThread "jar transforms Thread 6" [_thread_blocked, id=8716, stack(0x0000009fbe700000,0x0000009fbe800000)]
  0x0000020a5b8ab000 JavaThread "jar transforms Thread 7" [_thread_blocked, id=13980, stack(0x0000009fbe800000,0x0000009fbe900000)]
  0x0000020a5b8a9000 JavaThread "jar transforms Thread 8" [_thread_blocked, id=20944, stack(0x0000009fbe900000,0x0000009fbea00000)]
  0x0000020a5b8ab800 JavaThread "Memory manager" [_thread_blocked, id=6964, stack(0x0000009fbeb00000,0x0000009fbec00000)]
  0x0000020a5d792800 JavaThread "RMI Scheduler(0)" daemon [_thread_blocked, id=20704, stack(0x0000009fbe400000,0x0000009fbe500000)]
  0x0000020a5d795000 JavaThread "RMI GC Daemon" daemon [_thread_blocked, id=18312, stack(0x0000009fbfa00000,0x0000009fbfb00000)]
  0x0000020a5d795800 JavaThread "RMI TCP Accept-0" daemon [_thread_in_native, id=13100, stack(0x0000009fbfe00000,0x0000009fbff00000)]
  0x0000020a5d791000 JavaThread "RMI Reaper" [_thread_blocked, id=14500, stack(0x0000009fbff00000,0x0000009fc0000000)]
  0x0000020a60dea800 JavaThread "Daemon Thread 3" [_thread_blocked, id=7360, stack(0x0000009fb5d00000,0x0000009fb5e00000)]
  0x0000020a60deb800 JavaThread "Handler for socket connection from /127.0.0.1:60507 to /127.0.0.1:60592" [_thread_in_native, id=20136, stack(0x0000009fb5e00000,0x0000009fb5f00000)]
  0x0000020a60dee000 JavaThread "Cancel handler" [_thread_blocked, id=18036, stack(0x0000009fb5f00000,0x0000009fb6000000)]
  0x0000020a60de8800 JavaThread "Daemon worker Thread 3" [_thread_blocked, id=3840, stack(0x0000009fb7500000,0x0000009fb7600000)]
  0x0000020a60dec800 JavaThread "Asynchronous log dispatcher for DefaultDaemonConnection: socket connection from /127.0.0.1:60507 to /127.0.0.1:60592" [_thread_blocked, id=16620, stack(0x0000009fb7600000,0x0000009fb7700000)]
  0x0000020a60ded000 JavaThread "Stdin handler" [_thread_blocked, id=14396, stack(0x0000009fb7700000,0x0000009fb7800000)]
  0x0000020a60def000 JavaThread "Daemon client event forwarder" [_thread_blocked, id=10216, stack(0x0000009fb7800000,0x0000009fb7900000)]
  0x0000020a60de9000 JavaThread "Cache worker for file hash cache (D:\Work\AStudio\UWidget\.gradle\7.2\fileHashes)" [_thread_blocked, id=2868, stack(0x0000009fb7900000,0x0000009fb7a00000)]
  0x0000020a60def800 JavaThread "Cache worker for checksums cache (D:\Work\AStudio\UWidget\.gradle\checksums)" [_thread_blocked, id=2116, stack(0x0000009fb7a00000,0x0000009fb7b00000)]
  0x0000020a60df1800 JavaThread "Cache worker for cache directory md-supplier (C:\Users\Kiko\.gradle\caches\7.2\md-supplier)" [_thread_blocked, id=7024, stack(0x0000009fb8300000,0x0000009fb8400000)]
  0x0000020a60df3000 JavaThread "Cache worker for cache directory md-rule (C:\Users\Kiko\.gradle\caches\7.2\md-rule)" [_thread_blocked, id=21016, stack(0x0000009fb8800000,0x0000009fb8900000)]
  0x0000020a60df2000 JavaThread "Cache worker for dependencies-accessors (D:\Work\AStudio\UWidget\.gradle\7.2\dependencies-accessors)" [_thread_blocked, id=15984, stack(0x0000009fb8b00000,0x0000009fb8c00000)]
  0x0000020a60df5800 JavaThread "Cache worker for Build Output Cleanup Cache (D:\Work\AStudio\UWidget\.gradle\buildOutputCleanup)" [_thread_blocked, id=3408, stack(0x0000009fb8c00000,0x0000009fb8d00000)]
  0x0000020a60df4800 JavaThread "Unconstrained build operations" [_thread_blocked, id=16464, stack(0x0000009fb8e00000,0x0000009fb8f00000)]
  0x0000020a60df0800 JavaThread "Unconstrained build operations Thread 2" [_thread_blocked, id=17548, stack(0x0000009fb9300000,0x0000009fb9400000)]
  0x0000020a60df7000 JavaThread "Unconstrained build operations Thread 3" [_thread_blocked, id=18508, stack(0x0000009fb9500000,0x0000009fb9600000)]
  0x0000020a5a4b7800 JavaThread "Unconstrained build operations Thread 4" [_thread_blocked, id=16024, stack(0x0000009fb9600000,0x0000009fb9700000)]
  0x0000020a5a4b7000 JavaThread "Unconstrained build operations Thread 5" [_thread_blocked, id=11596, stack(0x0000009fb9700000,0x0000009fb9800000)]
  0x0000020a5a4b6000 JavaThread "Unconstrained build operations Thread 6" [_thread_blocked, id=18520, stack(0x0000009fb9800000,0x0000009fb9900000)]
  0x0000020a5a4b8800 JavaThread "Unconstrained build operations Thread 7" [_thread_blocked, id=10184, stack(0x0000009fb9900000,0x0000009fb9a00000)]
  0x0000020a5a4b5000 JavaThread "Unconstrained build operations Thread 8" [_thread_blocked, id=2400, stack(0x0000009fb9a00000,0x0000009fb9b00000)]
  0x0000020a5a4b9800 JavaThread "Unconstrained build operations Thread 9" [_thread_blocked, id=5440, stack(0x0000009fb9b00000,0x0000009fb9c00000)]
  0x0000020a5a4ba000 JavaThread "Unconstrained build operations Thread 10" [_thread_blocked, id=20392, stack(0x0000009fb9c00000,0x0000009fb9d00000)]
  0x0000020a5a4b4800 JavaThread "Unconstrained build operations Thread 11" [_thread_blocked, id=20692, stack(0x0000009fb9d00000,0x0000009fb9e00000)]
  0x0000020a5a4bf000 JavaThread "Unconstrained build operations Thread 12" [_thread_blocked, id=10716, stack(0x0000009fb9e00000,0x0000009fb9f00000)]
  0x0000020a5a4bd800 JavaThread "Unconstrained build operations Thread 13" [_thread_blocked, id=8832, stack(0x0000009fb9f00000,0x0000009fba000000)]
  0x0000020a5a4be000 JavaThread "Unconstrained build operations Thread 14" [_thread_blocked, id=18368, stack(0x0000009fba000000,0x0000009fba100000)]
  0x0000020a5a4c0000 JavaThread "Unconstrained build operations Thread 15" [_thread_blocked, id=19952, stack(0x0000009fba100000,0x0000009fba200000)]
  0x0000020a5a4c0800 JavaThread "Unconstrained build operations Thread 16" [_thread_blocked, id=11712, stack(0x0000009fba200000,0x0000009fba300000)]
  0x0000020a5a4bb000 JavaThread "Unconstrained build operations Thread 17" [_thread_blocked, id=16352, stack(0x0000009fba300000,0x0000009fba400000)]
  0x0000020a5a4c1800 JavaThread "Unconstrained build operations Thread 18" [_thread_blocked, id=12316, stack(0x0000009fba400000,0x0000009fba500000)]
  0x0000020a5a4bc800 JavaThread "Unconstrained build operations Thread 19" [_thread_blocked, id=19644, stack(0x0000009fba500000,0x0000009fba600000)]
  0x0000020a5a4bb800 JavaThread "Unconstrained build operations Thread 20" [_thread_blocked, id=15600, stack(0x0000009fba600000,0x0000009fba700000)]
  0x0000020a5b8af800 JavaThread "Unconstrained build operations Thread 21" [_thread_blocked, id=8544, stack(0x0000009fba700000,0x0000009fba800000)]
  0x0000020a5b8aa000 JavaThread "Unconstrained build operations Thread 22" [_thread_blocked, id=5036, stack(0x0000009fba800000,0x0000009fba900000)]
  0x0000020a5b8b2000 JavaThread "Unconstrained build operations Thread 23" [_thread_blocked, id=13288, stack(0x0000009fba900000,0x0000009fbaa00000)]
  0x0000020a5b8ae000 JavaThread "Unconstrained build operations Thread 24" [_thread_blocked, id=21100, stack(0x0000009fbaa00000,0x0000009fbab00000)]
  0x0000020a5b8b0800 JavaThread "Unconstrained build operations Thread 25" [_thread_blocked, id=20972, stack(0x0000009fbab00000,0x0000009fbac00000)]
  0x0000020a5b8b1800 JavaThread "Unconstrained build operations Thread 26" [_thread_blocked, id=15920, stack(0x0000009fbac00000,0x0000009fbad00000)]
  0x0000020a5b8ac800 JavaThread "Unconstrained build operations Thread 27" [_thread_blocked, id=11532, stack(0x0000009fbad00000,0x0000009fbae00000)]
  0x0000020a5b8b3800 JavaThread "Unconstrained build operations Thread 28" [_thread_blocked, id=5300, stack(0x0000009fbae00000,0x0000009fbaf00000)]
  0x0000020a5b8b4800 JavaThread "Unconstrained build operations Thread 29" [_thread_blocked, id=8752, stack(0x0000009fbaf00000,0x0000009fbb000000)]
  0x0000020a5b8b8000 JavaThread "Unconstrained build operations Thread 30" [_thread_blocked, id=13044, stack(0x0000009fbb000000,0x0000009fbb100000)]
  0x0000020a5b8b3000 JavaThread "Unconstrained build operations Thread 31" [_thread_blocked, id=7816, stack(0x0000009fbb100000,0x0000009fbb200000)]
  0x0000020a5b8b6000 JavaThread "Unconstrained build operations Thread 32" [_thread_blocked, id=16160, stack(0x0000009fbb200000,0x0000009fbb300000)]
  0x0000020a5b8b5800 JavaThread "Unconstrained build operations Thread 33" [_thread_blocked, id=17464, stack(0x0000009fbb300000,0x0000009fbb400000)]
  0x0000020a5aa2b000 JavaThread "Unconstrained build operations Thread 34" [_thread_blocked, id=21352, stack(0x0000009fbb400000,0x0000009fbb500000)]
  0x0000020a5aa2a000 JavaThread "Unconstrained build operations Thread 35" [_thread_blocked, id=9668, stack(0x0000009fbb500000,0x0000009fbb600000)]
  0x0000020a5aa2c000 JavaThread "Unconstrained build operations Thread 36" [_thread_blocked, id=18976, stack(0x0000009fbb600000,0x0000009fbb700000)]
  0x0000020a5aa27000 JavaThread "Unconstrained build operations Thread 37" [_thread_blocked, id=19104, stack(0x0000009fbb700000,0x0000009fbb800000)]
  0x0000020a5aa35800 JavaThread "Unconstrained build operations Thread 38" [_thread_blocked, id=11980, stack(0x0000009fbb800000,0x0000009fbb900000)]
  0x0000020a5aa30800 JavaThread "Unconstrained build operations Thread 39" [_thread_blocked, id=12300, stack(0x0000009fbb900000,0x0000009fbba00000)]
  0x0000020a5aa31800 JavaThread "Unconstrained build operations Thread 40" [_thread_blocked, id=11776, stack(0x0000009fbba00000,0x0000009fbbb00000)]
  0x0000020a5aa32800 JavaThread "Unconstrained build operations Thread 41" [_thread_blocked, id=12596, stack(0x0000009fbbb00000,0x0000009fbbc00000)]
  0x0000020a5aa33000 JavaThread "Unconstrained build operations Thread 42" [_thread_blocked, id=1100, stack(0x0000009fbbc00000,0x0000009fbbd00000)]
  0x0000020a5aa34000 JavaThread "Unconstrained build operations Thread 43" [_thread_blocked, id=18448, stack(0x0000009fbbd00000,0x0000009fbbe00000)]
  0x0000020a5d790000 JavaThread "Unconstrained build operations Thread 44" [_thread_blocked, id=16660, stack(0x0000009fbbe00000,0x0000009fbbf00000)]
  0x0000020a5d794000 JavaThread "Unconstrained build operations Thread 45" [_thread_blocked, id=1436, stack(0x0000009fbbf00000,0x0000009fbc000000)]
  0x0000020a5d78f000 JavaThread "Unconstrained build operations Thread 46" [_thread_blocked, id=20888, stack(0x0000009fbc000000,0x0000009fbc100000)]
  0x0000020a5d791800 JavaThread "Unconstrained build operations Thread 47" [_thread_blocked, id=6764, stack(0x0000009fbc100000,0x0000009fbc200000)]
  0x0000020a58bc8000 JavaThread "Unconstrained build operations Thread 48" [_thread_blocked, id=7964, stack(0x0000009fbc200000,0x0000009fbc300000)]
  0x0000020a58bc4800 JavaThread "Unconstrained build operations Thread 49" [_thread_blocked, id=21284, stack(0x0000009fbc300000,0x0000009fbc400000)]
  0x0000020a58bc2000 JavaThread "Unconstrained build operations Thread 50" [_thread_blocked, id=4112, stack(0x0000009fbc400000,0x0000009fbc500000)]
  0x0000020a58bc6800 JavaThread "Unconstrained build operations Thread 51" [_thread_blocked, id=11888, stack(0x0000009fbc500000,0x0000009fbc600000)]
  0x0000020a57855000 JavaThread "Unconstrained build operations Thread 52" [_thread_blocked, id=13756, stack(0x0000009fbc600000,0x0000009fbc700000)]
  0x0000020a57856000 JavaThread "Unconstrained build operations Thread 53" [_thread_blocked, id=19544, stack(0x0000009fbc700000,0x0000009fbc800000)]
  0x0000020a57851000 JavaThread "Unconstrained build operations Thread 54" [_thread_blocked, id=1384, stack(0x0000009fbc800000,0x0000009fbc900000)]
  0x0000020a57857800 JavaThread "Unconstrained build operations Thread 55" [_thread_blocked, id=9184, stack(0x0000009fbc900000,0x0000009fbca00000)]
  0x0000020a57854800 JavaThread "Unconstrained build operations Thread 56" [_thread_blocked, id=20676, stack(0x0000009fbca00000,0x0000009fbcb00000)]
  0x0000020a57857000 JavaThread "Unconstrained build operations Thread 57" [_thread_blocked, id=4484, stack(0x0000009fbcb00000,0x0000009fbcc00000)]
  0x0000020a57852800 JavaThread "Unconstrained build operations Thread 58" [_thread_blocked, id=20004, stack(0x0000009fbcc00000,0x0000009fbcd00000)]
  0x0000020a57852000 JavaThread "Unconstrained build operations Thread 59" [_thread_blocked, id=1044, stack(0x0000009fbcd00000,0x0000009fbce00000)]
  0x0000020a57859000 JavaThread "Unconstrained build operations Thread 60" [_thread_blocked, id=18144, stack(0x0000009fbce00000,0x0000009fbcf00000)]
  0x0000020a57858800 JavaThread "Unconstrained build operations Thread 61" [_thread_blocked, id=8000, stack(0x0000009fbcf00000,0x0000009fbd000000)]
  0x0000020a57853800 JavaThread "Unconstrained build operations Thread 62" [_thread_blocked, id=19572, stack(0x0000009fbd000000,0x0000009fbd100000)]
  0x0000020a5785d800 JavaThread "Unconstrained build operations Thread 63" [_thread_blocked, id=6768, stack(0x0000009fbd100000,0x0000009fbd200000)]
  0x0000020a5785f000 JavaThread "Unconstrained build operations Thread 64" [_thread_blocked, id=19892, stack(0x0000009fbd200000,0x0000009fbd300000)]
  0x0000020a5785f800 JavaThread "Unconstrained build operations Thread 65" [_thread_blocked, id=20624, stack(0x0000009fbd300000,0x0000009fbd400000)]
  0x0000020a5785b000 JavaThread "Unconstrained build operations Thread 66" [_thread_blocked, id=20068, stack(0x0000009fbd400000,0x0000009fbd500000)]
  0x0000020a5785e000 JavaThread "Unconstrained build operations Thread 67" [_thread_blocked, id=17056, stack(0x0000009fbd500000,0x0000009fbd600000)]
  0x0000020a5785a000 JavaThread "Unconstrained build operations Thread 68" [_thread_blocked, id=1748, stack(0x0000009fbd600000,0x0000009fbd700000)]
  0x0000020a5785b800 JavaThread "Unconstrained build operations Thread 69" [_thread_blocked, id=18680, stack(0x0000009fbd700000,0x0000009fbd800000)]
  0x0000020a5785c800 JavaThread "Unconstrained build operations Thread 70" [_thread_blocked, id=17272, stack(0x0000009fbd800000,0x0000009fbd900000)]
  0x0000020a57963000 JavaThread "Unconstrained build operations Thread 71" [_thread_blocked, id=4428, stack(0x0000009fbd900000,0x0000009fbda00000)]
  0x0000020a57967000 JavaThread "Unconstrained build operations Thread 72" [_thread_blocked, id=19460, stack(0x0000009fbda00000,0x0000009fbdb00000)]
  0x0000020a57964000 JavaThread "Unconstrained build operations Thread 73" [_thread_blocked, id=21188, stack(0x0000009fbdb00000,0x0000009fbdc00000)]
  0x0000020a57966800 JavaThread "Unconstrained build operations Thread 74" [_thread_blocked, id=10180, stack(0x0000009fbdc00000,0x0000009fbdd00000)]
  0x0000020a57964800 JavaThread "Unconstrained build operations Thread 75" [_thread_blocked, id=13812, stack(0x0000009fbdd00000,0x0000009fbde00000)]
  0x0000020a57965800 JavaThread "Unconstrained build operations Thread 76" [_thread_blocked, id=18736, stack(0x0000009fbde00000,0x0000009fbdf00000)]
  0x0000020a57961800 JavaThread "Unconstrained build operations Thread 77" [_thread_blocked, id=18472, stack(0x0000009fbdf00000,0x0000009fbe000000)]
  0x0000020a57968000 JavaThread "Unconstrained build operations Thread 78" [_thread_blocked, id=2432, stack(0x0000009fbe000000,0x0000009fbe100000)]
  0x0000020a57962000 JavaThread "Unconstrained build operations Thread 79" [_thread_blocked, id=18268, stack(0x0000009fbe100000,0x0000009fbe200000)]
  0x0000020a57969800 JavaThread "Unconstrained build operations Thread 80" [_thread_blocked, id=20952, stack(0x0000009fbe200000,0x0000009fbe300000)]
  0x0000020a5796d000 JavaThread "build event listener" [_thread_blocked, id=13944, stack(0x0000009fbe300000,0x0000009fbe400000)]
  0x0000020a5796d800 JavaThread "Execution worker for ':'" [_thread_blocked, id=19240, stack(0x0000009fbea00000,0x0000009fbeb00000)]
  0x0000020a5796b000 JavaThread "Execution worker for ':' Thread 2" [_thread_blocked, id=17920, stack(0x0000009fbec00000,0x0000009fbed00000)]
  0x0000020a5796c000 JavaThread "Execution worker for ':' Thread 3" [_thread_blocked, id=19748, stack(0x0000009fbed00000,0x0000009fbee00000)]
  0x0000020a5796e800 JavaThread "Execution worker for ':' Thread 4" [_thread_blocked, id=16792, stack(0x0000009fbee00000,0x0000009fbef00000)]
  0x0000020a5796a800 JavaThread "Execution worker for ':' Thread 5" [_thread_blocked, id=13340, stack(0x0000009fbef00000,0x0000009fbf000000)]
  0x0000020a57968800 JavaThread "Execution worker for ':' Thread 6" [_thread_blocked, id=5756, stack(0x0000009fbf000000,0x0000009fbf100000)]
  0x0000020a57970000 JavaThread "Execution worker for ':' Thread 7" [_thread_blocked, id=13168, stack(0x0000009fbf100000,0x0000009fbf200000)]
  0x0000020a5796f000 JavaThread "Cache worker for execution history cache (D:\Work\AStudio\UWidget\.gradle\7.2\executionHistory)" [_thread_blocked, id=21336, stack(0x0000009fbf200000,0x0000009fbf300000)]
  0x0000020a5d793000 JavaThread "WorkerExecutor Queue" [_thread_blocked, id=19304, stack(0x0000009fbf300000,0x0000009fbf400000)]
  0x0000020a6199e800 JavaThread "WorkerExecutor Queue Thread 2" [_thread_blocked, id=20320, stack(0x0000009fbf400000,0x0000009fbf500000)]
  0x0000020a6199b000 JavaThread "pool-7-thread-1" [_thread_blocked, id=6100, stack(0x0000009fbf600000,0x0000009fbf700000)]
  0x0000020a6199c000 JavaThread "stderr" [_thread_in_native, id=6684, stack(0x0000009fbf700000,0x0000009fbf800000)]
  0x0000020a6199f800 JavaThread "stdout" [_thread_in_native, id=18008, stack(0x0000009fbf800000,0x0000009fbf900000)]
  0x0000020a61999800 JavaThread "RMI TCP Connection(5)-127.0.0.1" daemon [_thread_in_native, id=17956, stack(0x0000009fbf900000,0x0000009fbfa00000)]
  0x0000020a619a0000 JavaThread "RMI TCP Connection(6)-127.0.0.1" daemon [_thread_in_native, id=17392, stack(0x0000009fbfb00000,0x0000009fbfc00000)]
  0x0000020a6199a800 JavaThread "Cache worker for Java compile cache (C:\Users\Kiko\.gradle\caches\7.2\javaCompile)" [_thread_blocked, id=17756, stack(0x0000009fbfc00000,0x0000009fbfd00000)]
  0x0000020a619a6000 JavaThread "Build operations" [_thread_blocked, id=17532, stack(0x0000009fbfd00000,0x0000009fbfe00000)]
  0x0000020a619a6800 JavaThread "Build operations Thread 2" [_thread_blocked, id=9744, stack(0x0000009fc0000000,0x0000009fc0100000)]
  0x0000020a619a2800 JavaThread "Build operations Thread 3" [_thread_blocked, id=18212, stack(0x0000009fc0100000,0x0000009fc0200000)]
  0x0000020a619a1000 JavaThread "Build operations Thread 4" [_thread_blocked, id=21120, stack(0x0000009fc0200000,0x0000009fc0300000)]
  0x0000020a619a3800 JavaThread "Build operations Thread 5" [_thread_blocked, id=7644, stack(0x0000009fc0300000,0x0000009fc0400000)]
  0x0000020a619a1800 JavaThread "Build operations Thread 6" [_thread_blocked, id=8720, stack(0x0000009fc0400000,0x0000009fc0500000)]
  0x0000020a619a4000 JavaThread "Build operations Thread 7" [_thread_blocked, id=17488, stack(0x0000009fc0500000,0x0000009fc0600000)]
  0x0000020a619a7800 JavaThread "Build operations Thread 8" [_thread_blocked, id=12812, stack(0x0000009fc0600000,0x0000009fc0700000)]
  0x0000020a6199d000 JavaThread "WorkerExecutor Queue Thread 4" [_thread_blocked, id=11624, stack(0x0000009fb8d00000,0x0000009fb8e00000)]
  0x0000020a6199d800 JavaThread "WorkerExecutor Queue Thread 5" [_thread_blocked, id=21276, stack(0x0000009fb7b00000,0x0000009fb7c00000)]
  0x0000020a61998800 JavaThread "C2 CompilerThread1" daemon [_thread_in_native, id=11464, stack(0x0000009fbf500000,0x0000009fbf600000)]
  0x0000020a619a5000 JavaThread "WorkerExecutor Queue Thread 6" [_thread_blocked, id=11592, stack(0x0000009fc0700000,0x0000009fc0800000)]
  0x0000020a60dea000 JavaThread "WorkerExecutor Queue Thread 7" [_thread_blocked, id=7604, stack(0x0000009fc0800000,0x0000009fc0900000)]
  0x0000020a60df3800 JavaThread "WorkerExecutor Queue Thread 8" [_thread_blocked, id=11112, stack(0x0000009fc0900000,0x0000009fc0a00000)]
  0x0000020a5fe6c800 JavaThread "WorkerExecutor Queue Thread 9" [_thread_blocked, id=19844, stack(0x0000009fc0a00000,0x0000009fc0b00000)]
  0x0000020a5fe6c000 JavaThread "WorkerExecutor Queue Thread 11" [_thread_blocked, id=15972, stack(0x0000009fc0b00000,0x0000009fc0c00000)]

Other Threads:
=>0x0000020a55daf000 VMThread "VM Thread" [stack: 0x0000009fb6600000,0x0000009fb6700000] [id=18940]
  0x0000020a567c9000 WatcherThread [stack: 0x0000009fb7000000,0x0000009fb7100000] [id=18712]
  0x0000020a3b161000 GCTaskThread "GC Thread#0" [stack: 0x0000009fb6100000,0x0000009fb6200000] [id=12592]
  0x0000020a576f6800 GCTaskThread "GC Thread#1" [stack: 0x0000009fb7200000,0x0000009fb7300000] [id=9788]
  0x0000020a587d0000 GCTaskThread "GC Thread#2" [stack: 0x0000009fb7c00000,0x0000009fb7d00000] [id=13108]
  0x0000020a57ec5800 GCTaskThread "GC Thread#3" [stack: 0x0000009fb7d00000,0x0000009fb7e00000] [id=21476]
  0x0000020a58804800 GCTaskThread "GC Thread#4" [stack: 0x0000009fb7e00000,0x0000009fb7f00000] [id=4212]
  0x0000020a58805000 GCTaskThread "GC Thread#5" [stack: 0x0000009fb7f00000,0x0000009fb8000000] [id=11736]
  0x0000020a58a24800 GCTaskThread "GC Thread#6" [stack: 0x0000009fb8000000,0x0000009fb8100000] [id=13552]
  0x0000020a58a25000 GCTaskThread "GC Thread#7" [stack: 0x0000009fb8100000,0x0000009fb8200000] [id=19284]
  0x0000020a3b194800 ConcurrentGCThread "G1 Main Marker" [stack: 0x0000009fb6200000,0x0000009fb6300000] [id=19632]
  0x0000020a3b196000 ConcurrentGCThread "G1 Conc#0" [stack: 0x0000009fb6300000,0x0000009fb6400000] [id=7676]
  0x0000020a59057800 ConcurrentGCThread "G1 Conc#1" [stack: 0x0000009fb8700000,0x0000009fb8800000] [id=5124]
  0x0000020a55bf9800 ConcurrentGCThread "G1 Refine#0" [stack: 0x0000009fb6400000,0x0000009fb6500000] [id=21252]
  0x0000020a582b3000 ConcurrentGCThread "G1 Refine#1" [stack: 0x0000009fb8200000,0x0000009fb8300000] [id=20820]
  0x0000020a55bfa800 ConcurrentGCThread "G1 Young RemSet Sampling" [stack: 0x0000009fb6500000,0x0000009fb6600000] [id=17740]

Threads with active compile tasks:
C2 CompilerThread0 446264 22523       4       com.android.tools.r8.graph.p0::a (20 bytes)
C1 CompilerThread0 446264 22798 %     3       com.android.tools.r8.dex.r::a @ 315 (1038 bytes)
C2 CompilerThread1 446264 21137 %     4       com.android.tools.r8.ir.regalloc.b::c @ 2099 (3939 bytes)

VM state:at safepoint (normal execution)

VM Mutex/Monitor currently owned by a thread:  ([mutex/lock_event])
[0x0000020a3b144be0] Threads_lock - owner thread: 0x0000020a55daf000
[0x0000020a3b1449a0] Heap_lock - owner thread: 0x0000020a6199d800

Heap address: 0x0000000080000000, size: 2048 MB, Compressed Oops mode: 32-bit
Narrow klass base: 0x0000000000000000, Narrow klass shift: 3
Compressed class space size: 1073741824 Address: 0x0000000100000000

Heap:
 garbage-first heap   total 346112K, used 163223K [0x0000000080000000, 0x0000000100000000)
  region size 1024K, 2 young (2048K), 2 survivors (2048K)
 Metaspace       used 124045K, capacity 127667K, committed 128976K, reserved 1161216K
  class space    used 15746K, capacity 17142K, committed 17664K, reserved 1048576K
Heap Regions: E=young(eden), S=young(survivor), O=old, HS=humongous(starts), HC=humongous(continues), CS=collection set, F=free, A=archive, TAMS=top-at-mark-start (previous, next)
|   0|0x0000000080000000, 0x0000000080100000, 0x0000000080100000|100%| O|  |TAMS 0x0000000080100000, 0x0000000080100000| Untracked 
|   1|0x0000000080100000, 0x0000000080200000, 0x0000000080200000|100%| O|  |TAMS 0x0000000080200000, 0x0000000080200000| Untracked 
|   2|0x0000000080200000, 0x0000000080300000, 0x0000000080300000|100%| O|  |TAMS 0x0000000080300000, 0x0000000080300000| Untracked 
|   3|0x0000000080300000, 0x0000000080400000, 0x0000000080400000|100%|HS|  |TAMS 0x0000000080400000, 0x0000000080400000| Complete 
|   4|0x0000000080400000, 0x0000000080500000, 0x0000000080500000|100%|HC|  |TAMS 0x0000000080500000, 0x0000000080500000| Complete 
|   5|0x0000000080500000, 0x0000000080600000, 0x0000000080600000|100%|HC|  |TAMS 0x0000000080600000, 0x0000000080600000| Complete 
|   6|0x0000000080600000, 0x0000000080700000, 0x0000000080700000|100%| O|  |TAMS 0x0000000080700000, 0x0000000080700000| Untracked 
|   7|0x0000000080700000, 0x0000000080800000, 0x0000000080800000|100%| O|  |TAMS 0x0000000080800000, 0x0000000080800000| Untracked 
|   8|0x0000000080800000, 0x0000000080900000, 0x0000000080900000|100%| O|  |TAMS 0x0000000080900000, 0x0000000080900000| Untracked 
|   9|0x0000000080900000, 0x0000000080a00000, 0x0000000080a00000|100%| O|  |TAMS 0x0000000080a00000, 0x0000000080a00000| Untracked 
|  10|0x0000000080a00000, 0x0000000080b00000, 0x0000000080b00000|100%| O|  |TAMS 0x0000000080b00000, 0x0000000080b00000| Untracked 
|  11|0x0000000080b00000, 0x0000000080c00000, 0x0000000080c00000|100%| O|  |TAMS 0x0000000080c00000, 0x0000000080c00000| Untracked 
|  12|0x0000000080c00000, 0x0000000080d00000, 0x0000000080d00000|100%| O|  |TAMS 0x0000000080d00000, 0x0000000080d00000| Untracked 
|  13|0x0000000080d00000, 0x0000000080e00000, 0x0000000080e00000|100%| O|  |TAMS 0x0000000080e00000, 0x0000000080e00000| Untracked 
|  14|0x0000000080e00000, 0x0000000080f00000, 0x0000000080f00000|100%| O|  |TAMS 0x0000000080f00000, 0x0000000080f00000| Untracked 
|  15|0x0000000080f00000, 0x0000000081000000, 0x0000000081000000|100%| O|  |TAMS 0x0000000081000000, 0x0000000081000000| Untracked 
|  16|0x0000000081000000, 0x0000000081100000, 0x0000000081100000|100%|HS|  |TAMS 0x0000000081100000, 0x0000000081100000| Complete 
|  17|0x0000000081100000, 0x0000000081200000, 0x0000000081200000|100%| O|  |TAMS 0x0000000081200000, 0x0000000081200000| Untracked 
|  18|0x0000000081200000, 0x0000000081300000, 0x0000000081300000|100%| O|  |TAMS 0x0000000081300000, 0x0000000081300000| Untracked 
|  19|0x0000000081300000, 0x0000000081400000, 0x0000000081400000|100%| O|  |TAMS 0x0000000081400000, 0x0000000081400000| Untracked 
|  20|0x0000000081400000, 0x0000000081500000, 0x0000000081500000|100%| O|  |TAMS 0x0000000081500000, 0x0000000081500000| Untracked 
|  21|0x0000000081500000, 0x0000000081600000, 0x0000000081600000|100%| O|  |TAMS 0x0000000081600000, 0x0000000081600000| Untracked 
|  22|0x0000000081600000, 0x0000000081700000, 0x0000000081700000|100%| O|  |TAMS 0x0000000081700000, 0x0000000081700000| Untracked 
|  23|0x0000000081700000, 0x0000000081800000, 0x0000000081800000|100%| O|  |TAMS 0x0000000081800000, 0x0000000081800000| Untracked 
|  24|0x0000000081800000, 0x0000000081900000, 0x0000000081900000|100%| O|  |TAMS 0x0000000081900000, 0x0000000081900000| Untracked 
|  25|0x0000000081900000, 0x0000000081a00000, 0x0000000081a00000|100%| O|  |TAMS 0x0000000081a00000, 0x0000000081a00000| Untracked 
|  26|0x0000000081a00000, 0x0000000081b00000, 0x0000000081b00000|100%| O|  |TAMS 0x0000000081b00000, 0x0000000081b00000| Untracked 
|  27|0x0000000081b00000, 0x0000000081c00000, 0x0000000081c00000|100%|HS|  |TAMS 0x0000000081c00000, 0x0000000081c00000| Complete 
|  28|0x0000000081c00000, 0x0000000081d00000, 0x0000000081d00000|100%|HS|  |TAMS 0x0000000081d00000, 0x0000000081d00000| Complete 
|  29|0x0000000081d00000, 0x0000000081e00000, 0x0000000081e00000|100%|HS|  |TAMS 0x0000000081e00000, 0x0000000081e00000| Complete 
|  30|0x0000000081e00000, 0x0000000081f00000, 0x0000000081f00000|100%|HS|  |TAMS 0x0000000081f00000, 0x0000000081f00000| Complete 
|  31|0x0000000081f00000, 0x0000000082000000, 0x0000000082000000|100%|HC|  |TAMS 0x0000000082000000, 0x0000000082000000| Complete 
|  32|0x0000000082000000, 0x0000000082100000, 0x0000000082100000|100%|HC|  |TAMS 0x0000000082100000, 0x0000000082100000| Complete 
|  33|0x0000000082100000, 0x0000000082200000, 0x0000000082200000|100%|HS|  |TAMS 0x0000000082200000, 0x0000000082200000| Complete 
|  34|0x0000000082200000, 0x0000000082300000, 0x0000000082300000|100%|HC|  |TAMS 0x0000000082300000, 0x0000000082300000| Complete 
|  35|0x0000000082300000, 0x0000000082400000, 0x0000000082400000|100%| O|  |TAMS 0x0000000082400000, 0x0000000082400000| Untracked 
|  36|0x0000000082400000, 0x0000000082500000, 0x0000000082500000|100%| O|  |TAMS 0x0000000082500000, 0x0000000082500000| Untracked 
|  37|0x0000000082500000, 0x0000000082600000, 0x0000000082600000|100%| O|  |TAMS 0x0000000082600000, 0x0000000082600000| Untracked 
|  38|0x0000000082600000, 0x0000000082700000, 0x0000000082700000|100%| O|  |TAMS 0x0000000082700000, 0x0000000082700000| Untracked 
|  39|0x0000000082700000, 0x0000000082800000, 0x0000000082800000|100%| O|  |TAMS 0x0000000082800000, 0x0000000082800000| Untracked 
|  40|0x0000000082800000, 0x0000000082900000, 0x0000000082900000|100%| O|  |TAMS 0x0000000082900000, 0x0000000082900000| Untracked 
|  41|0x0000000082900000, 0x0000000082a00000, 0x0000000082a00000|100%| O|  |TAMS 0x0000000082a00000, 0x0000000082a00000| Untracked 
|  42|0x0000000082a00000, 0x0000000082b00000, 0x0000000082b00000|100%| O|  |TAMS 0x0000000082b00000, 0x0000000082b00000| Untracked 
|  43|0x0000000082b00000, 0x0000000082c00000, 0x0000000082c00000|100%| O|  |TAMS 0x0000000082c00000, 0x0000000082c00000| Untracked 
|  44|0x0000000082c00000, 0x0000000082d00000, 0x0000000082d00000|100%| O|  |TAMS 0x0000000082d00000, 0x0000000082d00000| Untracked 
|  45|0x0000000082d00000, 0x0000000082e00000, 0x0000000082e00000|100%| O|  |TAMS 0x0000000082e00000, 0x0000000082e00000| Untracked 
|  46|0x0000000082e00000, 0x0000000082f00000, 0x0000000082f00000|100%| O|  |TAMS 0x0000000082f00000, 0x0000000082f00000| Untracked 
|  47|0x0000000082f00000, 0x0000000083000000, 0x0000000083000000|100%| O|  |TAMS 0x0000000083000000, 0x0000000083000000| Untracked 
|  48|0x0000000083000000, 0x0000000083100000, 0x0000000083100000|100%| O|  |TAMS 0x0000000083100000, 0x0000000083100000| Untracked 
|  49|0x0000000083100000, 0x0000000083200000, 0x0000000083200000|100%| O|  |TAMS 0x0000000083200000, 0x0000000083200000| Untracked 
|  50|0x0000000083200000, 0x0000000083300000, 0x0000000083300000|100%| O|  |TAMS 0x0000000083300000, 0x0000000083300000| Untracked 
|  51|0x0000000083300000, 0x0000000083400000, 0x0000000083400000|100%| O|  |TAMS 0x0000000083400000, 0x0000000083400000| Untracked 
|  52|0x0000000083400000, 0x0000000083500000, 0x0000000083500000|100%| O|  |TAMS 0x0000000083500000, 0x0000000083500000| Untracked 
|  53|0x0000000083500000, 0x0000000083600000, 0x0000000083600000|100%| O|  |TAMS 0x0000000083600000, 0x0000000083600000| Untracked 
|  54|0x0000000083600000, 0x0000000083700000, 0x0000000083700000|100%| O|  |TAMS 0x0000000083700000, 0x0000000083700000| Untracked 
|  55|0x0000000083700000, 0x0000000083800000, 0x0000000083800000|100%| O|  |TAMS 0x0000000083800000, 0x0000000083800000| Untracked 
|  56|0x0000000083800000, 0x0000000083900000, 0x0000000083900000|100%| O|  |TAMS 0x0000000083900000, 0x0000000083900000| Untracked 
|  57|0x0000000083900000, 0x0000000083a00000, 0x0000000083a00000|100%| O|  |TAMS 0x0000000083a00000, 0x0000000083a00000| Untracked 
|  58|0x0000000083a00000, 0x0000000083b00000, 0x0000000083b00000|100%| O|  |TAMS 0x0000000083b00000, 0x0000000083b00000| Untracked 
|  59|0x0000000083b00000, 0x0000000083c00000, 0x0000000083c00000|100%| O|  |TAMS 0x0000000083c00000, 0x0000000083c00000| Untracked 
|  60|0x0000000083c00000, 0x0000000083d00000, 0x0000000083d00000|100%| O|  |TAMS 0x0000000083d00000, 0x0000000083d00000| Untracked 
|  61|0x0000000083d00000, 0x0000000083e00000, 0x0000000083e00000|100%| O|  |TAMS 0x0000000083e00000, 0x0000000083e00000| Untracked 
|  62|0x0000000083e00000, 0x0000000083f00000, 0x0000000083f00000|100%| O|  |TAMS 0x0000000083f00000, 0x0000000083f00000| Untracked 
|  63|0x0000000083f00000, 0x0000000084000000, 0x0000000084000000|100%| O|  |TAMS 0x0000000084000000, 0x0000000084000000| Untracked 
|  64|0x0000000084000000, 0x0000000084100000, 0x0000000084100000|100%| O|  |TAMS 0x0000000084100000, 0x0000000084100000| Untracked 
|  65|0x0000000084100000, 0x0000000084200000, 0x0000000084200000|100%| O|  |TAMS 0x0000000084200000, 0x0000000084200000| Untracked 
|  66|0x0000000084200000, 0x0000000084300000, 0x0000000084300000|100%| O|  |TAMS 0x0000000084300000, 0x0000000084300000| Untracked 
|  67|0x0000000084300000, 0x0000000084400000, 0x0000000084400000|100%| O|  |TAMS 0x0000000084400000, 0x0000000084400000| Untracked 
|  68|0x0000000084400000, 0x0000000084500000, 0x0000000084500000|100%| O|  |TAMS 0x0000000084500000, 0x0000000084500000| Untracked 
|  69|0x0000000084500000, 0x0000000084600000, 0x0000000084600000|100%| O|  |TAMS 0x0000000084600000, 0x0000000084600000| Untracked 
|  70|0x0000000084600000, 0x0000000084700000, 0x0000000084700000|100%| O|  |TAMS 0x0000000084700000, 0x0000000084700000| Untracked 
|  71|0x0000000084700000, 0x0000000084800000, 0x0000000084800000|100%| O|  |TAMS 0x0000000084800000, 0x0000000084800000| Untracked 
|  72|0x0000000084800000, 0x0000000084900000, 0x0000000084900000|100%| O|  |TAMS 0x0000000084900000, 0x0000000084900000| Untracked 
|  73|0x0000000084900000, 0x0000000084a00000, 0x0000000084a00000|100%| O|  |TAMS 0x0000000084a00000, 0x0000000084a00000| Untracked 
|  74|0x0000000084a00000, 0x0000000084b00000, 0x0000000084b00000|100%| O|  |TAMS 0x0000000084b00000, 0x0000000084b00000| Untracked 
|  75|0x0000000084b00000, 0x0000000084c00000, 0x0000000084c00000|100%| O|  |TAMS 0x0000000084c00000, 0x0000000084c00000| Untracked 
|  76|0x0000000084c00000, 0x0000000084d00000, 0x0000000084d00000|100%| O|  |TAMS 0x0000000084d00000, 0x0000000084d00000| Untracked 
|  77|0x0000000084d00000, 0x0000000084e00000, 0x0000000084e00000|100%| O|  |TAMS 0x0000000084e00000, 0x0000000084e00000| Untracked 
|  78|0x0000000084e00000, 0x0000000084f00000, 0x0000000084f00000|100%| O|  |TAMS 0x0000000084f00000, 0x0000000084f00000| Untracked 
|  79|0x0000000084f00000, 0x0000000085000000, 0x0000000085000000|100%| O|  |TAMS 0x0000000085000000, 0x0000000085000000| Untracked 
|  80|0x0000000085000000, 0x0000000085100000, 0x0000000085100000|100%| O|  |TAMS 0x0000000085100000, 0x0000000085100000| Untracked 
|  81|0x0000000085100000, 0x0000000085200000, 0x0000000085200000|100%| O|  |TAMS 0x0000000085200000, 0x0000000085200000| Untracked 
|  82|0x0000000085200000, 0x0000000085300000, 0x0000000085300000|100%| O|  |TAMS 0x0000000085300000, 0x0000000085300000| Untracked 
|  83|0x0000000085300000, 0x0000000085400000, 0x0000000085400000|100%| O|  |TAMS 0x0000000085400000, 0x0000000085400000| Untracked 
|  84|0x0000000085400000, 0x0000000085500000, 0x0000000085500000|100%| O|  |TAMS 0x0000000085500000, 0x0000000085500000| Untracked 
|  85|0x0000000085500000, 0x0000000085600000, 0x0000000085600000|100%| O|  |TAMS 0x0000000085600000, 0x0000000085600000| Untracked 
|  86|0x0000000085600000, 0x0000000085700000, 0x0000000085700000|100%| O|  |TAMS 0x0000000085700000, 0x0000000085700000| Untracked 
|  87|0x0000000085700000, 0x0000000085800000, 0x0000000085800000|100%| O|  |TAMS 0x0000000085800000, 0x0000000085800000| Untracked 
|  88|0x0000000085800000, 0x0000000085900000, 0x0000000085900000|100%| O|  |TAMS 0x0000000085900000, 0x0000000085900000| Untracked 
|  89|0x0000000085900000, 0x0000000085a00000, 0x0000000085a00000|100%| O|  |TAMS 0x0000000085900000, 0x0000000085a00000| Untracked 
|  90|0x0000000085a00000, 0x0000000085b00000, 0x0000000085b00000|100%| O|  |TAMS 0x0000000085b00000, 0x0000000085b00000| Untracked 
|  91|0x0000000085b00000, 0x0000000085c00000, 0x0000000085c00000|100%| O|  |TAMS 0x0000000085c00000, 0x0000000085c00000| Untracked 
|  92|0x0000000085c00000, 0x0000000085d00000, 0x0000000085d00000|100%| O|  |TAMS 0x0000000085d00000, 0x0000000085d00000| Untracked 
|  93|0x0000000085d00000, 0x0000000085e00000, 0x0000000085e00000|100%| O|  |TAMS 0x0000000085e00000, 0x0000000085e00000| Untracked 
|  94|0x0000000085e00000, 0x0000000085f00000, 0x0000000085f00000|100%| O|  |TAMS 0x0000000085f00000, 0x0000000085f00000| Untracked 
|  95|0x0000000085f00000, 0x0000000086000000, 0x0000000086000000|100%| O|  |TAMS 0x0000000086000000, 0x0000000086000000| Untracked 
|  96|0x0000000086000000, 0x0000000086100000, 0x0000000086100000|100%| O|  |TAMS 0x0000000086100000, 0x0000000086100000| Untracked 
|  97|0x0000000086100000, 0x0000000086200000, 0x0000000086200000|100%| O|  |TAMS 0x0000000086200000, 0x0000000086200000| Untracked 
|  98|0x0000000086200000, 0x0000000086300000, 0x0000000086300000|100%| O|  |TAMS 0x0000000086300000, 0x0000000086300000| Untracked 
|  99|0x0000000086300000, 0x0000000086400000, 0x0000000086400000|100%| O|  |TAMS 0x0000000086400000, 0x0000000086400000| Untracked 
| 100|0x0000000086400000, 0x0000000086500000, 0x0000000086500000|100%| O|  |TAMS 0x0000000086500000, 0x0000000086500000| Untracked 
| 101|0x0000000086500000, 0x0000000086600000, 0x0000000086600000|100%| O|  |TAMS 0x0000000086600000, 0x0000000086600000| Untracked 
| 102|0x0000000086600000, 0x0000000086700000, 0x0000000086700000|100%| O|  |TAMS 0x0000000086700000, 0x0000000086700000| Untracked 
| 103|0x0000000086700000, 0x0000000086800000, 0x0000000086800000|100%| O|  |TAMS 0x0000000086800000, 0x0000000086800000| Untracked 
| 104|0x0000000086800000, 0x0000000086900000, 0x0000000086900000|100%| O|  |TAMS 0x0000000086900000, 0x0000000086900000| Untracked 
| 105|0x0000000086900000, 0x0000000086a00000, 0x0000000086a00000|100%| O|  |TAMS 0x0000000086a00000, 0x0000000086a00000| Untracked 
| 106|0x0000000086a00000, 0x0000000086b00000, 0x0000000086b00000|100%| O|  |TAMS 0x0000000086b00000, 0x0000000086b00000| Untracked 
| 107|0x0000000086b00000, 0x0000000086c00000, 0x0000000086c00000|100%| O|  |TAMS 0x0000000086c00000, 0x0000000086c00000| Untracked 
| 108|0x0000000086c00000, 0x0000000086d00000, 0x0000000086d00000|100%| O|  |TAMS 0x0000000086d00000, 0x0000000086d00000| Untracked 
| 109|0x0000000086d00000, 0x0000000086e00000, 0x0000000086e00000|100%| O|  |TAMS 0x0000000086e00000, 0x0000000086e00000| Untracked 
| 110|0x0000000086e00000, 0x0000000086f00000, 0x0000000086f00000|100%| O|  |TAMS 0x0000000086f00000, 0x0000000086f00000| Untracked 
| 111|0x0000000086f00000, 0x0000000087000000, 0x0000000087000000|100%| O|  |TAMS 0x0000000087000000, 0x0000000087000000| Untracked 
| 112|0x0000000087000000, 0x0000000087100000, 0x0000000087100000|100%| O|  |TAMS 0x0000000087100000, 0x0000000087100000| Untracked 
| 113|0x0000000087100000, 0x0000000087200000, 0x0000000087200000|100%| O|  |TAMS 0x0000000087200000, 0x0000000087200000| Untracked 
| 114|0x0000000087200000, 0x0000000087300000, 0x0000000087300000|100%| O|  |TAMS 0x0000000087300000, 0x0000000087300000| Untracked 
| 115|0x0000000087300000, 0x0000000087400000, 0x0000000087400000|100%| O|  |TAMS 0x0000000087400000, 0x0000000087400000| Untracked 
| 116|0x0000000087400000, 0x0000000087500000, 0x0000000087500000|100%| O|  |TAMS 0x0000000087500000, 0x0000000087500000| Untracked 
| 117|0x0000000087500000, 0x0000000087600000, 0x0000000087600000|100%| O|  |TAMS 0x0000000087600000, 0x0000000087600000| Untracked 
| 118|0x0000000087600000, 0x0000000087700000, 0x0000000087700000|100%| O|  |TAMS 0x0000000087700000, 0x0000000087700000| Untracked 
| 119|0x0000000087700000, 0x0000000087800000, 0x0000000087800000|100%| O|  |TAMS 0x0000000087800000, 0x0000000087800000| Untracked 
| 120|0x0000000087800000, 0x0000000087900000, 0x0000000087900000|100%| O|  |TAMS 0x0000000087900000, 0x0000000087900000| Untracked 
| 121|0x0000000087900000, 0x0000000087a00000, 0x0000000087a00000|100%| O|  |TAMS 0x0000000087a00000, 0x0000000087a00000| Untracked 
| 122|0x0000000087a00000, 0x0000000087b00000, 0x0000000087b00000|100%| O|  |TAMS 0x0000000087b00000, 0x0000000087b00000| Untracked 
| 123|0x0000000087b00000, 0x0000000087c00000, 0x0000000087c00000|100%| O|  |TAMS 0x0000000087c00000, 0x0000000087c00000| Untracked 
| 124|0x0000000087c00000, 0x0000000087d00000, 0x0000000087d00000|100%| O|  |TAMS 0x0000000087d00000, 0x0000000087d00000| Untracked 
| 125|0x0000000087d00000, 0x0000000087e00000, 0x0000000087e00000|100%| O|  |TAMS 0x0000000087e00000, 0x0000000087e00000| Untracked 
| 126|0x0000000087e00000, 0x0000000087f00000, 0x0000000087f00000|100%| O|  |TAMS 0x0000000087f00000, 0x0000000087f00000| Untracked 
| 127|0x0000000087f00000, 0x0000000088000000, 0x0000000088000000|100%| O|  |TAMS 0x0000000088000000, 0x0000000088000000| Untracked 
| 128|0x0000000088000000, 0x0000000088100000, 0x0000000088100000|100%| O|  |TAMS 0x0000000088100000, 0x0000000088100000| Untracked 
| 129|0x0000000088100000, 0x0000000088200000, 0x0000000088200000|100%| O|  |TAMS 0x0000000088200000, 0x0000000088200000| Untracked 
| 130|0x0000000088200000, 0x0000000088300000, 0x0000000088300000|100%| O|  |TAMS 0x0000000088300000, 0x0000000088300000| Untracked 
| 131|0x0000000088300000, 0x0000000088400000, 0x0000000088400000|100%| O|  |TAMS 0x0000000088400000, 0x0000000088400000| Untracked 
| 132|0x0000000088400000, 0x0000000088500000, 0x0000000088500000|100%| O|  |TAMS 0x0000000088500000, 0x0000000088500000| Untracked 
| 133|0x0000000088500000, 0x0000000088600000, 0x0000000088600000|100%| O|  |TAMS 0x0000000088600000, 0x0000000088600000| Untracked 
| 134|0x0000000088600000, 0x0000000088700000, 0x0000000088700000|100%| O|  |TAMS 0x0000000088700000, 0x0000000088700000| Untracked 
| 135|0x0000000088700000, 0x0000000088800000, 0x0000000088800000|100%| O|  |TAMS 0x0000000088700000, 0x0000000088800000| Untracked 
| 136|0x0000000088800000, 0x0000000088900000, 0x0000000088900000|100%| O|  |TAMS 0x0000000088900000, 0x0000000088900000| Untracked 
| 137|0x0000000088900000, 0x0000000088a00000, 0x0000000088a00000|100%| O|  |TAMS 0x0000000088a00000, 0x0000000088a00000| Untracked 
| 138|0x0000000088a00000, 0x0000000088b00000, 0x0000000088b00000|100%| O|  |TAMS 0x0000000088b00000, 0x0000000088b00000| Untracked 
| 139|0x0000000088b00000, 0x0000000088c00000, 0x0000000088c00000|100%| O|  |TAMS 0x0000000088b00000, 0x0000000088c00000| Untracked 
| 140|0x0000000088c00000, 0x0000000088d00000, 0x0000000088d00000|100%| O|  |TAMS 0x0000000088d00000, 0x0000000088d00000| Untracked 
| 141|0x0000000088d00000, 0x0000000088e00000, 0x0000000088e00000|100%| O|  |TAMS 0x0000000088e00000, 0x0000000088e00000| Untracked 
| 142|0x0000000088e00000, 0x0000000088e00000, 0x0000000088f00000|  0%| F|  |TAMS 0x0000000088e00000, 0x0000000088e00000| Untracked 
| 143|0x0000000088f00000, 0x0000000089000000, 0x0000000089000000|100%| O|  |TAMS 0x0000000088f00000, 0x0000000089000000| Untracked 
| 144|0x0000000089000000, 0x0000000089000000, 0x0000000089100000|  0%| F|  |TAMS 0x0000000089000000, 0x0000000089000000| Untracked 
| 145|0x0000000089100000, 0x0000000089100000, 0x0000000089200000|  0%| F|  |TAMS 0x0000000089100000, 0x0000000089100000| Untracked 
| 146|0x0000000089200000, 0x0000000089200000, 0x0000000089300000|  0%| F|  |TAMS 0x0000000089200000, 0x0000000089200000| Untracked 
| 147|0x0000000089300000, 0x0000000089400000, 0x0000000089400000|100%| O|  |TAMS 0x0000000089400000, 0x0000000089400000| Untracked 
| 148|0x0000000089400000, 0x0000000089500000, 0x0000000089500000|100%| O|  |TAMS 0x0000000089500000, 0x0000000089500000| Untracked 
| 149|0x0000000089500000, 0x0000000089600000, 0x0000000089600000|100%| O|  |TAMS 0x0000000089600000, 0x0000000089600000| Untracked 
| 150|0x0000000089600000, 0x0000000089700000, 0x0000000089700000|100%| O|  |TAMS 0x0000000089600000, 0x0000000089700000| Untracked 
| 151|0x0000000089700000, 0x0000000089800000, 0x0000000089800000|100%| O|  |TAMS 0x0000000089700000, 0x0000000089800000| Untracked 
| 152|0x0000000089800000, 0x0000000089900000, 0x0000000089900000|100%| O|  |TAMS 0x0000000089800000, 0x0000000089900000| Untracked 
| 153|0x0000000089900000, 0x0000000089a00000, 0x0000000089a00000|100%| O|  |TAMS 0x0000000089a00000, 0x0000000089a00000| Untracked 
| 154|0x0000000089a00000, 0x0000000089a00000, 0x0000000089b00000|  0%| F|  |TAMS 0x0000000089a00000, 0x0000000089a00000| Untracked 
| 155|0x0000000089b00000, 0x0000000089c00000, 0x0000000089c00000|100%| O|  |TAMS 0x0000000089c00000, 0x0000000089c00000| Untracked 
| 156|0x0000000089c00000, 0x0000000089d00000, 0x0000000089d00000|100%| O|  |TAMS 0x0000000089d00000, 0x0000000089d00000| Untracked 
| 157|0x0000000089d00000, 0x0000000089e00000, 0x0000000089e00000|100%| O|  |TAMS 0x0000000089e00000, 0x0000000089e00000| Untracked 
| 158|0x0000000089e00000, 0x0000000089e00000, 0x0000000089f00000|  0%| F|  |TAMS 0x0000000089e00000, 0x0000000089e00000| Untracked 
| 159|0x0000000089f00000, 0x000000008a000000, 0x000000008a000000|100%| O|  |TAMS 0x0000000089fc6000, 0x000000008a000000| Untracked 
| 160|0x000000008a000000, 0x000000008a099800, 0x000000008a100000| 59%| O|  |TAMS 0x000000008a000000, 0x000000008a099800| Untracked 
| 161|0x000000008a100000, 0x000000008a100000, 0x000000008a200000|  0%| F|  |TAMS 0x000000008a100000, 0x000000008a100000| Untracked 
| 162|0x000000008a200000, 0x000000008a300000, 0x000000008a300000|100%|HS|  |TAMS 0x000000008a300000, 0x000000008a300000| Complete 
| 163|0x000000008a300000, 0x000000008a400000, 0x000000008a400000|100%|HC|  |TAMS 0x000000008a400000, 0x000000008a400000| Complete 
| 164|0x000000008a400000, 0x000000008a500000, 0x000000008a500000|100%| O|  |TAMS 0x000000008a500000, 0x000000008a500000| Untracked 
| 165|0x000000008a500000, 0x000000008a500000, 0x000000008a600000|  0%| F|  |TAMS 0x000000008a500000, 0x000000008a500000| Untracked 
| 166|0x000000008a600000, 0x000000008a600000, 0x000000008a700000|  0%| F|  |TAMS 0x000000008a600000, 0x000000008a600000| Untracked 
| 167|0x000000008a700000, 0x000000008a700000, 0x000000008a800000|  0%| F|  |TAMS 0x000000008a700000, 0x000000008a700000| Untracked 
| 168|0x000000008a800000, 0x000000008a800000, 0x000000008a900000|  0%| F|  |TAMS 0x000000008a800000, 0x000000008a800000| Untracked 
| 169|0x000000008a900000, 0x000000008a900000, 0x000000008aa00000|  0%| F|  |TAMS 0x000000008a900000, 0x000000008a900000| Untracked 
| 170|0x000000008aa00000, 0x000000008aa00000, 0x000000008ab00000|  0%| F|  |TAMS 0x000000008aa00000, 0x000000008aa00000| Untracked 
| 171|0x000000008ab00000, 0x000000008ab00000, 0x000000008ac00000|  0%| F|  |TAMS 0x000000008ab00000, 0x000000008ab00000| Untracked 
| 172|0x000000008ac00000, 0x000000008ac00000, 0x000000008ad00000|  0%| F|  |TAMS 0x000000008ac00000, 0x000000008ac00000| Untracked 
| 173|0x000000008ad00000, 0x000000008ad00000, 0x000000008ae00000|  0%| F|  |TAMS 0x000000008ad00000, 0x000000008ad00000| Untracked 
| 174|0x000000008ae00000, 0x000000008ae00000, 0x000000008af00000|  0%| F|  |TAMS 0x000000008ae00000, 0x000000008ae00000| Untracked 
| 175|0x000000008af00000, 0x000000008af00000, 0x000000008b000000|  0%| F|  |TAMS 0x000000008af00000, 0x000000008af00000| Untracked 
| 176|0x000000008b000000, 0x000000008b000000, 0x000000008b100000|  0%| F|  |TAMS 0x000000008b000000, 0x000000008b000000| Untracked 
| 177|0x000000008b100000, 0x000000008b100000, 0x000000008b200000|  0%| F|  |TAMS 0x000000008b100000, 0x000000008b100000| Untracked 
| 178|0x000000008b200000, 0x000000008b200000, 0x000000008b300000|  0%| F|  |TAMS 0x000000008b200000, 0x000000008b200000| Untracked 
| 179|0x000000008b300000, 0x000000008b300000, 0x000000008b400000|  0%| F|  |TAMS 0x000000008b300000, 0x000000008b300000| Untracked 
| 180|0x000000008b400000, 0x000000008b400000, 0x000000008b500000|  0%| F|  |TAMS 0x000000008b400000, 0x000000008b400000| Untracked 
| 181|0x000000008b500000, 0x000000008b500000, 0x000000008b600000|  0%| F|  |TAMS 0x000000008b500000, 0x000000008b500000| Untracked 
| 182|0x000000008b600000, 0x000000008b600000, 0x000000008b700000|  0%| F|  |TAMS 0x000000008b600000, 0x000000008b600000| Untracked 
| 183|0x000000008b700000, 0x000000008b700000, 0x000000008b800000|  0%| F|  |TAMS 0x000000008b700000, 0x000000008b700000| Untracked 
| 184|0x000000008b800000, 0x000000008b800000, 0x000000008b900000|  0%| F|  |TAMS 0x000000008b800000, 0x000000008b800000| Untracked 
| 185|0x000000008b900000, 0x000000008b900000, 0x000000008ba00000|  0%| F|  |TAMS 0x000000008b900000, 0x000000008b900000| Untracked 
| 186|0x000000008ba00000, 0x000000008ba00000, 0x000000008bb00000|  0%| F|  |TAMS 0x000000008ba00000, 0x000000008ba00000| Untracked 
| 187|0x000000008bb00000, 0x000000008bb00000, 0x000000008bc00000|  0%| F|  |TAMS 0x000000008bb00000, 0x000000008bb00000| Untracked 
| 188|0x000000008bc00000, 0x000000008bc00000, 0x000000008bd00000|  0%| F|  |TAMS 0x000000008bc00000, 0x000000008bc00000| Untracked 
| 189|0x000000008bd00000, 0x000000008bd00000, 0x000000008be00000|  0%| F|  |TAMS 0x000000008bd00000, 0x000000008bd00000| Untracked 
| 190|0x000000008be00000, 0x000000008be00000, 0x000000008bf00000|  0%| F|  |TAMS 0x000000008be00000, 0x000000008be00000| Untracked 
| 191|0x000000008bf00000, 0x000000008bf00000, 0x000000008c000000|  0%| F|  |TAMS 0x000000008bf00000, 0x000000008bf00000| Untracked 
| 192|0x000000008c000000, 0x000000008c000000, 0x000000008c100000|  0%| F|  |TAMS 0x000000008c000000, 0x000000008c000000| Untracked 
| 193|0x000000008c100000, 0x000000008c100000, 0x000000008c200000|  0%| F|  |TAMS 0x000000008c100000, 0x000000008c100000| Untracked 
| 194|0x000000008c200000, 0x000000008c200000, 0x000000008c300000|  0%| F|  |TAMS 0x000000008c200000, 0x000000008c200000| Untracked 
| 195|0x000000008c300000, 0x000000008c300000, 0x000000008c400000|  0%| F|  |TAMS 0x000000008c300000, 0x000000008c300000| Untracked 
| 196|0x000000008c400000, 0x000000008c400000, 0x000000008c500000|  0%| F|  |TAMS 0x000000008c400000, 0x000000008c400000| Untracked 
| 197|0x000000008c500000, 0x000000008c500000, 0x000000008c600000|  0%| F|  |TAMS 0x000000008c500000, 0x000000008c500000| Untracked 
| 198|0x000000008c600000, 0x000000008c600000, 0x000000008c700000|  0%| F|  |TAMS 0x000000008c600000, 0x000000008c600000| Untracked 
| 199|0x000000008c700000, 0x000000008c700000, 0x000000008c800000|  0%| F|  |TAMS 0x000000008c700000, 0x000000008c700000| Untracked 
| 200|0x000000008c800000, 0x000000008c800000, 0x000000008c900000|  0%| F|  |TAMS 0x000000008c800000, 0x000000008c800000| Untracked 
| 201|0x000000008c900000, 0x000000008c900000, 0x000000008ca00000|  0%| F|  |TAMS 0x000000008c900000, 0x000000008c900000| Untracked 
| 202|0x000000008ca00000, 0x000000008ca00000, 0x000000008cb00000|  0%| F|  |TAMS 0x000000008ca00000, 0x000000008ca00000| Untracked 
| 203|0x000000008cb00000, 0x000000008cb00000, 0x000000008cc00000|  0%| F|  |TAMS 0x000000008cb00000, 0x000000008cb00000| Untracked 
| 204|0x000000008cc00000, 0x000000008cc00000, 0x000000008cd00000|  0%| F|  |TAMS 0x000000008cc00000, 0x000000008cc00000| Untracked 
| 205|0x000000008cd00000, 0x000000008cd00000, 0x000000008ce00000|  0%| F|  |TAMS 0x000000008cd00000, 0x000000008cd00000| Untracked 
| 206|0x000000008ce00000, 0x000000008ce00000, 0x000000008cf00000|  0%| F|  |TAMS 0x000000008ce00000, 0x000000008ce00000| Untracked 
| 207|0x000000008cf00000, 0x000000008cf00000, 0x000000008d000000|  0%| F|  |TAMS 0x000000008cf00000, 0x000000008cf00000| Untracked 
| 208|0x000000008d000000, 0x000000008d000000, 0x000000008d100000|  0%| F|  |TAMS 0x000000008d000000, 0x000000008d000000| Untracked 
| 209|0x000000008d100000, 0x000000008d100000, 0x000000008d200000|  0%| F|  |TAMS 0x000000008d100000, 0x000000008d100000| Untracked 
| 210|0x000000008d200000, 0x000000008d200000, 0x000000008d300000|  0%| F|  |TAMS 0x000000008d200000, 0x000000008d200000| Untracked 
| 211|0x000000008d300000, 0x000000008d300000, 0x000000008d400000|  0%| F|  |TAMS 0x000000008d300000, 0x000000008d300000| Untracked 
| 212|0x000000008d400000, 0x000000008d400000, 0x000000008d500000|  0%| F|  |TAMS 0x000000008d400000, 0x000000008d400000| Untracked 
| 213|0x000000008d500000, 0x000000008d500000, 0x000000008d600000|  0%| F|  |TAMS 0x000000008d500000, 0x000000008d500000| Untracked 
| 214|0x000000008d600000, 0x000000008d600000, 0x000000008d700000|  0%| F|  |TAMS 0x000000008d600000, 0x000000008d600000| Untracked 
| 215|0x000000008d700000, 0x000000008d700000, 0x000000008d800000|  0%| F|  |TAMS 0x000000008d700000, 0x000000008d700000| Untracked 
| 216|0x000000008d800000, 0x000000008d800000, 0x000000008d900000|  0%| F|  |TAMS 0x000000008d800000, 0x000000008d800000| Untracked 
| 217|0x000000008d900000, 0x000000008d900000, 0x000000008da00000|  0%| F|  |TAMS 0x000000008d900000, 0x000000008d900000| Untracked 
| 218|0x000000008da00000, 0x000000008da00000, 0x000000008db00000|  0%| F|  |TAMS 0x000000008da00000, 0x000000008da00000| Untracked 
| 219|0x000000008db00000, 0x000000008db00000, 0x000000008dc00000|  0%| F|  |TAMS 0x000000008db00000, 0x000000008db00000| Untracked 
| 220|0x000000008dc00000, 0x000000008dc00000, 0x000000008dd00000|  0%| F|  |TAMS 0x000000008dc00000, 0x000000008dc00000| Untracked 
| 221|0x000000008dd00000, 0x000000008dd00000, 0x000000008de00000|  0%| F|  |TAMS 0x000000008dd00000, 0x000000008dd00000| Untracked 
| 222|0x000000008de00000, 0x000000008de00000, 0x000000008df00000|  0%| F|  |TAMS 0x000000008de00000, 0x000000008de00000| Untracked 
| 223|0x000000008df00000, 0x000000008df00000, 0x000000008e000000|  0%| F|  |TAMS 0x000000008df00000, 0x000000008df00000| Untracked 
| 224|0x000000008e000000, 0x000000008e000000, 0x000000008e100000|  0%| F|  |TAMS 0x000000008e000000, 0x000000008e000000| Untracked 
| 225|0x000000008e100000, 0x000000008e100000, 0x000000008e200000|  0%| F|  |TAMS 0x000000008e100000, 0x000000008e100000| Untracked 
| 226|0x000000008e200000, 0x000000008e200000, 0x000000008e300000|  0%| F|  |TAMS 0x000000008e200000, 0x000000008e200000| Untracked 
| 227|0x000000008e300000, 0x000000008e300000, 0x000000008e400000|  0%| F|  |TAMS 0x000000008e300000, 0x000000008e300000| Untracked 
| 228|0x000000008e400000, 0x000000008e400000, 0x000000008e500000|  0%| F|  |TAMS 0x000000008e400000, 0x000000008e400000| Untracked 
| 229|0x000000008e500000, 0x000000008e500000, 0x000000008e600000|  0%| F|  |TAMS 0x000000008e500000, 0x000000008e500000| Untracked 
| 230|0x000000008e600000, 0x000000008e600000, 0x000000008e700000|  0%| F|  |TAMS 0x000000008e600000, 0x000000008e600000| Untracked 
| 231|0x000000008e700000, 0x000000008e700000, 0x000000008e800000|  0%| F|  |TAMS 0x000000008e700000, 0x000000008e700000| Untracked 
| 232|0x000000008e800000, 0x000000008e800000, 0x000000008e900000|  0%| F|  |TAMS 0x000000008e800000, 0x000000008e800000| Untracked 
| 233|0x000000008e900000, 0x000000008e900000, 0x000000008ea00000|  0%| F|  |TAMS 0x000000008e900000, 0x000000008e900000| Untracked 
| 234|0x000000008ea00000, 0x000000008ea00000, 0x000000008eb00000|  0%| F|  |TAMS 0x000000008ea00000, 0x000000008ea00000| Untracked 
| 235|0x000000008eb00000, 0x000000008eb00000, 0x000000008ec00000|  0%| F|  |TAMS 0x000000008eb00000, 0x000000008eb00000| Untracked 
| 236|0x000000008ec00000, 0x000000008ec00000, 0x000000008ed00000|  0%| F|  |TAMS 0x000000008ec00000, 0x000000008ec00000| Untracked 
| 237|0x000000008ed00000, 0x000000008ed00000, 0x000000008ee00000|  0%| F|  |TAMS 0x000000008ed00000, 0x000000008ed00000| Untracked 
| 238|0x000000008ee00000, 0x000000008ee00000, 0x000000008ef00000|  0%| F|  |TAMS 0x000000008ee00000, 0x000000008ee00000| Untracked 
| 239|0x000000008ef00000, 0x000000008ef00000, 0x000000008f000000|  0%| F|  |TAMS 0x000000008ef00000, 0x000000008ef00000| Untracked 
| 240|0x000000008f000000, 0x000000008f000000, 0x000000008f100000|  0%| F|  |TAMS 0x000000008f000000, 0x000000008f000000| Untracked 
| 241|0x000000008f100000, 0x000000008f100000, 0x000000008f200000|  0%| F|  |TAMS 0x000000008f100000, 0x000000008f100000| Untracked 
| 242|0x000000008f200000, 0x000000008f200000, 0x000000008f300000|  0%| F|  |TAMS 0x000000008f200000, 0x000000008f200000| Untracked 
| 243|0x000000008f300000, 0x000000008f300000, 0x000000008f400000|  0%| F|  |TAMS 0x000000008f300000, 0x000000008f300000| Untracked 
| 244|0x000000008f400000, 0x000000008f400000, 0x000000008f500000|  0%| F|  |TAMS 0x000000008f400000, 0x000000008f400000| Untracked 
| 245|0x000000008f500000, 0x000000008f500000, 0x000000008f600000|  0%| F|  |TAMS 0x000000008f500000, 0x000000008f500000| Untracked 
| 246|0x000000008f600000, 0x000000008f600000, 0x000000008f700000|  0%| F|  |TAMS 0x000000008f600000, 0x000000008f600000| Untracked 
| 247|0x000000008f700000, 0x000000008f700000, 0x000000008f800000|  0%| F|  |TAMS 0x000000008f700000, 0x000000008f700000| Untracked 
| 248|0x000000008f800000, 0x000000008f800000, 0x000000008f900000|  0%| F|  |TAMS 0x000000008f800000, 0x000000008f800000| Untracked 
| 249|0x000000008f900000, 0x000000008f900000, 0x000000008fa00000|  0%| F|  |TAMS 0x000000008f900000, 0x000000008f900000| Untracked 
| 250|0x000000008fa00000, 0x000000008fa00000, 0x000000008fb00000|  0%| F|  |TAMS 0x000000008fa00000, 0x000000008fa00000| Untracked 
| 251|0x000000008fb00000, 0x000000008fb00000, 0x000000008fc00000|  0%| F|  |TAMS 0x000000008fb00000, 0x000000008fb00000| Untracked 
| 252|0x000000008fc00000, 0x000000008fc00000, 0x000000008fd00000|  0%| F|  |TAMS 0x000000008fc00000, 0x000000008fc00000| Untracked 
| 253|0x000000008fd00000, 0x000000008fd00000, 0x000000008fe00000|  0%| F|  |TAMS 0x000000008fd00000, 0x000000008fd00000| Untracked 
| 254|0x000000008fe00000, 0x000000008fe00000, 0x000000008ff00000|  0%| F|  |TAMS 0x000000008fe00000, 0x000000008fe00000| Untracked 
| 255|0x000000008ff00000, 0x000000008ff00000, 0x0000000090000000|  0%| F|  |TAMS 0x000000008ff00000, 0x000000008ff00000| Untracked 
| 256|0x0000000090000000, 0x0000000090000000, 0x0000000090100000|  0%| F|  |TAMS 0x0000000090000000, 0x0000000090000000| Untracked 
| 257|0x0000000090100000, 0x0000000090100000, 0x0000000090200000|  0%| F|  |TAMS 0x0000000090100000, 0x0000000090100000| Untracked 
| 258|0x0000000090200000, 0x0000000090200000, 0x0000000090300000|  0%| F|  |TAMS 0x0000000090200000, 0x0000000090200000| Untracked 
| 259|0x0000000090300000, 0x0000000090300000, 0x0000000090400000|  0%| F|  |TAMS 0x0000000090300000, 0x0000000090300000| Untracked 
| 260|0x0000000090400000, 0x0000000090400000, 0x0000000090500000|  0%| F|  |TAMS 0x0000000090400000, 0x0000000090400000| Untracked 
| 261|0x0000000090500000, 0x0000000090500000, 0x0000000090600000|  0%| F|  |TAMS 0x0000000090500000, 0x0000000090500000| Untracked 
| 262|0x0000000090600000, 0x0000000090600000, 0x0000000090700000|  0%| F|  |TAMS 0x0000000090600000, 0x0000000090600000| Untracked 
| 263|0x0000000090700000, 0x0000000090700000, 0x0000000090800000|  0%| F|  |TAMS 0x0000000090700000, 0x0000000090700000| Untracked 
| 264|0x0000000090800000, 0x0000000090800000, 0x0000000090900000|  0%| F|  |TAMS 0x0000000090800000, 0x0000000090800000| Untracked 
| 265|0x0000000090900000, 0x0000000090900000, 0x0000000090a00000|  0%| F|  |TAMS 0x0000000090900000, 0x0000000090900000| Untracked 
| 266|0x0000000090a00000, 0x0000000090a00000, 0x0000000090b00000|  0%| F|  |TAMS 0x0000000090a00000, 0x0000000090a00000| Untracked 
| 267|0x0000000090b00000, 0x0000000090b00000, 0x0000000090c00000|  0%| F|  |TAMS 0x0000000090b00000, 0x0000000090b00000| Untracked 
| 268|0x0000000090c00000, 0x0000000090c00000, 0x0000000090d00000|  0%| F|  |TAMS 0x0000000090c00000, 0x0000000090c00000| Untracked 
| 269|0x0000000090d00000, 0x0000000090d00000, 0x0000000090e00000|  0%| F|  |TAMS 0x0000000090d00000, 0x0000000090d00000| Untracked 
| 270|0x0000000090e00000, 0x0000000090e00000, 0x0000000090f00000|  0%| F|  |TAMS 0x0000000090e00000, 0x0000000090e00000| Untracked 
| 271|0x0000000090f00000, 0x0000000090f00000, 0x0000000091000000|  0%| F|  |TAMS 0x0000000090f00000, 0x0000000090f00000| Untracked 
| 272|0x0000000091000000, 0x0000000091000000, 0x0000000091100000|  0%| F|  |TAMS 0x0000000091000000, 0x0000000091000000| Untracked 
| 273|0x0000000091100000, 0x0000000091100000, 0x0000000091200000|  0%| F|  |TAMS 0x0000000091100000, 0x0000000091100000| Untracked 
| 274|0x0000000091200000, 0x0000000091200000, 0x0000000091300000|  0%| F|  |TAMS 0x0000000091200000, 0x0000000091200000| Untracked 
| 275|0x0000000091300000, 0x0000000091300000, 0x0000000091400000|  0%| F|  |TAMS 0x0000000091300000, 0x0000000091300000| Untracked 
| 276|0x0000000091400000, 0x0000000091400000, 0x0000000091500000|  0%| F|  |TAMS 0x0000000091400000, 0x0000000091400000| Untracked 
| 277|0x0000000091500000, 0x0000000091500000, 0x0000000091600000|  0%| F|  |TAMS 0x0000000091500000, 0x0000000091500000| Untracked 
| 278|0x0000000091600000, 0x00000000916cc600, 0x0000000091700000| 79%| S|CS|TAMS 0x0000000091600000, 0x0000000091600000| Complete 
| 279|0x0000000091700000, 0x0000000091800000, 0x0000000091800000|100%| S|CS|TAMS 0x0000000091700000, 0x0000000091700000| Complete 
| 280|0x0000000091800000, 0x0000000091800000, 0x0000000091900000|  0%| F|  |TAMS 0x0000000091800000, 0x0000000091800000| Untracked 

Card table byte_map: [0x0000020a4eab0000,0x0000020a4eeb0000] _byte_map_base: 0x0000020a4e6b0000

Marking Bits (Prev, Next): (CMBitMap*) 0x0000020a3b18ba98, (CMBitMap*) 0x0000020a3b18bad0
 Prev Bits: [0x0000020a4f2b0000, 0x0000020a512b0000)
 Next Bits: [0x0000020a512b0000, 0x0000020a532b0000)

Polling page: 0x0000020a39950000

Metaspace:

Usage:
  Non-class:    107.93 MB capacity,   105.76 MB ( 98%) used,     1.75 MB (  2%) free+waste,   437.75 KB ( <1%) overhead. 
      Class:     16.74 MB capacity,    15.38 MB ( 92%) used,     1.17 MB (  7%) free+waste,   193.75 KB (  1%) overhead. 
       Both:    124.67 MB capacity,   121.14 MB ( 97%) used,     2.92 MB (  2%) free+waste,   631.50 KB ( <1%) overhead. 

Virtual space:
  Non-class space:      110.00 MB reserved,     108.70 MB ( 99%) committed 
      Class space:        1.00 GB reserved,      17.25 MB (  2%) committed 
             Both:        1.11 GB reserved,     125.95 MB ( 11%) committed 

Chunk freelists:
   Non-Class:  659.00 KB
       Class:  522.00 KB
        Both:  1.15 MB

MaxMetaspaceSize: 17179869184.00 GB
CompressedClassSpaceSize: 1.00 GB

CodeHeap 'non-profiled nmethods': size=120000Kb used=13741Kb max_used=13806Kb free=106258Kb
 bounds [0x0000020a46720000, 0x0000020a474c0000, 0x0000020a4dc50000]
CodeHeap 'profiled nmethods': size=120000Kb used=47289Kb max_used=47289Kb free=72710Kb
 bounds [0x0000020a3f1f0000, 0x0000020a42040000, 0x0000020a46720000]
CodeHeap 'non-nmethods': size=5760Kb used=2381Kb max_used=2428Kb free=3378Kb
 bounds [0x0000020a3ec50000, 0x0000020a3eed0000, 0x0000020a3f1f0000]
 total_blobs=21574 nmethods=20563 adapters=919
 compilation: enabled
              stopped_count=0, restarted_count=0
 full_count=0

Compilation events (20 events):
Event: 446.204 Thread 0x0000020a56625800 nmethod 22750 0x0000020a4202bb90 code [0x0000020a4202bd60, 0x0000020a4202c058]
Event: 446.204 Thread 0x0000020a56625800 22749       2       com.android.tools.r8.dex.w::a (10 bytes)
Event: 446.204 Thread 0x0000020a56625800 nmethod 22749 0x0000020a4202c190 code [0x0000020a4202c360, 0x0000020a4202c4d8]
Event: 446.204 Thread 0x0000020a56625800 22768       2       com.android.tools.r8.graph.S$b::<init> (40 bytes)
Event: 446.205 Thread 0x0000020a56625800 nmethod 22768 0x0000020a4202c610 code [0x0000020a4202c7c0, 0x0000020a4202c8b8]
Event: 446.205 Thread 0x0000020a56625800 22769       2       com.android.tools.r8.graph.p0$$Lambda$2333/0x0000000101089840::apply (15 bytes)
Event: 446.205 Thread 0x0000020a56625800 nmethod 22769 0x0000020a4202c990 code [0x0000020a4202cb40, 0x0000020a4202cce8]
Event: 446.205 Thread 0x0000020a56625800 22772       2       com.android.tools.r8.graph.x::e (20 bytes)
Event: 446.205 Thread 0x0000020a56625800 nmethod 22772 0x0000020a4202ce10 code [0x0000020a4202cfc0, 0x0000020a4202d0d8]
Event: 446.205 Thread 0x0000020a56625800 22774       2       com.android.tools.r8.graph.H::<init> (354 bytes)
Event: 446.208 Thread 0x0000020a56625800 nmethod 22774 0x0000020a4202d210 code [0x0000020a4202d600, 0x0000020a4202eb28]
Event: 446.208 Thread 0x0000020a56625800 22775       2       com.android.tools.r8.dex.r::e (654 bytes)
Event: 446.209 Thread 0x0000020a565de800 nmethod 22771 0x0000020a46a80d10 code [0x0000020a46a80ec0, 0x0000020a46a81558]
Event: 446.209 Thread 0x0000020a565de800 22498  s    4       java.io.ByteArrayOutputStream::toByteArray (12 bytes)
Event: 446.214 Thread 0x0000020a56625800 nmethod 22775 0x0000020a4202f590 code [0x0000020a4202fbc0, 0x0000020a42032d08]
Event: 446.214 Thread 0x0000020a56625800 22798 %     3       com.android.tools.r8.dex.r::a @ 315 (1038 bytes)
Event: 446.214 Thread 0x0000020a565de800 nmethod 22498 0x0000020a46a80490 code [0x0000020a46a80640, 0x0000020a46a80b98]
Event: 446.214 Thread 0x0000020a565de800 22673       4       com.android.tools.r8.graph.c0::<init> (33 bytes)
Event: 446.216 Thread 0x0000020a565de800 nmethod 22673 0x0000020a46a80110 code [0x0000020a46a802a0, 0x0000020a46a803d8]
Event: 446.217 Thread 0x0000020a565de800 22523       4       com.android.tools.r8.graph.p0::a (20 bytes)

GC Heap History (20 events):
Event: 443.264 GC heap after
{Heap after GC invocations=98 (full 0):
 garbage-first heap   total 239616K, used 163524K [0x0000000080000000, 0x0000000100000000)
  region size 1024K, 3 young (3072K), 3 survivors (3072K)
 Metaspace       used 121536K, capacity 125318K, committed 126160K, reserved 1159168K
  class space    used 15623K, capacity 17111K, committed 17408K, reserved 1048576K
}
Event: 443.488 GC heap before
{Heap before GC invocations=99 (full 0):
 garbage-first heap   total 239616K, used 202436K [0x0000000080000000, 0x0000000100000000)
  region size 1024K, 42 young (43008K), 3 survivors (3072K)
 Metaspace       used 122120K, capacity 125852K, committed 126800K, reserved 1159168K
  class space    used 15706K, capacity 17200K, committed 17536K, reserved 1048576K
}
Event: 443.493 GC heap after
{Heap after GC invocations=100 (full 0):
 garbage-first heap   total 239616K, used 164253K [0x0000000080000000, 0x0000000100000000)
  region size 1024K, 3 young (3072K), 3 survivors (3072K)
 Metaspace       used 122120K, capacity 125852K, committed 126800K, reserved 1159168K
  class space    used 15706K, capacity 17200K, committed 17536K, reserved 1048576K
}
Event: 443.522 GC heap before
{Heap before GC invocations=100 (full 0):
 garbage-first heap   total 239616K, used 171421K [0x0000000080000000, 0x0000000100000000)
  region size 1024K, 11 young (11264K), 3 survivors (3072K)
 Metaspace       used 122145K, capacity 125948K, committed 126800K, reserved 1159168K
  class space    used 15715K, capacity 17232K, committed 17536K, reserved 1048576K
}
Event: 443.529 GC heap after
{Heap after GC invocations=101 (full 0):
 garbage-first heap   total 239616K, used 163672K [0x0000000080000000, 0x0000000100000000)
  region size 1024K, 2 young (2048K), 2 survivors (2048K)
 Metaspace       used 122145K, capacity 125948K, committed 126800K, reserved 1159168K
  class space    used 15715K, capacity 17232K, committed 17536K, reserved 1048576K
}
Event: 443.661 GC heap before
{Heap before GC invocations=101 (full 0):
 garbage-first heap   total 239616K, used 203608K [0x0000000080000000, 0x0000000100000000)
  region size 1024K, 42 young (43008K), 2 survivors (2048K)
 Metaspace       used 122192K, capacity 125950K, committed 126800K, reserved 1159168K
  class space    used 15729K, capacity 17233K, committed 17536K, reserved 1048576K
}
Event: 443.668 GC heap after
{Heap after GC invocations=102 (full 0):
 garbage-first heap   total 239616K, used 164778K [0x0000000080000000, 0x0000000100000000)
  region size 1024K, 3 young (3072K), 3 survivors (3072K)
 Metaspace       used 122192K, capacity 125950K, committed 126800K, reserved 1159168K
  class space    used 15729K, capacity 17233K, committed 17536K, reserved 1048576K
}
Event: 443.864 GC heap before
{Heap before GC invocations=102 (full 0):
 garbage-first heap   total 239616K, used 204714K [0x0000000080000000, 0x0000000100000000)
  region size 1024K, 42 young (43008K), 3 survivors (3072K)
 Metaspace       used 122294K, capacity 126081K, committed 126800K, reserved 1159168K
  class space    used 15735K, capacity 17233K, committed 17536K, reserved 1048576K
}
Event: 443.870 GC heap after
{Heap after GC invocations=103 (full 0):
 garbage-first heap   total 287744K, used 165092K [0x0000000080000000, 0x0000000100000000)
  region size 1024K, 3 young (3072K), 3 survivors (3072K)
 Metaspace       used 122294K, capacity 126081K, committed 126800K, reserved 1159168K
  class space    used 15735K, capacity 17233K, committed 17536K, reserved 1048576K
}
Event: 444.184 GC heap before
{Heap before GC invocations=104 (full 0):
 garbage-first heap   total 287744K, used 230628K [0x0000000080000000, 0x0000000100000000)
  region size 1024K, 67 young (68608K), 3 survivors (3072K)
 Metaspace       used 121801K, capacity 125176K, committed 127056K, reserved 1159168K
  class space    used 15489K, capacity 16816K, committed 17536K, reserved 1048576K
}
Event: 444.188 GC heap after
{Heap after GC invocations=105 (full 0):
 garbage-first heap   total 287744K, used 164807K [0x0000000080000000, 0x0000000100000000)
  region size 1024K, 3 young (3072K), 3 survivors (3072K)
 Metaspace       used 121801K, capacity 125176K, committed 127056K, reserved 1159168K
  class space    used 15489K, capacity 16816K, committed 17536K, reserved 1048576K
}
Event: 444.210 GC heap before
{Heap before GC invocations=105 (full 0):
 garbage-first heap   total 287744K, used 176071K [0x0000000080000000, 0x0000000100000000)
  region size 1024K, 14 young (14336K), 3 survivors (3072K)
 Metaspace       used 121801K, capacity 125176K, committed 127056K, reserved 1159168K
  class space    used 15489K, capacity 16816K, committed 17536K, reserved 1048576K
}
Event: 444.217 GC heap after
{Heap after GC invocations=106 (full 0):
 garbage-first heap   total 287744K, used 161560K [0x0000000080000000, 0x0000000100000000)
  region size 1024K, 2 young (2048K), 2 survivors (2048K)
 Metaspace       used 121801K, capacity 125176K, committed 127056K, reserved 1159168K
  class space    used 15489K, capacity 16816K, committed 17536K, reserved 1048576K
}
Event: 444.474 GC heap before
{Heap before GC invocations=106 (full 0):
 garbage-first heap   total 287744K, used 231192K [0x0000000080000000, 0x0000000100000000)
  region size 1024K, 71 young (72704K), 2 survivors (2048K)
 Metaspace       used 122140K, capacity 125589K, committed 127312K, reserved 1159168K
  class space    used 15507K, capacity 16840K, committed 17536K, reserved 1048576K
}
Event: 444.479 GC heap after
{Heap after GC invocations=107 (full 0):
 garbage-first heap   total 287744K, used 161560K [0x0000000080000000, 0x0000000100000000)
  region size 1024K, 2 young (2048K), 2 survivors (2048K)
 Metaspace       used 122140K, capacity 125589K, committed 127312K, reserved 1159168K
  class space    used 15507K, capacity 16840K, committed 17536K, reserved 1048576K
}
Event: 446.114 GC heap before
{Heap before GC invocations=108 (full 0):
 garbage-first heap   total 287744K, used 236312K [0x0000000080000000, 0x0000000100000000)
  region size 1024K, 76 young (77824K), 2 survivors (2048K)
 Metaspace       used 123972K, capacity 127592K, committed 128976K, reserved 1161216K
  class space    used 15742K, capacity 17139K, committed 17664K, reserved 1048576K
}
Event: 446.124 GC heap after
{Heap after GC invocations=109 (full 0):
 garbage-first heap   total 287744K, used 166223K [0x0000000080000000, 0x0000000100000000)
  region size 1024K, 7 young (7168K), 7 survivors (7168K)
 Metaspace       used 123972K, capacity 127592K, committed 128976K, reserved 1161216K
  class space    used 15742K, capacity 17139K, committed 17664K, reserved 1048576K
}
Event: 446.217 GC heap before
{Heap before GC invocations=109 (full 0):
 garbage-first heap   total 287744K, used 172367K [0x0000000080000000, 0x0000000100000000)
  region size 1024K, 14 young (14336K), 7 survivors (7168K)
 Metaspace       used 124045K, capacity 127667K, committed 128976K, reserved 1161216K
  class space    used 15746K, capacity 17142K, committed 17664K, reserved 1048576K
}
Event: 446.226 GC heap after
{Heap after GC invocations=110 (full 0):
 garbage-first heap   total 287744K, used 163430K [0x0000000080000000, 0x0000000100000000)
  region size 1024K, 2 young (2048K), 2 survivors (2048K)
 Metaspace       used 124045K, capacity 127667K, committed 128976K, reserved 1161216K
  class space    used 15746K, capacity 17142K, committed 17664K, reserved 1048576K
}
Event: 446.231 GC heap before
{Heap before GC invocations=110 (full 0):
 garbage-first heap   total 287744K, used 163430K [0x0000000080000000, 0x0000000100000000)
  region size 1024K, 3 young (3072K), 2 survivors (2048K)
 Metaspace       used 124045K, capacity 127667K, committed 128976K, reserved 1161216K
  class space    used 15746K, capacity 17142K, committed 17664K, reserved 1048576K
}

Deoptimization events (20 events):
Event: 445.756 Thread 0x0000020a60dea000 DEOPT PACKING pc=0x0000020a468e1500 sp=0x0000009fc08fd640
Event: 445.756 Thread 0x0000020a60dea000 DEOPT UNPACKING pc=0x0000020a3ec7662f sp=0x0000009fc08fd6b0 mode 2
Event: 445.881 Thread 0x0000020a619a5000 DEOPT PACKING pc=0x0000020a4027e968 sp=0x0000009fc07fd5c0
Event: 445.881 Thread 0x0000020a619a5000 DEOPT UNPACKING pc=0x0000020a3ec76dde sp=0x0000009fc07fca60 mode 0
Event: 445.890 Thread 0x0000020a6199d800 DEOPT PACKING pc=0x0000020a4027e968 sp=0x0000009fb7bfd670
Event: 445.890 Thread 0x0000020a6199d800 DEOPT UNPACKING pc=0x0000020a3ec76dde sp=0x0000009fb7bfcb10 mode 0
Event: 445.933 Thread 0x0000020a6199e800 DEOPT PACKING pc=0x0000020a41caa0b8 sp=0x0000009fbf4fd810
Event: 445.933 Thread 0x0000020a6199e800 DEOPT UNPACKING pc=0x0000020a3ec76dde sp=0x0000009fbf4fcd30 mode 0
Event: 445.955 Thread 0x0000020a5fe6c000 DEOPT PACKING pc=0x0000020a3fa1bbfe sp=0x0000009fc0bfd030
Event: 445.955 Thread 0x0000020a5fe6c000 DEOPT UNPACKING pc=0x0000020a3ec76dde sp=0x0000009fc0bfc5b8 mode 0
Event: 446.026 Thread 0x0000020a5fe6c000 DEOPT PACKING pc=0x0000020a3f6dd35a sp=0x0000009fc0bfd6e0
Event: 446.026 Thread 0x0000020a5fe6c000 DEOPT UNPACKING pc=0x0000020a3ec76dde sp=0x0000009fc0bfcbf0 mode 0
Event: 446.032 Thread 0x0000020a5fe6c000 DEOPT PACKING pc=0x0000020a3f85ab3b sp=0x0000009fc0bfced0
Event: 446.032 Thread 0x0000020a5fe6c000 DEOPT UNPACKING pc=0x0000020a3ec76dde sp=0x0000009fc0bfc3b8 mode 0
Event: 446.040 Thread 0x0000020a5fe6c000 DEOPT PACKING pc=0x0000020a3f877cbc sp=0x0000009fc0bfcfc0
Event: 446.040 Thread 0x0000020a5fe6c000 DEOPT UNPACKING pc=0x0000020a3ec76dde sp=0x0000009fc0bfc4b0 mode 0
Event: 446.130 Thread 0x0000020a6199d800 DEOPT PACKING pc=0x0000020a3f82c6f6 sp=0x0000009fb7bfce70
Event: 446.130 Thread 0x0000020a6199d800 DEOPT UNPACKING pc=0x0000020a3ec76dde sp=0x0000009fb7bfc398 mode 0
Event: 446.182 Thread 0x0000020a6199d000 DEOPT PACKING pc=0x0000020a4039e90c sp=0x0000009fb8dfd490
Event: 446.182 Thread 0x0000020a6199d000 DEOPT UNPACKING pc=0x0000020a3ec76dde sp=0x0000009fb8dfca38 mode 0

Classes redefined (0 events):
No events

Internal exceptions (20 events):
Event: 444.845 Thread 0x0000020a5d793000 Exception <a 'sun/nio/fs/WindowsException'{0x00000000902de3b0}> (0x00000000902de3b0) thrown at [./src/hotspot/share/prims/jni.cpp, line 615]
Event: 444.849 Thread 0x0000020a5d793000 Exception <a 'sun/nio/fs/WindowsException'{0x00000000902ffac0}> (0x00000000902ffac0) thrown at [./src/hotspot/share/prims/jni.cpp, line 615]
Event: 444.851 Thread 0x0000020a5d793000 Exception <a 'sun/nio/fs/WindowsException'{0x00000000901cef60}> (0x00000000901cef60) thrown at [./src/hotspot/share/prims/jni.cpp, line 615]
Event: 444.854 Thread 0x0000020a5d793000 Exception <a 'sun/nio/fs/WindowsException'{0x00000000901db920}> (0x00000000901db920) thrown at [./src/hotspot/share/prims/jni.cpp, line 615]
Event: 444.856 Thread 0x0000020a5d793000 Exception <a 'sun/nio/fs/WindowsException'{0x00000000901e4758}> (0x00000000901e4758) thrown at [./src/hotspot/share/prims/jni.cpp, line 615]
Event: 444.859 Thread 0x0000020a5d793000 Exception <a 'sun/nio/fs/WindowsException'{0x00000000901ed470}> (0x00000000901ed470) thrown at [./src/hotspot/share/prims/jni.cpp, line 615]
Event: 445.798 Thread 0x0000020a6199d800 Exception <a 'sun/nio/fs/WindowsException'{0x000000008f4ac478}> (0x000000008f4ac478) thrown at [./src/hotspot/share/prims/jni.cpp, line 615]
Event: 445.798 Thread 0x0000020a5d793000 Exception <a 'sun/nio/fs/WindowsException'{0x000000008f5b8738}> (0x000000008f5b8738) thrown at [./src/hotspot/share/prims/jni.cpp, line 615]
Event: 445.798 Thread 0x0000020a619a5000 Exception <a 'sun/nio/fs/WindowsException'{0x000000008f4b9a50}> (0x000000008f4b9a50) thrown at [./src/hotspot/share/prims/jni.cpp, line 615]
Event: 445.807 Thread 0x0000020a5fe6c000 Exception <a 'sun/nio/fs/WindowsException'{0x000000008f3ba398}> (0x000000008f3ba398) thrown at [./src/hotspot/share/prims/jni.cpp, line 615]
Event: 445.831 Thread 0x0000020a6199e800 Exception <a 'sun/nio/fs/WindowsException'{0x000000008fac3b48}> (0x000000008fac3b48) thrown at [./src/hotspot/share/prims/jni.cpp, line 615]
Event: 445.850 Thread 0x0000020a60df3800 Exception <a 'sun/nio/fs/WindowsException'{0x000000008f265770}> (0x000000008f265770) thrown at [./src/hotspot/share/prims/jni.cpp, line 615]
Event: 445.928 Thread 0x0000020a60df3800 Exception <a 'sun/nio/fs/WindowsException'{0x000000008e285e48}> (0x000000008e285e48) thrown at [./src/hotspot/share/prims/jni.cpp, line 615]
Event: 445.937 Thread 0x0000020a6199e800 Exception <a 'sun/nio/fs/WindowsException'{0x000000008e36b408}> (0x000000008e36b408) thrown at [./src/hotspot/share/prims/jni.cpp, line 615]
Event: 445.941 Thread 0x0000020a60df3800 Exception <a 'sun/nio/fs/WindowsException'{0x000000008e1cdcb8}> (0x000000008e1cdcb8) thrown at [./src/hotspot/share/prims/jni.cpp, line 615]
Event: 445.954 Thread 0x0000020a5d793000 Exception <a 'sun/nio/fs/WindowsException'{0x000000008de36840}> (0x000000008de36840) thrown at [./src/hotspot/share/prims/jni.cpp, line 615]
Event: 445.967 Thread 0x0000020a60df3800 Exception <a 'sun/nio/fs/WindowsException'{0x000000008dc50078}> (0x000000008dc50078) thrown at [./src/hotspot/share/prims/jni.cpp, line 615]
Event: 445.996 Thread 0x0000020a619a5000 Exception <a 'sun/nio/fs/WindowsException'{0x000000008dad3880}> (0x000000008dad3880) thrown at [./src/hotspot/share/prims/jni.cpp, line 615]
Event: 446.071 Thread 0x0000020a5fe6c000 Exception <a 'sun/nio/fs/WindowsException'{0x000000008cf34200}> (0x000000008cf34200) thrown at [./src/hotspot/share/prims/jni.cpp, line 615]
Event: 446.178 Thread 0x0000020a6199d000 Exception <a 'sun/nio/fs/WindowsException'{0x0000000091882450}> (0x0000000091882450) thrown at [./src/hotspot/share/prims/jni.cpp, line 615]

Events (20 events):
Event: 446.201 loading class com/android/tools/r8/graph/M$b$a done
Event: 446.202 loading class com/android/tools/r8/internal/rR0
Event: 446.202 loading class com/android/tools/r8/internal/rR0 done
Event: 446.204 loading class com/android/tools/r8/internal/Cp1
Event: 446.204 loading class com/android/tools/r8/internal/Cp1 done
Event: 446.204 loading class com/android/tools/r8/internal/Cp1
Event: 446.204 loading class com/android/tools/r8/internal/Cp1 done
Event: 446.204 loading class com/android/tools/r8/internal/Bp1
Event: 446.204 loading class com/android/tools/r8/internal/Bp1 done
Event: 446.204 loading class com/android/tools/r8/graph/M$b
Event: 446.204 loading class com/android/tools/r8/graph/M$b done
Event: 446.204 loading class com/android/tools/r8/graph/M$b
Event: 446.204 loading class com/android/tools/r8/graph/M$b done
Event: 446.205 loading class com/android/tools/r8/graph/M$b
Event: 446.205 loading class com/android/tools/r8/graph/M$b done
Event: 446.205 loading class com/android/tools/r8/graph/M$b
Event: 446.205 loading class com/android/tools/r8/graph/M$b done
Event: 446.217 Executing VM operation: G1CollectForAllocation
Event: 446.226 Executing VM operation: G1CollectForAllocation done
Event: 446.231 Executing VM operation: G1CollectForAllocation


Dynamic libraries:
0x00007ff661880000 - 0x00007ff66188a000 	D:\Media\Android Studio\jre\bin\java.exe
0x00007ffe8b3b0000 - 0x00007ffe8b5a5000 	C:\Windows\SYSTEM32\ntdll.dll
0x00007ffe89a60000 - 0x00007ffe89b1e000 	C:\Windows\System32\KERNEL32.DLL
0x00007ffe88e40000 - 0x00007ffe89108000 	C:\Windows\System32\KERNELBASE.dll
0x00007ffe891b0000 - 0x00007ffe892b0000 	C:\Windows\System32\ucrtbase.dll
0x00007ffe75910000 - 0x00007ffe75929000 	D:\Media\Android Studio\jre\bin\jli.dll
0x00007ffe89b90000 - 0x00007ffe89d30000 	C:\Windows\System32\USER32.dll
0x00007ffe6c4b0000 - 0x00007ffe6c74a000 	C:\Windows\WinSxS\amd64_microsoft.windows.common-controls_6595b64144ccf1df_6.0.19041.1110_none_60b5254171f9507e\COMCTL32.dll
0x00007ffe89dc0000 - 0x00007ffe89e5e000 	C:\Windows\System32\msvcrt.dll
0x00007ffe89180000 - 0x00007ffe891a2000 	C:\Windows\System32\win32u.dll
0x00007ffe8a5b0000 - 0x00007ffe8a5da000 	C:\Windows\System32\GDI32.dll
0x00007ffe892b0000 - 0x00007ffe893bb000 	C:\Windows\System32\gdi32full.dll
0x00007ffe88cf0000 - 0x00007ffe88d8d000 	C:\Windows\System32\msvcp_win.dll
0x00007ffe756f0000 - 0x00007ffe75707000 	D:\Media\Android Studio\jre\bin\VCRUNTIME140.dll
0x00007ffe8b230000 - 0x00007ffe8b260000 	C:\Windows\System32\IMM32.DLL
0x00007ffe4b250000 - 0x00007ffe4b2ed000 	D:\Media\Android Studio\jre\bin\msvcp140.dll
0x00007ffe39b60000 - 0x00007ffe3a635000 	D:\Media\Android Studio\jre\bin\server\jvm.dll
0x00007ffe89410000 - 0x00007ffe894be000 	C:\Windows\System32\ADVAPI32.dll
0x00007ffe89f10000 - 0x00007ffe89fac000 	C:\Windows\System32\sechost.dll
0x00007ffe8a710000 - 0x00007ffe8a835000 	C:\Windows\System32\RPCRT4.dll
0x00007ffe8b220000 - 0x00007ffe8b228000 	C:\Windows\System32\PSAPI.DLL
0x00007ffe84140000 - 0x00007ffe84167000 	C:\Windows\SYSTEM32\WINMM.dll
0x00007ffe800f0000 - 0x00007ffe800fa000 	C:\Windows\SYSTEM32\VERSION.dll
0x00007ffe5c730000 - 0x00007ffe5c739000 	C:\Windows\SYSTEM32\WSOCK32.dll
0x00007ffe8a960000 - 0x00007ffe8a9cb000 	C:\Windows\System32\ws2_32.DLL
0x00007ffe873b0000 - 0x00007ffe873c2000 	C:\Windows\SYSTEM32\kernel.appcore.dll
0x00007ffe758e0000 - 0x00007ffe758f1000 	D:\Media\Android Studio\jre\bin\verify.dll
0x00007ffe86e30000 - 0x00007ffe87014000 	C:\Windows\SYSTEM32\DBGHELP.DLL
0x00007ffe79c60000 - 0x00007ffe79c8c000 	C:\Windows\SYSTEM32\dbgcore.DLL
0x00007ffe88ad0000 - 0x00007ffe88b52000 	C:\Windows\System32\bcryptPrimitives.dll
0x00007ffe4b520000 - 0x00007ffe4b549000 	D:\Media\Android Studio\jre\bin\java.dll
0x00007ffe83c60000 - 0x00007ffe83c6b000 	D:\Media\Android Studio\jre\bin\jimage.dll
0x00007ffe6ad30000 - 0x00007ffe6ad48000 	D:\Media\Android Studio\jre\bin\zip.dll
0x00007ffe8a9d0000 - 0x00007ffe8b114000 	C:\Windows\System32\SHELL32.dll
0x00007ffe865c0000 - 0x00007ffe86d54000 	C:\Windows\SYSTEM32\windows.storage.dll
0x00007ffe8a090000 - 0x00007ffe8a3e4000 	C:\Windows\System32\combase.dll
0x00007ffe88470000 - 0x00007ffe8849c000 	C:\Windows\SYSTEM32\Wldp.dll
0x00007ffe8b2c0000 - 0x00007ffe8b36d000 	C:\Windows\System32\SHCORE.dll
0x00007ffe8b260000 - 0x00007ffe8b2b5000 	C:\Windows\System32\shlwapi.dll
0x00007ffe88a10000 - 0x00007ffe88a2f000 	C:\Windows\SYSTEM32\profapi.dll
0x00007ffe653f0000 - 0x00007ffe6540a000 	D:\Media\Android Studio\jre\bin\net.dll
0x00007ffe7b340000 - 0x00007ffe7b44a000 	C:\Windows\SYSTEM32\WINHTTP.dll
0x00007ffe881d0000 - 0x00007ffe8823a000 	C:\Windows\system32\mswsock.dll
0x00007ffe64c50000 - 0x00007ffe64c64000 	D:\Media\Android Studio\jre\bin\nio.dll
0x00007ffe75a60000 - 0x00007ffe75a87000 	C:\Users\Kiko\.gradle\native\e1d6ef7f7dcc3fd88c89a11ec53ec762bb8ba0a96d01ffa2cd45eb1d1d8dd5c5\windows-amd64\native-platform.dll
0x00007ffe419c0000 - 0x00007ffe41b04000 	C:\Users\Kiko\.gradle\native\5664cfc778a61ccfe75a443a1ab52a65af34e5dc3c78e0209fed803814484fcb\windows-amd64\native-platform-file-events.dll
0x00007ffe83c20000 - 0x00007ffe83c2a000 	D:\Media\Android Studio\jre\bin\management.dll
0x00007ffe7a5c0000 - 0x00007ffe7a5cd000 	D:\Media\Android Studio\jre\bin\management_ext.dll
0x00007ffe883d0000 - 0x00007ffe883e8000 	C:\Windows\SYSTEM32\CRYPTSP.dll
0x00007ffe87b50000 - 0x00007ffe87b84000 	C:\Windows\system32\rsaenh.dll
0x00007ffe88cc0000 - 0x00007ffe88ce7000 	C:\Windows\System32\bcrypt.dll
0x00007ffe889d0000 - 0x00007ffe889fe000 	C:\Windows\SYSTEM32\USERENV.dll
0x00007ffe883c0000 - 0x00007ffe883cc000 	C:\Windows\SYSTEM32\CRYPTBASE.dll
0x00007ffe87ec0000 - 0x00007ffe87efb000 	C:\Windows\SYSTEM32\IPHLPAPI.DLL
0x00007ffe89b20000 - 0x00007ffe89b28000 	C:\Windows\System32\NSI.dll
0x00007ffe80250000 - 0x00007ffe80267000 	C:\Windows\SYSTEM32\dhcpcsvc6.DLL
0x00007ffe804b0000 - 0x00007ffe804cd000 	C:\Windows\SYSTEM32\dhcpcsvc.DLL
0x00007ffe87f00000 - 0x00007ffe87fcb000 	C:\Windows\SYSTEM32\DNSAPI.dll
0x00007ffe877e0000 - 0x00007ffe87813000 	C:\Windows\SYSTEM32\ntmarta.dll
0x00007ffe6add0000 - 0x00007ffe6adee000 	C:\Users\Kiko\AppData\Local\Temp\native-platform12312912735199514628dir\native-platform.dll
0x00007ffe83ca0000 - 0x00007ffe83ca8000 	D:\Media\Android Studio\jre\bin\rmi.dll

dbghelp: loaded successfully - version: 4.0.5 - missing functions: none
symbol engine: initialized successfully - sym options: 0x614 - pdb path: .;D:\Media\Android Studio\jre\bin;C:\Windows\SYSTEM32;C:\Windows\WinSxS\amd64_microsoft.windows.common-controls_6595b64144ccf1df_6.0.19041.1110_none_60b5254171f9507e;D:\Media\Android Studio\jre\bin\server;C:\Users\Kiko\.gradle\native\e1d6ef7f7dcc3fd88c89a11ec53ec762bb8ba0a96d01ffa2cd45eb1d1d8dd5c5\windows-amd64;C:\Users\Kiko\.gradle\native\5664cfc778a61ccfe75a443a1ab52a65af34e5dc3c78e0209fed803814484fcb\windows-amd64;C:\Users\Kiko\AppData\Local\Temp\native-platform12312912735199514628dir

VM Arguments:
jvm_args: --add-opens=java.base/java.util=ALL-UNNAMED --add-opens=java.base/java.lang=ALL-UNNAMED --add-opens=java.base/java.lang.invoke=ALL-UNNAMED --add-opens=java.base/java.util=ALL-UNNAMED --add-opens=java.prefs/java.util.prefs=ALL-UNNAMED --add-opens=java.prefs/java.util.prefs=ALL-UNNAMED --add-opens=java.base/java.nio.charset=ALL-UNNAMED --add-opens=java.base/java.net=ALL-UNNAMED --add-opens=java.base/java.util.concurrent.atomic=ALL-UNNAMED -Xmx2048m -Dfile.encoding=UTF-8 -Duser.country=RU -Duser.language=ru -Duser.variant 
java_command: org.gradle.launcher.daemon.bootstrap.GradleDaemon 7.2
java_class_path (initial): C:\Users\Kiko\.gradle\wrapper\dists\gradle-7.2-bin\2dnblmf4td7x66yl1d74lt32g\gradle-7.2\lib\gradle-launcher-7.2.jar
Launcher Type: SUN_STANDARD

[Global flags]
     intx CICompilerCount                          = 4                                         {product} {ergonomic}
     uint ConcGCThreads                            = 2                                         {product} {ergonomic}
     uint G1ConcRefinementThreads                  = 8                                         {product} {ergonomic}
   size_t G1HeapRegionSize                         = 1048576                                   {product} {ergonomic}
    uintx GCDrainStackTargetSize                   = 64                                        {product} {ergonomic}
   size_t InitialHeapSize                          = 117440512                                 {product} {ergonomic}
   size_t MarkStackSize                            = 4194304                                   {product} {ergonomic}
   size_t MaxHeapSize                              = 2147483648                                {product} {command line}
   size_t MaxNewSize                               = 1287651328                                {product} {ergonomic}
   size_t MinHeapDeltaBytes                        = 1048576                                   {product} {ergonomic}
    uintx NonNMethodCodeHeapSize                   = 5836300                                {pd product} {ergonomic}
    uintx NonProfiledCodeHeapSize                  = 122910970                              {pd product} {ergonomic}
    uintx ProfiledCodeHeapSize                     = 122910970                              {pd product} {ergonomic}
    uintx ReservedCodeCacheSize                    = 251658240                              {pd product} {ergonomic}
     bool SegmentedCodeCache                       = true                                      {product} {ergonomic}
     bool UseCompressedClassPointers               = true                                 {lp64_product} {ergonomic}
     bool UseCompressedOops                        = true                                 {lp64_product} {ergonomic}
     bool UseG1GC                                  = true                                      {product} {ergonomic}
     bool UseLargePagesIndividualAllocation        = false                                  {pd product} {ergonomic}

Logging:
Log output configuration:
 #0: stdout all=warning uptime,level,tags
 #1: stderr all=off uptime,level,tags

Environment Variables:
PATH=C:\Program Files\Common Files\Oracle\Java\javapath;C:\Windows\system32;C:\Windows;C:\Windows\System32\Wbem;C:\Windows\System32\WindowsPowerShell\v1.0\;C:\Windows\System32\OpenSSH\;C:\Program Files\dotnet\;D:\Media\Git\cmd;C:\Users\Kiko\AppData\Local\Programs\Python\Python310\Scripts\;C:\Users\Kiko\AppData\Local\Programs\Python\Python310\;C:\Users\Kiko\AppData\Local\Microsoft\WindowsApps;D:\Media\Microsoft VS Code\bin;C:\Users\Kiko\.dotnet\tools;C:\Users\Kiko\AppData\Local\GitHubDesktop\bin
USERNAME=Kiko
OS=Windows_NT
PROCESSOR_IDENTIFIER=AMD64 Family 23 Model 24 Stepping 1, AuthenticAMD



---------------  S Y S T E M  ---------------

OS: Windows 10 , 64 bit Build 19041 (10.0.19041.1645)
OS uptime: 9 days 6:53 hours

CPU:total 8 (initial active 8) (8 cores per cpu, 2 threads per core) family 23 model 24 stepping 1 microcode 0x0, cmov, cx8, fxsr, mmx, sse, sse2, sse3, ssse3, sse4.1, sse4.2, popcnt, avx, avx2, aes, clmul, mmxext, 3dnowpref, lzcnt, sse4a, ht, tsc, tscinvbit, tscinv, bmi1, bmi2, adx, s

Memory: 4k page, system-wide physical 7103M (380M free)
TotalPageFile size 15230M (AvailPageFile size 7M)
current process WorkingSet (physical memory assigned to process): 663M, peak: 666M
current process commit charge ("private bytes"): 704M, peak: 764M

vm_info: OpenJDK 64-Bit Server VM (11.0.11+9-b60-7590822) for windows-amd64 JRE (11.0.11+9-b60-7590822), built on Jul 29 2021 21:43:44 by "builder" with MS VC++ 14.0 (VS2015)

END.
