#
# There is insufficient memory for the Java Runtime Environment to continue.
# Native memory allocation (mmap) failed to map 117440512 bytes for Failed to commit area from 0x0000000091000000 to 0x0000000098000000 of length 117440512.
# Possible reasons:
#   The system is out of physical RAM or swap space
#   The process is running with CompressedOops enabled, and the Java Heap may be blocking the growth of the native heap
# Possible solutions:
#   Reduce memory load on the system
#   Increase physical memory or swap space
#   Check if swap backing store is full
#   Decrease Java heap size (-Xmx/-Xms)
#   Decrease number of Java threads
#   Decrease Java thread stack sizes (-Xss)
#   Set larger code cache with -XX:ReservedCodeCacheSize=
# This output file may be truncated or incomplete.
#
#  Out of Memory Error (./src/hotspot/os/windows/os_windows.cpp:3301), pid=15260, tid=19616
#
# JRE version:  (11.0.11+9) (build )
# Java VM: OpenJDK 64-Bit Server VM (11.0.11+9-b60-7590822, mixed mode, sharing, tiered, compressed oops, g1 gc, windows-amd64)
# No core dump will be written. Minidumps are not enabled by default on client versions of Windows
#

---------------  S U M M A R Y ------------

Command Line: org.jetbrains.git4idea.http.GitAskPassApp Username for 'https://github.com': 

Host: AMD Ryzen 5 3500U with Radeon Vega Mobile Gfx  , 8 cores, 6G,  Windows 10 , 64 bit Build 19041 (10.0.19041.1503)
Time: Thu Mar 24 00:48:02 2022 RTZ 2 (зима) elapsed time: 0.014762 seconds (0d 0h 0m 0s)

---------------  T H R E A D  ---------------

Current thread (0x00000249a5da8000):  JavaThread "Unknown thread" [_thread_in_vm, id=19616, stack(0x000000bebb400000,0x000000bebb500000)]

Stack: [0x000000bebb400000,0x000000bebb500000]
Native frames: (J=compiled Java code, j=interpreted, Vv=VM code, C=native code)
V  [jvm.dll+0x5f214a]
V  [jvm.dll+0x726fb5]
V  [jvm.dll+0x7285cd]
V  [jvm.dll+0x728c83]
V  [jvm.dll+0x243278]
V  [jvm.dll+0x5ef544]
V  [jvm.dll+0x5e4495]
V  [jvm.dll+0x2fec5b]
V  [jvm.dll+0x2febca]
V  [jvm.dll+0x2feaa2]
V  [jvm.dll+0x303986]
V  [jvm.dll+0x34c3a3]
V  [jvm.dll+0x34caa6]
V  [jvm.dll+0x34c4a3]
V  [jvm.dll+0x2d9688]
V  [jvm.dll+0x2da837]
V  [jvm.dll+0x705ba7]
V  [jvm.dll+0x70739c]
V  [jvm.dll+0x3598f9]
V  [jvm.dll+0x6e931e]
V  [jvm.dll+0x3c1c43]
V  [jvm.dll+0x3c3e81]
C  [jli.dll+0x5373]
C  [ucrtbase.dll+0x21bb2]
C  [KERNEL32.DLL+0x17034]
C  [ntdll.dll+0x52651]


---------------  P R O C E S S  ---------------

Threads class SMR info:
_java_thread_list=0x00000249a440f080, length=0, elements={
}

Java Threads: ( => current thread )

Other Threads:
  0x00000249a5dc1000 GCTaskThread "GC Thread#0" [stack: 0x000000bebb500000,0x000000bebb600000] [id=19080]
  0x00000249a5ded800 ConcurrentGCThread "G1 Main Marker" [stack: 0x000000bebb600000,0x000000bebb700000] [id=18512]
  0x00000249a5def000 ConcurrentGCThread "G1 Conc#0" [stack: 0x000000bebb700000,0x000000bebb800000] [id=8536]

[error occurred during error reporting (printing all threads), id 0xc0000005, EXCEPTION_ACCESS_VIOLATION (0xc0000005) at pc=0x00007ffafec79c47]

VM state:not at safepoint (not fully initialized)

VM Mutex/Monitor currently owned by a thread:  ([mutex/lock_event])
[0x00000249a5da6690] Heap_lock - owner thread: 0x00000249a5da8000

Heap address: 0x0000000091000000, size: 1776 MB, Compressed Oops mode: Non-zero based: 0x0000000091000000
Narrow klass base: 0x0000000000000000, Narrow klass shift: 0

GC Heap History (0 events):
No events

Deoptimization events (0 events):
No events

Classes redefined (0 events):
No events

Internal exceptions (0 events):
No events

Events (1 events):
Event: 0.009 Loaded shared library D:\Media\Android Studio\jre\bin\zip.dll


Dynamic libraries:
0x00007ff7d2b90000 - 0x00007ff7d2b9a000 	D:\Media\Android Studio\jre\bin\java.exe
0x00007ffb5fc50000 - 0x00007ffb5fe45000 	C:\Windows\SYSTEM32\ntdll.dll
0x00007ffb5f170000 - 0x00007ffb5f22e000 	C:\Windows\System32\KERNEL32.DLL
0x00007ffb5d870000 - 0x00007ffb5db38000 	C:\Windows\System32\KERNELBASE.dll
0x00007ffb5d560000 - 0x00007ffb5d660000 	C:\Windows\System32\ucrtbase.dll
0x00007ffb46f80000 - 0x00007ffb46f97000 	D:\Media\Android Studio\jre\bin\VCRUNTIME140.dll
0x00007ffb46fa0000 - 0x00007ffb46fb9000 	D:\Media\Android Studio\jre\bin\jli.dll
0x00007ffb5e5f0000 - 0x00007ffb5e790000 	C:\Windows\System32\USER32.dll
0x00007ffb3aa40000 - 0x00007ffb3acda000 	C:\Windows\WinSxS\amd64_microsoft.windows.common-controls_6595b64144ccf1df_6.0.19041.1110_none_60b5254171f9507e\COMCTL32.dll
0x00007ffb5db40000 - 0x00007ffb5db62000 	C:\Windows\System32\win32u.dll
0x00007ffb5e010000 - 0x00007ffb5e0ae000 	C:\Windows\System32\msvcrt.dll
0x00007ffb5f140000 - 0x00007ffb5f16b000 	C:\Windows\System32\GDI32.dll
0x00007ffb5d6f0000 - 0x00007ffb5d7fd000 	C:\Windows\System32\gdi32full.dll
0x00007ffb5d360000 - 0x00007ffb5d3fd000 	C:\Windows\System32\msvcp_win.dll
0x00007ffb5dca0000 - 0x00007ffb5dcd0000 	C:\Windows\System32\IMM32.DLL
0x00007ffb28ed0000 - 0x00007ffb28f6d000 	D:\Media\Android Studio\jre\bin\msvcp140.dll
0x00007ffafe990000 - 0x00007ffaff465000 	D:\Media\Android Studio\jre\bin\server\jvm.dll
0x00007ffb5e390000 - 0x00007ffb5e43e000 	C:\Windows\System32\ADVAPI32.dll
0x00007ffb5e8c0000 - 0x00007ffb5e95c000 	C:\Windows\System32\sechost.dll
0x00007ffb5e790000 - 0x00007ffb5e8b5000 	C:\Windows\System32\RPCRT4.dll
0x00007ffb5e130000 - 0x00007ffb5e138000 	C:\Windows\System32\PSAPI.DLL
0x00007ffb39420000 - 0x00007ffb39429000 	C:\Windows\SYSTEM32\WSOCK32.dll
0x00007ffb589e0000 - 0x00007ffb58a07000 	C:\Windows\SYSTEM32\WINMM.dll
0x00007ffb54720000 - 0x00007ffb5472a000 	C:\Windows\SYSTEM32\VERSION.dll
0x00007ffb5f250000 - 0x00007ffb5f2bb000 	C:\Windows\System32\WS2_32.dll
0x00007ffb5bc10000 - 0x00007ffb5bc22000 	C:\Windows\SYSTEM32\kernel.appcore.dll
0x00007ffb55930000 - 0x00007ffb55941000 	D:\Media\Android Studio\jre\bin\verify.dll
0x00007ffb5b690000 - 0x00007ffb5b874000 	C:\Windows\SYSTEM32\DBGHELP.DLL
0x00007ffb4a6b0000 - 0x00007ffb4a6dc000 	C:\Windows\SYSTEM32\dbgcore.DLL
0x00007ffb5d660000 - 0x00007ffb5d6e2000 	C:\Windows\System32\bcryptPrimitives.dll
0x00007ffb47040000 - 0x00007ffb47069000 	D:\Media\Android Studio\jre\bin\java.dll
0x00007ffb5a280000 - 0x00007ffb5a28b000 	D:\Media\Android Studio\jre\bin\jimage.dll
0x00007ffb4cfb0000 - 0x00007ffb4cfc8000 	D:\Media\Android Studio\jre\bin\zip.dll

dbghelp: loaded successfully - version: 4.0.5 - missing functions: none
symbol engine: initialized successfully - sym options: 0x614 - pdb path: .;D:\Media\Android Studio\jre\bin;C:\Windows\SYSTEM32;C:\Windows\WinSxS\amd64_microsoft.windows.common-controls_6595b64144ccf1df_6.0.19041.1110_none_60b5254171f9507e;D:\Media\Android Studio\jre\bin\server

VM Arguments:
java_command: org.jetbrains.git4idea.http.GitAskPassApp Username for 'https://github.com': 
java_class_path (initial): D:/Media/Android Studio/plugins/git4idea/lib/git4idea-rt.jar;D:/Media/Android Studio/lib/xmlrpc-2.0.1.jar;D:/Media/Android Studio/lib/commons-codec-1.15.jar
Launcher Type: SUN_STANDARD

[Global flags]
     intx CICompilerCount                          = 4                                         {product} {ergonomic}
     uint ConcGCThreads                            = 2                                         {product} {ergonomic}
     uint G1ConcRefinementThreads                  = 8                                         {product} {ergonomic}
   size_t G1HeapRegionSize                         = 1048576                                   {product} {ergonomic}
    uintx GCDrainStackTargetSize                   = 64                                        {product} {ergonomic}
   size_t InitialHeapSize                          = 117440512                                 {product} {ergonomic}
   size_t MarkStackSize                            = 4194304                                   {product} {ergonomic}
   size_t MaxHeapSize                              = 1862270976                                {product} {ergonomic}
   size_t MinHeapDeltaBytes                        = 1048576                                   {product} {ergonomic}
    uintx NonNMethodCodeHeapSize                   = 5836300                                {pd product} {ergonomic}
    uintx NonProfiledCodeHeapSize                  = 122910970                              {pd product} {ergonomic}
    uintx ProfiledCodeHeapSize                     = 122910970                              {pd product} {ergonomic}
    uintx ReservedCodeCacheSize                    = 251658240                              {pd product} {ergonomic}
     bool SegmentedCodeCache                       = true                                      {product} {ergonomic}
     bool UseCompressedClassPointers               = true                                 {lp64_product} {ergonomic}
     bool UseCompressedOops                        = true                                 {lp64_product} {ergonomic}
     bool UseG1GC                                  = true                                      {product} {ergonomic}
     bool UseLargePagesIndividualAllocation        = false                                  {pd product} {ergonomic}

Logging:
Log output configuration:
 #0: stdout all=warning uptime,level,tags
 #1: stderr all=off uptime,level,tags

Environment Variables:
PATH=D:/Media/Git/mingw64/libexec/git-core;D:/Media/Git/mingw64/libexec/git-core;D:\Media\Git\mingw64\bin;D:\Media\Git\usr\bin;C:\Users\Kiko\bin;C:\Program Files\Common Files\Oracle\Java\javapath;C:\Windows\system32;C:\Windows;C:\Windows\System32\Wbem;C:\Windows\System32\WindowsPowerShell\v1.0\;C:\Windows\System32\OpenSSH\;C:\Program Files\dotnet\;D:\Media\Git\cmd;C:\Users\Kiko\AppData\Local\Programs\Python\Python310\Scripts\;C:\Users\Kiko\AppData\Local\Programs\Python\Python310\;C:\Users\Kiko\AppData\Local\Microsoft\WindowsApps;D:\Media\Microsoft VS Code\bin;C:\Users\Kiko\.dotnet\tools;C:\Users\Kiko\AppData\Local\GitHubDesktop\bin
USERNAME=Kiko
DISPLAY=:0.0
LC_ALL=en_US.UTF-8
OS=Windows_NT
PROCESSOR_IDENTIFIER=AMD64 Family 23 Model 24 Stepping 1, AuthenticAMD



---------------  S Y S T E M  ---------------

OS: Windows 10 , 64 bit Build 19041 (10.0.19041.1503)
OS uptime: 1 days 15:38 hours

CPU:total 8 (initial active 8) (8 cores per cpu, 2 threads per core) family 23 model 24 stepping 1 microcode 0x0, cmov, cx8, fxsr, mmx, sse, sse2, sse3, ssse3, sse4.1, sse4.2, popcnt, avx, avx2, aes, clmul, mmxext, 3dnowpref, lzcnt, sse4a, ht, tsc, tscinvbit, tscinv, bmi1, bmi2, adx, s

Memory: 4k page, system-wide physical 7103M (576M free)
TotalPageFile size 12600M (AvailPageFile size 8M)
current process WorkingSet (physical memory assigned to process): 10M, peak: 10M
current process commit charge ("private bytes"): 59M, peak: 171M

vm_info: OpenJDK 64-Bit Server VM (11.0.11+9-b60-7590822) for windows-amd64 JRE (11.0.11+9-b60-7590822), built on Jul 29 2021 21:43:44 by "builder" with MS VC++ 14.0 (VS2015)

END.
